[2018-01-29 19:48:35,546 - DEBUG mysql_handle.py:17 - connect]: user: root, passwd:reload123, host:192.168.1.12, port:3306
Num of examples: 500000
Processing 0/500000!!!!
Processing 1000/500000!!!!
Processing 2000/500000!!!!
Processing 3000/500000!!!!
Processing 4000/500000!!!!
Processing 5000/500000!!!!
Processing 6000/500000!!!!
Processing 7000/500000!!!!
Processing 8000/500000!!!!
Processing 9000/500000!!!!
Processing 10000/500000!!!!
Processing 11000/500000!!!!
Processing 12000/500000!!!!
Processing 13000/500000!!!!
Processing 14000/500000!!!!
Processing 15000/500000!!!!
Processing 16000/500000!!!!
Processing 17000/500000!!!!
Processing 18000/500000!!!!
Processing 19000/500000!!!!
Processing 20000/500000!!!!
Processing 21000/500000!!!!
Processing 22000/500000!!!!
Processing 23000/500000!!!!
Processing 24000/500000!!!!
Processing 25000/500000!!!!
Processing 26000/500000!!!!
Processing 27000/500000!!!!
Processing 28000/500000!!!!
Processing 29000/500000!!!!
Processing 30000/500000!!!!
Processing 31000/500000!!!!
Processing 32000/500000!!!!
Processing 33000/500000!!!!
Processing 34000/500000!!!!
Processing 35000/500000!!!!
Processing 36000/500000!!!!
Processing 37000/500000!!!!
Processing 38000/500000!!!!
Processing 39000/500000!!!!
Processing 40000/500000!!!!
Processing 41000/500000!!!!
Processing 42000/500000!!!!
Processing 43000/500000!!!!
Processing 44000/500000!!!!
Processing 45000/500000!!!!
Processing 46000/500000!!!!
Processing 47000/500000!!!!
Processing 48000/500000!!!!
Processing 49000/500000!!!!
Processing 50000/500000!!!!
Processing 51000/500000!!!!
Processing 52000/500000!!!!
Processing 53000/500000!!!!
Processing 54000/500000!!!!
Processing 55000/500000!!!!
Processing 56000/500000!!!!
Processing 57000/500000!!!!
Processing 58000/500000!!!!
Processing 59000/500000!!!!
Processing 60000/500000!!!!
Processing 61000/500000!!!!
Processing 62000/500000!!!!
Processing 63000/500000!!!!
Processing 64000/500000!!!!
Processing 65000/500000!!!!
Processing 66000/500000!!!!
Processing 67000/500000!!!!
Processing 68000/500000!!!!
Processing 69000/500000!!!!
Processing 70000/500000!!!!
Processing 71000/500000!!!!
Processing 72000/500000!!!!
Processing 73000/500000!!!!
Processing 74000/500000!!!!
Processing 75000/500000!!!!
Processing 76000/500000!!!!
Processing 77000/500000!!!!
Processing 78000/500000!!!!
Processing 79000/500000!!!!
Processing 80000/500000!!!!
Processing 81000/500000!!!!
Processing 82000/500000!!!!
Processing 83000/500000!!!!
Processing 84000/500000!!!!
Processing 85000/500000!!!!
Processing 86000/500000!!!!
Processing 87000/500000!!!!
Processing 88000/500000!!!!
Processing 89000/500000!!!!
Processing 90000/500000!!!!
Processing 91000/500000!!!!
Processing 92000/500000!!!!
Processing 93000/500000!!!!
Processing 94000/500000!!!!
Processing 95000/500000!!!!
Processing 96000/500000!!!!
Processing 97000/500000!!!!
Processing 98000/500000!!!!
Processing 99000/500000!!!!
Processing 100000/500000!!!!
Processing 101000/500000!!!!
Processing 102000/500000!!!!
Processing 103000/500000!!!!
Processing 104000/500000!!!!
Processing 105000/500000!!!!
Processing 106000/500000!!!!
Processing 107000/500000!!!!
Processing 108000/500000!!!!
Processing 109000/500000!!!!
Processing 110000/500000!!!!
Processing 111000/500000!!!!
Processing 112000/500000!!!!
Processing 113000/500000!!!!
Processing 114000/500000!!!!
Processing 115000/500000!!!!
Processing 116000/500000!!!!
Processing 117000/500000!!!!
Processing 118000/500000!!!!
Processing 119000/500000!!!!
Processing 120000/500000!!!!
Processing 121000/500000!!!!
Processing 122000/500000!!!!
Processing 123000/500000!!!!
Processing 124000/500000!!!!
Processing 125000/500000!!!!
Processing 126000/500000!!!!
Processing 127000/500000!!!!
Processing 128000/500000!!!!
Processing 129000/500000!!!!
Processing 130000/500000!!!!
Processing 131000/500000!!!!
Processing 132000/500000!!!!
Processing 133000/500000!!!!
Processing 134000/500000!!!!
Processing 135000/500000!!!!
Processing 136000/500000!!!!
Processing 137000/500000!!!!
Processing 138000/500000!!!!
Processing 139000/500000!!!!
Processing 140000/500000!!!!
Processing 141000/500000!!!!
Processing 142000/500000!!!!
Processing 143000/500000!!!!
Processing 144000/500000!!!!
Processing 145000/500000!!!!
Processing 146000/500000!!!!
Processing 147000/500000!!!!
Processing 148000/500000!!!!
Processing 149000/500000!!!!
Processing 150000/500000!!!!
Processing 151000/500000!!!!
Processing 152000/500000!!!!
Processing 153000/500000!!!!
Processing 154000/500000!!!!
Processing 155000/500000!!!!
Processing 156000/500000!!!!
Processing 157000/500000!!!!
Processing 158000/500000!!!!
Processing 159000/500000!!!!
Processing 160000/500000!!!!
Processing 161000/500000!!!!
Processing 162000/500000!!!!
Processing 163000/500000!!!!
Processing 164000/500000!!!!
Processing 165000/500000!!!!
Processing 166000/500000!!!!
Processing 167000/500000!!!!
Processing 168000/500000!!!!
Processing 169000/500000!!!!
Processing 170000/500000!!!!
Processing 171000/500000!!!!
Processing 172000/500000!!!!
Processing 173000/500000!!!!
Processing 174000/500000!!!!
Processing 175000/500000!!!!
Processing 176000/500000!!!!
Processing 177000/500000!!!!
Processing 178000/500000!!!!
Processing 179000/500000!!!!
Processing 180000/500000!!!!
Processing 181000/500000!!!!
Processing 182000/500000!!!!
Processing 183000/500000!!!!
Processing 184000/500000!!!!
Processing 185000/500000!!!!
Processing 186000/500000!!!!
Processing 187000/500000!!!!
Processing 188000/500000!!!!
Processing 189000/500000!!!!
Processing 190000/500000!!!!
Processing 191000/500000!!!!
Processing 192000/500000!!!!
Processing 193000/500000!!!!
Processing 194000/500000!!!!
Processing 195000/500000!!!!
Processing 196000/500000!!!!
Processing 197000/500000!!!!
Processing 198000/500000!!!!
Processing 199000/500000!!!!
Processing 200000/500000!!!!
Processing 201000/500000!!!!
Processing 202000/500000!!!!
Processing 203000/500000!!!!
Processing 204000/500000!!!!
Processing 205000/500000!!!!
Processing 206000/500000!!!!
Processing 207000/500000!!!!
Processing 208000/500000!!!!
Processing 209000/500000!!!!
Processing 210000/500000!!!!
Processing 211000/500000!!!!
Processing 212000/500000!!!!
Processing 213000/500000!!!!
Processing 214000/500000!!!!
Processing 215000/500000!!!!
Processing 216000/500000!!!!
Processing 217000/500000!!!!
Processing 218000/500000!!!!
Processing 219000/500000!!!!
Processing 220000/500000!!!!
Processing 221000/500000!!!!
Processing 222000/500000!!!!
Processing 223000/500000!!!!
Processing 224000/500000!!!!
Processing 225000/500000!!!!
Processing 226000/500000!!!!
Processing 227000/500000!!!!
Processing 228000/500000!!!!
Processing 229000/500000!!!!
Processing 230000/500000!!!!
Processing 231000/500000!!!!
Processing 232000/500000!!!!
Processing 233000/500000!!!!
Processing 234000/500000!!!!
Processing 235000/500000!!!!
Processing 236000/500000!!!!
Processing 237000/500000!!!!
Processing 238000/500000!!!!
Processing 239000/500000!!!!
Processing 240000/500000!!!!
Processing 241000/500000!!!!
Processing 242000/500000!!!!
Processing 243000/500000!!!!
Processing 244000/500000!!!!
Processing 245000/500000!!!!
Processing 246000/500000!!!!
Processing 247000/500000!!!!
Processing 248000/500000!!!!
Processing 249000/500000!!!!
Processing 250000/500000!!!!
Processing 251000/500000!!!!
Processing 252000/500000!!!!
Processing 253000/500000!!!!
Processing 254000/500000!!!!
Processing 255000/500000!!!!
Processing 256000/500000!!!!
Processing 257000/500000!!!!
Processing 258000/500000!!!!
Processing 259000/500000!!!!
Processing 260000/500000!!!!
Processing 261000/500000!!!!
Processing 262000/500000!!!!
Processing 263000/500000!!!!
Processing 264000/500000!!!!
Processing 265000/500000!!!!
Processing 266000/500000!!!!
Processing 267000/500000!!!!
Processing 268000/500000!!!!
Processing 269000/500000!!!!
Processing 270000/500000!!!!
Processing 271000/500000!!!!
Processing 272000/500000!!!!
Processing 273000/500000!!!!
Processing 274000/500000!!!!
Processing 275000/500000!!!!
Processing 276000/500000!!!!
Processing 277000/500000!!!!
Processing 278000/500000!!!!
Processing 279000/500000!!!!
Processing 280000/500000!!!!
Processing 281000/500000!!!!
Processing 282000/500000!!!!
Processing 283000/500000!!!!
Processing 284000/500000!!!!
Processing 285000/500000!!!!
Processing 286000/500000!!!!
Processing 287000/500000!!!!
Processing 288000/500000!!!!
Processing 289000/500000!!!!
Processing 290000/500000!!!!
Processing 291000/500000!!!!
Processing 292000/500000!!!!
Processing 293000/500000!!!!
Processing 294000/500000!!!!
Processing 295000/500000!!!!
Processing 296000/500000!!!!
Processing 297000/500000!!!!
Processing 298000/500000!!!!
Processing 299000/500000!!!!
Processing 300000/500000!!!!
Processing 301000/500000!!!!
Processing 302000/500000!!!!
Processing 303000/500000!!!!
Processing 304000/500000!!!!
Processing 305000/500000!!!!
Processing 306000/500000!!!!
Processing 307000/500000!!!!
Processing 308000/500000!!!!
Processing 309000/500000!!!!
Processing 310000/500000!!!!
Processing 311000/500000!!!!
Processing 312000/500000!!!!
Processing 313000/500000!!!!
Processing 314000/500000!!!!
Processing 315000/500000!!!!
Processing 316000/500000!!!!
Processing 317000/500000!!!!
Processing 318000/500000!!!!
Processing 319000/500000!!!!
Processing 320000/500000!!!!
Processing 321000/500000!!!!
Processing 322000/500000!!!!
Processing 323000/500000!!!!
Processing 324000/500000!!!!
Processing 325000/500000!!!!
Processing 326000/500000!!!!
Processing 327000/500000!!!!
Processing 328000/500000!!!!
Processing 329000/500000!!!!
Processing 330000/500000!!!!
Processing 331000/500000!!!!
Processing 332000/500000!!!!
Processing 333000/500000!!!!
Processing 334000/500000!!!!
Processing 335000/500000!!!!
Processing 336000/500000!!!!
Processing 337000/500000!!!!
Processing 338000/500000!!!!
Processing 339000/500000!!!!
Processing 340000/500000!!!!
Processing 341000/500000!!!!
Processing 342000/500000!!!!
Processing 343000/500000!!!!
Processing 344000/500000!!!!
Processing 345000/500000!!!!
Processing 346000/500000!!!!
Processing 347000/500000!!!!
Processing 348000/500000!!!!
Processing 349000/500000!!!!
Processing 350000/500000!!!!
Processing 351000/500000!!!!
Processing 352000/500000!!!!
Processing 353000/500000!!!!
Processing 354000/500000!!!!
Processing 355000/500000!!!!
Processing 356000/500000!!!!
Processing 357000/500000!!!!
Processing 358000/500000!!!!
Processing 359000/500000!!!!
Processing 360000/500000!!!!
Processing 361000/500000!!!!
Processing 362000/500000!!!!
Processing 363000/500000!!!!
Processing 364000/500000!!!!
Processing 365000/500000!!!!
Processing 366000/500000!!!!
Processing 367000/500000!!!!
Processing 368000/500000!!!!
Processing 369000/500000!!!!
Processing 370000/500000!!!!
Processing 371000/500000!!!!
Processing 372000/500000!!!!
Processing 373000/500000!!!!
Processing 374000/500000!!!!
Processing 375000/500000!!!!
Processing 376000/500000!!!!
Processing 377000/500000!!!!
Processing 378000/500000!!!!
Processing 379000/500000!!!!
Processing 380000/500000!!!!
Processing 381000/500000!!!!
Processing 382000/500000!!!!
Processing 383000/500000!!!!
Processing 384000/500000!!!!
Processing 385000/500000!!!!
Processing 386000/500000!!!!
Processing 387000/500000!!!!
Processing 388000/500000!!!!
Processing 389000/500000!!!!
Processing 390000/500000!!!!
Processing 391000/500000!!!!
Processing 392000/500000!!!!
Processing 393000/500000!!!!
Processing 394000/500000!!!!
Processing 395000/500000!!!!
Processing 396000/500000!!!!
Processing 397000/500000!!!!
Processing 398000/500000!!!!
Processing 399000/500000!!!!
Processing 400000/500000!!!!
Processing 401000/500000!!!!
Processing 402000/500000!!!!
Processing 403000/500000!!!!
Processing 404000/500000!!!!
Processing 405000/500000!!!!
Processing 406000/500000!!!!
Processing 407000/500000!!!!
Processing 408000/500000!!!!
Processing 409000/500000!!!!
Processing 410000/500000!!!!
Processing 411000/500000!!!!
Processing 412000/500000!!!!
Processing 413000/500000!!!!
Processing 414000/500000!!!!
Processing 415000/500000!!!!
Processing 416000/500000!!!!
Processing 417000/500000!!!!
Processing 418000/500000!!!!
Processing 419000/500000!!!!
Processing 420000/500000!!!!
Processing 421000/500000!!!!
Processing 422000/500000!!!!
Processing 423000/500000!!!!
Processing 424000/500000!!!!
Processing 425000/500000!!!!
Processing 426000/500000!!!!
Processing 427000/500000!!!!
Processing 428000/500000!!!!
Processing 429000/500000!!!!
Processing 430000/500000!!!!
Processing 431000/500000!!!!
Processing 432000/500000!!!!
Processing 433000/500000!!!!
Processing 434000/500000!!!!
Processing 435000/500000!!!!
Processing 436000/500000!!!!
Processing 437000/500000!!!!
Processing 438000/500000!!!!
Processing 439000/500000!!!!
Processing 440000/500000!!!!
Processing 441000/500000!!!!
Processing 442000/500000!!!!
Processing 443000/500000!!!!
Processing 444000/500000!!!!
Processing 445000/500000!!!!
Processing 446000/500000!!!!
Processing 447000/500000!!!!
Processing 448000/500000!!!!
Processing 449000/500000!!!!
Processing 450000/500000!!!!
Processing 451000/500000!!!!
Processing 452000/500000!!!!
Processing 453000/500000!!!!
Processing 454000/500000!!!!
Processing 455000/500000!!!!
Processing 456000/500000!!!!
Processing 457000/500000!!!!
Processing 458000/500000!!!!
Processing 459000/500000!!!!
Processing 460000/500000!!!!
Processing 461000/500000!!!!
Processing 462000/500000!!!!
Processing 463000/500000!!!!
Processing 464000/500000!!!!
Processing 465000/500000!!!!
Processing 466000/500000!!!!
Processing 467000/500000!!!!
Processing 468000/500000!!!!
Processing 469000/500000!!!!
Processing 470000/500000!!!!
Processing 471000/500000!!!!
Processing 472000/500000!!!!
Processing 473000/500000!!!!
Processing 474000/500000!!!!
Processing 475000/500000!!!!
Processing 476000/500000!!!!
Processing 477000/500000!!!!
Processing 478000/500000!!!!
Processing 479000/500000!!!!
Processing 480000/500000!!!!
Processing 481000/500000!!!!
Processing 482000/500000!!!!
Processing 483000/500000!!!!
Processing 484000/500000!!!!
Processing 485000/500000!!!!
Processing 486000/500000!!!!
Processing 487000/500000!!!!
Processing 488000/500000!!!!
Processing 489000/500000!!!!
Processing 490000/500000!!!!
Processing 491000/500000!!!!
Processing 492000/500000!!!!
Processing 493000/500000!!!!
Processing 494000/500000!!!!
Processing 495000/500000!!!!
Processing 496000/500000!!!!
Processing 497000/500000!!!!
Processing 498000/500000!!!!
Processing 499000/500000!!!!
categories statisticals is:  defaultdict(<type 'int'>, {0: 23069, 1: 4796, 2: 3598, 3: 28603, 4: 1643, 5: 19300, 6: 45362, 7: 890, 8: 61530, 9: 356, 10: 5419, 11: 8239, 12: 299, 13: 3578, 14: 5178, 15: 254, 16: 2622, 17: 3975, 18: 23090, 19: 18015, 20: 3032, 21: 3563, 22: 22336, 23: 7878, 24: 16045, 25: 21, 26: 14602, 27: 13251, 28: 234, 29: 501, 30: 304, 31: 16236, 32: 1035, 33: 7849, 34: 5492, 35: 10698, 36: 3316, 37: 34508, 38: 1882, 39: 18348, 40: 7026, 41: 10881, 42: 285, 43: 57, 44: 4684, 45: 5374, 46: 15, 47: 33, 48: 6481, -1: 24217})
[  5202  14129      0      0    302    421   1218      0    712   2600
   1486    110   4860      0      0      0  36506   4993    165  24307
   5168   5128      0    435   2748      0  10909   2326  42087      0
    758    793      0  22653  65873    780  44487 103381      0     85
      0   1355   4349      0    267   1233   1537   5633      0   4457
   9585      0   7656   3961    265    314   1178  30391      0   5366
    623      0  19353   4163   2716   1669    239  24128  20373   1218
      0      0      0      0     21   5215   3647      6   1745      1
   2067   4521   1067   2614   2671      0  15955  18042    507   1218
  14566    563      0    602 133235    404    772   1644   1073      0
      0   6165   1299  30891      0    642    212     17   3387   1196
  38990   1043     25      0   2051   1174      0      0   1765      0
      0      0  21167    780      0      0   2470  27146 147977    218
  27022    164    120   1018    124   4413      2   4566   2102      7
   3391     88    776      0    297   1669     10 136071   1008   7526
      0      0      0      0]
摆件/工艺品 23069
浴室柜 4796
花架 3598
凳 28603
更衣柜 1643
茶几/角几/边桌 19300
衣柜/衣橱 45362
智能家居 890
沙发 61530
报刊架 356
水槽 5419
文件柜 8239
前台 299
龙头/花洒 3578
衣帽架/衣架 5178
保险柜 254
浴缸 2622
货架/货柜/展柜/展示柜 3975
床 23090
办公桌/电脑桌/学习桌/写字台 18015
浴霸 3032
梳妆台 3563
书架/格架/书柜 22336
餐椅 7878
窗 16045
钥匙箱 21
床头柜 14602
橱柜/厨柜/餐边柜 13251
洗脸盆/洗面盆 234
摇椅 501
棋牌桌/麻将桌 304
置物架/层架 16236
床品套件/被套/被罩/床单/床笠/床裙/床罩/枕套/枕巾 1035
办公椅/电脑椅 7849
地板 5492
餐桌 10698
挂件 3316
门 34508
屏风 1882
鞋架/鞋柜 18348
坐便器/马桶 7026
斗柜/储物柜 10881
折叠椅 285
淋浴房 57
花瓶/花艺 4684
相框/照片墙 5374
地暖 15
壁炉 33
电视柜 6481
电视柜 24217
attr
结构工艺_其他 5202
风格_现代中式 14129
结构工艺_不规则 0
结构工艺_U形 0
流行元素_宫廷风 302
流行元素_coulorful 421
家具结构_缠绕 1218
家具结构_原木 0
图案_字母 712
家具结构_组装 2600
图案_几何图案 1486
风格_西欧风情 110
饰面材质_玻璃 4860
结构工艺_方形 0
家具结构_大师设计 0
家具结构_古董 0
图案_其他 36506
风格_明清古典 4993
图案_草 165
结构工艺_木质工艺 24307
饰面材质_皮革 5168
风格_复古怀旧 5128
家具结构_手绘 0
图案_格子 435
图案_纯色 2748
家具结构_银箔 0
家具结构_箱框结构 10909
饰面材质_大理石 2326
款式定位_艺术风格型 42087
家具结构_异形 0
家具结构_曲木结构 758
风格_日韩 793
结构工艺_异形 0
饰面材质_木 22653
家具结构_框架结构 65873
结构工艺_竹藤工艺 780
款式定位_品质奢华型 44487
款式定位_经济型 103381
流行元素_车缝线 0
风格_工业风 85
图案_Bar 0
流行元素_马卡龙色 1355
风格_新古典 4349
结构工艺_片状 0
风格_韩式风 267
结构工艺_塑料工艺 1233
图案_品牌LOGO 1537
风格_日式 5633
结构工艺_卷材 0
风格_其他 4457
风格_古典 9585
风格_休闲 0
结构工艺_金属工艺 7656
饰面材质_三聚氰胺板 3961
图案_建筑 265
家具结构_整装 314
流行元素_小清新 1178
风格_美式 30391
风格_通勤 0
风格_北欧风格 5366
流行元素_复古风 623
结构工艺_圆桶形 0
家具结构_支架结构 19353
图案_风景 4163
饰面材质_PVC 2716
图案_童趣 1669
风格_民族风 239
风格_北欧 24128
风格_中式 20373
家具结构_捆扎结构 1218
家具结构_雕花 0
家具结构_罗马柱 0
结构工艺_other 0
家具结构_民俗 0
风格_韩版 21
外观造型_动物 5215
风格_地中海 3647
风格_甜美 6
风格_东南亚 1745
图案_大花 1
风格_新中式 2067
图案_动物图案 4521
图案_各国风情 1067
家具结构_other 2614
流行元素_纯色 2671
结构工艺_直角 0
风格_田园 15955
图案_植物花卉 18042
图案_刊物 507
家具结构_编织 1218
饰面材质_人造板 14566
图案_静物 563
结构工艺_正方形 0
外观造型_卡通 602
风格_简约现代 133235
风格_中国风 404
风格_other 772
流行元素_田园风 1644
风格_卡通 1073
结构工艺_圆形 0
家具结构_拼接 0
结构工艺_人造板工艺 6165
图案_other 1299
图案_艺术 30891
图案_碎花 0
图案_人物 642
图案_叶子 212
风格_后现代 17
饰面材质_布 3387
图案_民俗民风 1196
风格_欧式 38990
风格_卡通风 1043
图案_仿石纹 25
家具结构_镜面 0
外观造型_植物 2051
饰面材质_复合面料 1174
流行元素_皮革拼接 0
家具结构_金属 0
图案_卡通动漫 1765
结构工艺_长方形 0
家具结构_做旧 0
家具结构_卯榫 0
饰面材质_其他 21167
图案_文字 780
图案_大马士革 0
风格_时尚潮流 0
外观造型_人物 2470
风格_美式乡村 27146
风格_现代 147977
结构工艺_无 218
图案_抽象图案 27022
图案_心形 164
图案_圆圈 120
流行元素_卡通 1018
流行元素_粉嫩少女心 124
风格_韩式 4413
图案_小熊 2
图案_动物 4566
饰面材质_实木皮饰面 2102
风格_美式简约 7
家具结构_其他 3391
图案_喜庆 88
风格_欧美 776
结构工艺_椭圆形 0
家具结构_无框架结构 297
图案_玩具 1669
图案_木纹 10
风格_简约 136071
图案_条纹 1008
饰面材质_other 7526
家具结构_金箔 0
结构工艺_长方形面 0
家具结构_藤 0
结构工艺_条形 0
/data/data/jiahuan/lmdb/furniture/TB_50w/train/train_label_lmdb
(500000, 154)
(500000, 154, 1, 1)
Done  0 images
Done  1000 images
Done  2000 images
Done  3000 images
Done  4000 images
Done  5000 images
Done  6000 images
Done  7000 images
Done  8000 images
Done  9000 images
Done  10000 images
Done  11000 images
Done  12000 images
Done  13000 images
Done  14000 images
Done  15000 images
Done  16000 images
Done  17000 images
Done  18000 images
Done  19000 images
Done  20000 images
Done  21000 images
Done  22000 images
Done  23000 images
Done  24000 images
Done  25000 images
Done  26000 images
Done  27000 images
Done  28000 images
Done  29000 images
Done  30000 images
Done  31000 images
Done  32000 images
Done  33000 images
Done  34000 images
Done  35000 images
Done  36000 images
Done  37000 images
Done  38000 images
Done  39000 images
Done  40000 images
Done  41000 images
Done  42000 images
Done  43000 images
Done  44000 images
Done  45000 images
Done  46000 images
Done  47000 images
Done  48000 images
Done  49000 images
Done  50000 images
Done  51000 images
Done  52000 images
Done  53000 images
Done  54000 images
Done  55000 images
Done  56000 images
Done  57000 images
Done  58000 images
Done  59000 images
Done  60000 images
Done  61000 images
Done  62000 images
Done  63000 images
Done  64000 images
Done  65000 images
Done  66000 images
Done  67000 images
Done  68000 images
Done  69000 images
Done  70000 images
Done  71000 images
Done  72000 images
Done  73000 images
Done  74000 images
Done  75000 images
Done  76000 images
Done  77000 images
Done  78000 images
Done  79000 images
Done  80000 images
Done  81000 images
Done  82000 images
Done  83000 images
Done  84000 images
Done  85000 images
Done  86000 images
Done  87000 images
Done  88000 images
Done  89000 images
Done  90000 images
Done  91000 images
Done  92000 images
Done  93000 images
Done  94000 images
Done  95000 images
Done  96000 images
Done  97000 images
Done  98000 images
Done  99000 images
Done  100000 images
Done  101000 images
Done  102000 images
Done  103000 images
Done  104000 images
Done  105000 images
Done  106000 images
Done  107000 images
Done  108000 images
Done  109000 images
Done  110000 images
Done  111000 images
Done  112000 images
Done  113000 images
Done  114000 images
Done  115000 images
Done  116000 images
Done  117000 images
Done  118000 images
Done  119000 images
Done  120000 images
Done  121000 images
Done  122000 images
Done  123000 images
Done  124000 images
Done  125000 images
Done  126000 images
Done  127000 images
Done  128000 images
Done  129000 images
Done  130000 images
Done  131000 images
Done  132000 images
Done  133000 images
Done  134000 images
Done  135000 images
Done  136000 images
Done  137000 images
Done  138000 images
Done  139000 images
Done  140000 images
Done  141000 images
Done  142000 images
Done  143000 images
Done  144000 images
Done  145000 images
Done  146000 images
Done  147000 images
Done  148000 images
Done  149000 images
Done  150000 images
Done  151000 images
Done  152000 images
Done  153000 images
Done  154000 images
Done  155000 images
Done  156000 images
Done  157000 images
Done  158000 images
Done  159000 images
Done  160000 images
Done  161000 images
Done  162000 images
Done  163000 images
Done  164000 images
Done  165000 images
Done  166000 images
Done  167000 images
Done  168000 images
Done  169000 images
Done  170000 images
Done  171000 images
Done  172000 images
Done  173000 images
Done  174000 images
Done  175000 images
Done  176000 images
Done  177000 images
Done  178000 images
Done  179000 images
Done  180000 images
Done  181000 images
Done  182000 images
Done  183000 images
Done  184000 images
Done  185000 images
Done  186000 images
Done  187000 images
Done  188000 images
Done  189000 images
Done  190000 images
Done  191000 images
Done  192000 images
Done  193000 images
Done  194000 images
Done  195000 images
Done  196000 images
Done  197000 images
Done  198000 images
Done  199000 images
Done  200000 images
Done  201000 images
Done  202000 images
Done  203000 images
Done  204000 images
Done  205000 images
Done  206000 images
Done  207000 images
Done  208000 images
Done  209000 images
Done  210000 images
Done  211000 images
Done  212000 images
Done  213000 images
Done  214000 images
Done  215000 images
Done  216000 images
Done  217000 images
Done  218000 images
Done  219000 images
Done  220000 images
Done  221000 images
Done  222000 images
Done  223000 images
Done  224000 images
Done  225000 images
Done  226000 images
Done  227000 images
Done  228000 images
Done  229000 images
Done  230000 images
Done  231000 images
Done  232000 images
Done  233000 images
Done  234000 images
Done  235000 images
Done  236000 images
Done  237000 images
Done  238000 images
Done  239000 images
Done  240000 images
Done  241000 images
Done  242000 images
Done  243000 images
Done  244000 images
Done  245000 images
Done  246000 images
Done  247000 images
Done  248000 images
Done  249000 images
Done  250000 images
Done  251000 images
Done  252000 images
Done  253000 images
Done  254000 images
Done  255000 images
Done  256000 images
Done  257000 images
Done  258000 images
Done  259000 images
Done  260000 images
Done  261000 images
Done  262000 images
Done  263000 images
Done  264000 images
Done  265000 images
Done  266000 images
Done  267000 images
Done  268000 images
Done  269000 images
Done  270000 images
Done  271000 images
Done  272000 images
Done  273000 images
Done  274000 images
Done  275000 images
Done  276000 images
Done  277000 images
Done  278000 images
Done  279000 images
Done  280000 images
Done  281000 images
Done  282000 images
Done  283000 images
Done  284000 images
Done  285000 images
Done  286000 images
Done  287000 images
Done  288000 images
Done  289000 images
Done  290000 images
Done  291000 images
Done  292000 images
Done  293000 images
Done  294000 images
Done  295000 images
Done  296000 images
Done  297000 images
Done  298000 images
Done  299000 images
Done  300000 images
Done  301000 images
Done  302000 images
Done  303000 images
Done  304000 images
Done  305000 images
Done  306000 images
Done  307000 images
Done  308000 images
Done  309000 images
Done  310000 images
Done  311000 images
Done  312000 images
Done  313000 images
Done  314000 images
Done  315000 images
Done  316000 images
Done  317000 images
Done  318000 images
Done  319000 images
Done  320000 images
Done  321000 images
Done  322000 images
Done  323000 images
Done  324000 images
Done  325000 images
Done  326000 images
Done  327000 images
Done  328000 images
Done  329000 images
Done  330000 images
Done  331000 images
Done  332000 images
Done  333000 images
Done  334000 images
Done  335000 images
Done  336000 images
Done  337000 images
Done  338000 images
Done  339000 images
Done  340000 images
Done  341000 images
Done  342000 images
Done  343000 images
Done  344000 images
Done  345000 images
Done  346000 images
Done  347000 images
Done  348000 images
Done  349000 images
Done  350000 images
Done  351000 images
Done  352000 images
Done  353000 images
Done  354000 images
Done  355000 images
Done  356000 images
Done  357000 images
Done  358000 images
Done  359000 images
Done  360000 images
Done  361000 images
Done  362000 images
Done  363000 images
Done  364000 images
Done  365000 images
Done  366000 images
Done  367000 images
Done  368000 images
Done  369000 images
Done  370000 images
Done  371000 images
Done  372000 images
Done  373000 images
Done  374000 images
Done  375000 images
Done  376000 images
Done  377000 images
Done  378000 images
Done  379000 images
Done  380000 images
Done  381000 images
Done  382000 images
Done  383000 images
Done  384000 images
Done  385000 images
Done  386000 images
Done  387000 images
Done  388000 images
Done  389000 images
Done  390000 images
Done  391000 images
Done  392000 images
Done  393000 images
Done  394000 images
Done  395000 images
Done  396000 images
Done  397000 images
Done  398000 images
Done  399000 images
Done  400000 images
Done  401000 images
Done  402000 images
Done  403000 images
Done  404000 images
Done  405000 images
Done  406000 images
Done  407000 images
Done  408000 images
Done  409000 images
Done  410000 images
Done  411000 images
Done  412000 images
Done  413000 images
Done  414000 images
Done  415000 images
Done  416000 images
Done  417000 images
Done  418000 images
Done  419000 images
Done  420000 images
Done  421000 images
Done  422000 images
Done  423000 images
Done  424000 images
Done  425000 images
Done  426000 images
Done  427000 images
Done  428000 images
Done  429000 images
Done  430000 images
Done  431000 images
Done  432000 images
Done  433000 images
Done  434000 images
Done  435000 images
Done  436000 images
Done  437000 images
Done  438000 images
Done  439000 images
Done  440000 images
Done  441000 images
Done  442000 images
Done  443000 images
Done  444000 images
Done  445000 images
Done  446000 images
Done  447000 images
Done  448000 images
Done  449000 images
Done  450000 images
Done  451000 images
Done  452000 images
Done  453000 images
Done  454000 images
Done  455000 images
Done  456000 images
Done  457000 images
Done  458000 images
Done  459000 images
Done  460000 images
Done  461000 images
Done  462000 images
Done  463000 images
Done  464000 images
Done  465000 images
Done  466000 images
Done  467000 images
Done  468000 images
Done  469000 images
Done  470000 images
Done  471000 images
Done  472000 images
Done  473000 images
Done  474000 images
Done  475000 images
Done  476000 images
Done  477000 images
Done  478000 images
Done  479000 images
Done  480000 images
Done  481000 images
Done  482000 images
Done  483000 images
Done  484000 images
Done  485000 images
Done  486000 images
Done  487000 images
Done  488000 images
Done  489000 images
Done  490000 images
Done  491000 images
Done  492000 images
Done  493000 images
Done  494000 images
Done  495000 images
Done  496000 images
Done  497000 images
Done  498000 images
Done  499000 images
Totally done  500000 images
('time:', 0.42380714416503906, ' count:', 0)
('time:', 12.74929404258728, ' count:', 1000)
('time:', 9.141159772872925, ' count:', 2000)
('time:', 12.574225187301636, ' count:', 3000)
('time:', 9.516104936599731, ' count:', 4000)
('time:', 9.507760047912598, ' count:', 5000)
('time:', 8.499419927597046, ' count:', 6000)
('time:', 11.607566118240356, ' count:', 7000)
('time:', 10.412510871887207, ' count:', 8000)
('time:', 10.194411993026733, ' count:', 9000)
('time:', 10.674240112304688, ' count:', 10000)
('time:', 8.890992879867554, ' count:', 11000)
('time:', 8.34939694404602, ' count:', 12000)
('time:', 8.65765118598938, ' count:', 13000)
('time:', 11.507431983947754, ' count:', 14000)
('time:', 9.20761489868164, ' count:', 15000)
('time:', 9.790868997573853, ' count:', 16000)
('time:', 8.890921115875244, ' count:', 17000)
('time:', 8.574307918548584, ' count:', 18000)
('time:', 8.540916919708252, ' count:', 19000)
('time:', 10.507455110549927, ' count:', 20000)
('time:', 8.349240064620972, ' count:', 21000)
('time:', 9.607499837875366, ' count:', 22000)
('time:', 7.366021156311035, ' count:', 23000)
('time:', 9.249140977859497, ' count:', 24000)
('time:', 9.424077987670898, ' count:', 25000)
('time:', 8.90755295753479, ' count:', 26000)
('time:', 8.482483863830566, ' count:', 27000)
('time:', 8.699202060699463, ' count:', 28000)
('time:', 6.899306058883667, ' count:', 29000)
('time:', 12.040509939193726, ' count:', 30000)
('time:', 7.4242470264434814, ' count:', 31000)
('time:', 9.88235092163086, ' count:', 32000)
('time:', 7.4909021854400635, ' count:', 33000)
('time:', 10.673923015594482, ' count:', 34000)
('time:', 9.240702867507935, ' count:', 35000)
('time:', 9.357372045516968, ' count:', 36000)
('time:', 6.565931081771851, ' count:', 37000)
('time:', 9.457381010055542, ' count:', 38000)
('time:', 9.973896980285645, ' count:', 39000)
('time:', 10.548879861831665, ' count:', 40000)
('time:', 8.932352066040039, ' count:', 41000)
('time:', 11.882024049758911, ' count:', 42000)
('time:', 9.207193851470947, ' count:', 43000)
('time:', 9.72405219078064, ' count:', 44000)
('time:', 9.69053602218628, ' count:', 45000)
('time:', 9.923922777175903, ' count:', 46000)
('time:', 9.398868083953857, ' count:', 47000)
('time:', 8.715697050094604, ' count:', 48000)
('time:', 8.432316064834595, ' count:', 49000)
('time:', 10.465505838394165, ' count:', 50000)
('time:', 10.498718976974487, ' count:', 51000)
('time:', 9.99051308631897, ' count:', 52000)
('time:', 9.415510892868042, ' count:', 53000)
('time:', 7.7241270542144775, ' count:', 54000)
('time:', 9.482139110565186, ' count:', 55000)
('time:', 7.649111986160278, ' count:', 56000)
('time:', 10.632000923156738, ' count:', 57000)
('time:', 7.699113130569458, ' count:', 58000)
('time:', 7.50735878944397, ' count:', 59000)
('time:', 6.399280071258545, ' count:', 60000)
('time:', 12.590036153793335, ' count:', 61000)
('time:', 8.832270860671997, ' count:', 62000)
('time:', 8.273926019668579, ' count:', 63000)
('time:', 8.807267904281616, ' count:', 64000)
('time:', 9.698728084564209, ' count:', 65000)
('time:', 8.882268905639648, ' count:', 66000)
('time:', 8.648843050003052, ' count:', 67000)
('time:', 8.140680074691772, ' count:', 68000)
('time:', 9.52364206314087, ' count:', 69000)
('time:', 9.715539932250977, ' count:', 70000)
('time:', 8.79050898551941, ' count:', 71000)
('time:', 10.09037709236145, ' count:', 72000)
('time:', 8.407217025756836, ' count:', 73000)
('time:', 7.507392883300781, ' count:', 74000)
('time:', 10.898529052734375, ' count:', 75000)
('time:', 9.348789930343628, ' count:', 76000)
('time:', 10.106980085372925, ' count:', 77000)
('time:', 8.323916912078857, ' count:', 78000)
('time:', 9.598696947097778, ' count:', 79000)
('time:', 7.84897518157959, ' count:', 80000)
('time:', 10.273614883422852, ' count:', 81000)
('time:', 8.34890604019165, ' count:', 82000)
('time:', 10.41523003578186, ' count:', 83000)
('time:', 10.081990003585815, ' count:', 84000)
('time:', 8.532156944274902, ' count:', 85000)
('time:', 8.373889923095703, ' count:', 86000)
('time:', 10.1235830783844, ' count:', 87000)
('time:', 12.398340940475464, ' count:', 88000)
('time:', 9.415344953536987, ' count:', 89000)
('time:', 10.915182113647461, ' count:', 90000)
('time:', 10.148580074310303, ' count:', 91000)
('time:', 7.224009990692139, ' count:', 92000)
('time:', 10.365219831466675, ' count:', 93000)
('time:', 7.915565013885498, ' count:', 94000)
('time:', 8.91542911529541, ' count:', 95000)
('time:', 12.473273038864136, ' count:', 96000)
('time:', 9.740279912948608, ' count:', 97000)
('time:', 8.232206106185913, ' count:', 98000)
('time:', 10.123551845550537, ' count:', 99000)
('time:', 7.473965167999268, ' count:', 100000)
('time:', 9.881915807723999, ' count:', 101000)
('time:', 7.432281017303467, ' count:', 102000)
('time:', 9.890270948410034, ' count:', 103000)
('time:', 9.706972122192383, ' count:', 104000)
('time:', 8.465435981750488, ' count:', 105000)
('time:', 10.056924104690552, ' count:', 106000)
('time:', 12.22323489189148, ' count:', 107000)
('time:', 7.473952054977417, ' count:', 108000)
('time:', 9.515295028686523, ' count:', 109000)
('time:', 10.106878995895386, ' count:', 110000)
('time:', 8.632113933563232, ' count:', 111000)
('time:', 7.090632915496826, ' count:', 112000)
('time:', 9.640249967575073, ' count:', 113000)
('time:', 7.607251167297363, ' count:', 114000)
('time:', 9.273643016815186, ' count:', 115000)
('time:', 7.6905739307403564, ' count:', 116000)
('time:', 8.790380001068115, ' count:', 117000)
('time:', 8.40713095664978, ' count:', 118000)
('time:', 8.47379207611084, ' count:', 119000)
('time:', 11.056691884994507, ' count:', 120000)
('time:', 10.673439025878906, ' count:', 121000)
('time:', 10.723404169082642, ' count:', 122000)
('time:', 10.765098810195923, ' count:', 123000)
('time:', 8.865395069122314, ' count:', 124000)
('time:', 8.190444946289062, ' count:', 125000)
('time:', 8.548756122589111, ' count:', 126000)
('time:', 8.948668956756592, ' count:', 127000)
('time:', 8.19880199432373, ' count:', 128000)
('time:', 8.60703992843628, ' count:', 129000)
('time:', 8.015534162521362, ' count:', 130000)
('time:', 9.115274906158447, ' count:', 131000)
('time:', 10.540124893188477, ' count:', 132000)
('time:', 9.306939125061035, ' count:', 133000)
('time:', 9.806921005249023, ' count:', 134000)
('time:', 8.873645067214966, ' count:', 135000)
('time:', 9.56527590751648, ' count:', 136000)
('time:', 10.073473930358887, ' count:', 137000)
('time:', 10.215166091918945, ' count:', 138000)
('time:', 8.881983041763306, ' count:', 139000)
('time:', 8.573729038238525, ' count:', 140000)
('time:', 9.69021487236023, ' count:', 141000)
('time:', 8.948668956756592, ' count:', 142000)
('time:', 7.857148170471191, ' count:', 143000)
('time:', 10.34011197090149, ' count:', 144000)
('time:', 11.114998817443848, ' count:', 145000)
('time:', 8.757057189941406, ' count:', 146000)
('time:', 10.040141820907593, ' count:', 147000)
('time:', 9.640197992324829, ' count:', 148000)
('time:', 7.573790073394775, ' count:', 149000)
('time:', 8.873747110366821, ' count:', 150000)
('time:', 7.882141828536987, ' count:', 151000)
('time:', 11.264892101287842, ' count:', 152000)
('time:', 8.957067966461182, ' count:', 153000)
('time:', 8.965322971343994, ' count:', 154000)
('time:', 9.01529598236084, ' count:', 155000)
('time:', 9.231934070587158, ' count:', 156000)
('time:', 10.173472881317139, ' count:', 157000)
('time:', 10.423400163650513, ' count:', 158000)
('time:', 12.839753866195679, ' count:', 159000)
http://192.168.1.13:8085/617,0a395ee5e340fa20
http://192.168.1.13:8085/617,0a395ee5e340fa20 is None
('time:', 8.665363073348999, ' count:', 160000)
('time:', 12.973020076751709, ' count:', 161000)
('time:', 9.423550844192505, ' count:', 162000)
('time:', 9.573546171188354, ' count:', 163000)
('time:', 12.414764881134033, ' count:', 164000)
('time:', 14.889419078826904, ' count:', 165000)
('time:', 9.940131902694702, ' count:', 166000)
('time:', 12.12316107749939, ' count:', 167000)
('time:', 8.482059001922607, ' count:', 168000)
('time:', 13.52292799949646, ' count:', 169000)
('time:', 11.364947080612183, ' count:', 170000)
('time:', 9.965109825134277, ' count:', 171000)
('time:', 10.490069150924683, ' count:', 172000)
('time:', 10.87334394454956, ' count:', 173000)
('time:', 11.88153600692749, ' count:', 174000)
('time:', 9.40686297416687, ' count:', 175000)
('time:', 9.665189981460571, ' count:', 176000)
('time:', 9.865144968032837, ' count:', 177000)
('time:', 11.48990797996521, ' count:', 178000)
('time:', 9.723519086837769, ' count:', 179000)
('time:', 12.206445932388306, ' count:', 180000)
('time:', 10.223451137542725, ' count:', 181000)
('time:', 11.556533813476562, ' count:', 182000)
('time:', 9.548546075820923, ' count:', 183000)
('time:', 8.532011032104492, ' count:', 184000)
('time:', 9.140273094177246, ' count:', 185000)
('time:', 9.95681881904602, ' count:', 186000)
('time:', 11.31489109992981, ' count:', 187000)
('time:', 10.223450899124146, ' count:', 188000)
('time:', 9.681828022003174, ' count:', 189000)
('time:', 8.790333032608032, ' count:', 190000)
('time:', 8.23207402229309, ' count:', 191000)
('time:', 11.406580924987793, ' count:', 192000)
('time:', 10.348384141921997, ' count:', 193000)
('time:', 8.398712873458862, ' count:', 194000)
('time:', 9.048572063446045, ' count:', 195000)
('time:', 11.464931964874268, ' count:', 196000)
('time:', 10.506686925888062, ' count:', 197000)
('time:', 9.440706014633179, ' count:', 198000)
('time:', 12.030457019805908, ' count:', 199000)
('time:', 12.897008180618286, ' count:', 200000)
('time:', 9.939462900161743, ' count:', 201000)
('time:', 11.564100980758667, ' count:', 202000)
('time:', 11.230761051177979, ' count:', 203000)
('time:', 10.597657918930054, ' count:', 204000)
('time:', 11.27247405052185, ' count:', 205000)
('time:', 12.888842105865479, ' count:', 206000)
('time:', 8.531451940536499, ' count:', 207000)
('time:', 12.788898944854736, ' count:', 208000)
('time:', 12.305636882781982, ' count:', 209000)
('time:', 11.589166164398193, ' count:', 210000)
('time:', 8.814740896224976, ' count:', 211000)
('time:', 10.631098985671997, ' count:', 212000)
('time:', 11.672393083572388, ' count:', 213000)
('time:', 11.139395952224731, ' count:', 214000)
('time:', 11.922498941421509, ' count:', 215000)
('time:', 9.764589071273804, ' count:', 216000)
('time:', 10.4811270236969, ' count:', 217000)
('time:', 8.106643915176392, ' count:', 218000)
('time:', 14.130397081375122, ' count:', 219000)
('time:', 10.172895908355713, ' count:', 220000)
('time:', 9.248056173324585, ' count:', 221000)
('time:', 11.047745943069458, ' count:', 222000)
('time:', 16.28831386566162, ' count:', 223000)
('time:', 19.91262912750244, ' count:', 224000)
('time:', 10.647825956344604, ' count:', 225000)
('time:', 13.447304010391235, ' count:', 226000)
('time:', 11.730979919433594, ' count:', 227000)
('time:', 13.23902702331543, ' count:', 228000)
('time:', 8.656569957733154, ' count:', 229000)
('time:', 10.48126220703125, ' count:', 230000)
('time:', 12.139271974563599, ' count:', 231000)
('time:', 13.214073896408081, ' count:', 232000)
('time:', 14.113875150680542, ' count:', 233000)
('time:', 16.630098819732666, ' count:', 234000)
('time:', 12.489217042922974, ' count:', 235000)
('time:', 9.498186111450195, ' count:', 236000)
('time:', 16.904929876327515, ' count:', 237000)
('time:', 9.773246049880981, ' count:', 238000)
('time:', 13.888936996459961, ' count:', 239000)
('time:', 12.539283037185669, ' count:', 240000)
('time:', 12.189329862594604, ' count:', 241000)
('time:', 14.014026165008545, ' count:', 242000)
('time:', 11.656061887741089, ' count:', 243000)
('time:', 8.215139150619507, ' count:', 244000)
('time:', 11.147857904434204, ' count:', 245000)
('time:', 13.047550916671753, ' count:', 246000)
('time:', 15.038825035095215, ' count:', 247000)
('time:', 8.72336196899414, ' count:', 248000)
('time:', 9.489880084991455, ' count:', 249000)
('time:', 10.031476020812988, ' count:', 250000)
('time:', 14.630589008331299, ' count:', 251000)
('time:', 11.956101894378662, ' count:', 252000)
('time:', 14.080718994140625, ' count:', 253000)
('time:', 13.514165163040161, ' count:', 254000)
('time:', 10.756325006484985, ' count:', 255000)
('time:', 18.038352966308594, ' count:', 256000)
('time:', 12.306044816970825, ' count:', 257000)
('time:', 12.697693109512329, ' count:', 258000)
('time:', 11.03963303565979, ' count:', 259000)
('time:', 10.539743900299072, ' count:', 260000)
('time:', 12.097766160964966, ' count:', 261000)
('time:', 10.08151388168335, ' count:', 262000)
('time:', 9.94817590713501, ' count:', 263000)
('time:', 9.73159408569336, ' count:', 264000)
('time:', 13.189250946044922, ' count:', 265000)
('time:', 9.33165717124939, ' count:', 266000)
('time:', 10.423095941543579, ' count:', 267000)
('time:', 9.681607007980347, ' count:', 268000)
('time:', 10.031501054763794, ' count:', 269000)
('time:', 9.856565952301025, ' count:', 270000)
('time:', 13.697514057159424, ' count:', 271000)
('time:', 8.656795978546143, ' count:', 272000)
('time:', 9.814879894256592, ' count:', 273000)
('time:', 18.480041980743408, ' count:', 274000)
('time:', 9.614906072616577, ' count:', 275000)
('time:', 9.78164792060852, ' count:', 276000)
('time:', 13.497575044631958, ' count:', 277000)
('time:', 8.940069913864136, ' count:', 278000)
('time:', 8.673434972763062, ' count:', 279000)
('time:', 9.515007019042969, ' count:', 280000)
('time:', 7.198652029037476, ' count:', 281000)
('time:', 8.540196180343628, ' count:', 282000)
('time:', 10.464776992797852, ' count:', 283000)
('time:', 11.339691877365112, ' count:', 284000)
('time:', 7.523623943328857, ' count:', 285000)
('time:', 9.04844617843628, ' count:', 286000)
('time:', 9.031686782836914, ' count:', 287000)
('time:', 8.481869220733643, ' count:', 288000)
('time:', 9.240015983581543, ' count:', 289000)
('time:', 9.756631851196289, ' count:', 290000)
('time:', 7.331995964050293, ' count:', 291000)
('time:', 8.84015703201294, ' count:', 292000)
('time:', 8.356815099716187, ' count:', 293000)
('time:', 7.673698902130127, ' count:', 294000)
('time:', 9.123276948928833, ' count:', 295000)
('time:', 8.298683166503906, ' count:', 296000)
('time:', 6.173853874206543, ' count:', 297000)
('time:', 10.873124122619629, ' count:', 298000)
('time:', 9.406697988510132, ' count:', 299000)
('time:', 11.256366968154907, ' count:', 300000)
('time:', 8.68176007270813, ' count:', 301000)
('time:', 7.815352916717529, ' count:', 302000)
('time:', 9.0900239944458, ' count:', 303000)
('time:', 8.356934070587158, ' count:', 304000)
('time:', 9.290005922317505, ' count:', 305000)
('time:', 8.731858015060425, ' count:', 306000)
('time:', 9.056684970855713, ' count:', 307000)
('time:', 8.531911134719849, ' count:', 308000)
('time:', 11.197982788085938, ' count:', 309000)
('time:', 9.756680011749268, ' count:', 310000)
('time:', 7.823598146438599, ' count:', 311000)
('time:', 7.34043288230896, ' count:', 312000)
('time:', 9.056756019592285, ' count:', 313000)
('time:', 9.298391103744507, ' count:', 314000)
('time:', 7.365412950515747, ' count:', 315000)
('time:', 9.306725025177002, ' count:', 316000)
('time:', 8.456815958023071, ' count:', 317000)
('time:', 7.582036018371582, ' count:', 318000)
('time:', 8.05692195892334, ' count:', 319000)
('time:', 11.14810299873352, ' count:', 320000)
http://192.168.1.13:8086/578,0a395faa89a9fdaa
http://192.168.1.13:8086/578,0a395faa89a9fdaa is None
('time:', 8.640131950378418, ' count:', 321000)
('time:', 8.06529712677002, ' count:', 322000)
('time:', 8.923435926437378, ' count:', 323000)
('time:', 7.931986093521118, ' count:', 324000)
('time:', 9.656620025634766, ' count:', 325000)
('time:', 8.848501920700073, ' count:', 326000)
('time:', 12.664475917816162, ' count:', 327000)
('time:', 8.231924057006836, ' count:', 328000)
('time:', 10.41486406326294, ' count:', 329000)
('time:', 9.181758880615234, ' count:', 330000)
('time:', 8.26521611213684, ' count:', 331000)
('time:', 8.215277910232544, ' count:', 332000)
('time:', 8.18190312385559, ' count:', 333000)
('time:', 7.99864387512207, ' count:', 334000)
('time:', 9.431687116622925, ' count:', 335000)
('time:', 7.91532301902771, ' count:', 336000)
('time:', 10.664819955825806, ' count:', 337000)
('time:', 9.248457908630371, ' count:', 338000)
('time:', 8.373520135879517, ' count:', 339000)
('time:', 9.440083980560303, ' count:', 340000)
('time:', 8.706800937652588, ' count:', 341000)
('time:', 9.781670093536377, ' count:', 342000)
('time:', 7.823638916015625, ' count:', 343000)
('time:', 10.456557035446167, ' count:', 344000)
('time:', 9.056774854660034, ' count:', 345000)
('time:', 8.931819200515747, ' count:', 346000)
('time:', 10.264875888824463, ' count:', 347000)
('time:', 8.948487997055054, ' count:', 348000)
('time:', 8.856816053390503, ' count:', 349000)
('time:', 8.323600053787231, ' count:', 350000)
('time:', 12.9977388381958, ' count:', 351000)
('time:', 9.831688165664673, ' count:', 352000)
('time:', 8.47350788116455, ' count:', 353000)
('time:', 9.748373985290527, ' count:', 354000)
('time:', 10.231555938720703, ' count:', 355000)
('time:', 10.91483211517334, ' count:', 356000)
('time:', 7.565335035324097, ' count:', 357000)
('time:', 11.156441926956177, ' count:', 358000)
('time:', 9.264990091323853, ' count:', 359000)
('time:', 8.290349006652832, ' count:', 360000)
('time:', 8.690171003341675, ' count:', 361000)
('time:', 10.773190975189209, ' count:', 362000)
('time:', 8.740144968032837, ' count:', 363000)
('time:', 9.38175106048584, ' count:', 364000)
('time:', 10.60650086402893, ' count:', 365000)
('time:', 10.473241090774536, ' count:', 366000)
('time:', 11.398043870925903, ' count:', 367000)
('time:', 8.815173149108887, ' count:', 368000)
('time:', 11.831312894821167, ' count:', 369000)
('time:', 10.748176097869873, ' count:', 370000)
('time:', 8.231919050216675, ' count:', 371000)
('time:', 11.00649094581604, ' count:', 372000)
('time:', 9.131755828857422, ' count:', 373000)
('time:', 7.540408134460449, ' count:', 374000)
('time:', 11.681411027908325, ' count:', 375000)
('time:', 7.357002019882202, ' count:', 376000)
('time:', 11.223088026046753, ' count:', 377000)
('time:', 8.015324831008911, ' count:', 378000)
('time:', 9.023441076278687, ' count:', 379000)
('time:', 13.70600700378418, ' count:', 380000)
('time:', 10.573205947875977, ' count:', 381000)
('time:', 9.548357963562012, ' count:', 382000)
('time:', 8.990157127380371, ' count:', 383000)
('time:', 12.306243896484375, ' count:', 384000)
('time:', 8.856825113296509, ' count:', 385000)
('time:', 9.223448038101196, ' count:', 386000)
('time:', 13.314373016357422, ' count:', 387000)
('time:', 9.340117931365967, ' count:', 388000)
('time:', 9.481714963912964, ' count:', 389000)
('time:', 8.948494911193848, ' count:', 390000)
('time:', 10.739820003509521, ' count:', 391000)
('time:', 8.490238189697266, ' count:', 392000)
('time:', 9.415074825286865, ' count:', 393000)
('time:', 9.94831109046936, ' count:', 394000)
('time:', 15.072356939315796, ' count:', 395000)
('time:', 8.473653078079224, ' count:', 396000)
('time:', 7.806988954544067, ' count:', 397000)
('time:', 8.582103967666626, ' count:', 398000)
('time:', 8.415539979934692, ' count:', 399000)
('time:', 9.390408039093018, ' count:', 400000)
('time:', 9.515336990356445, ' count:', 401000)
('time:', 9.065452098846436, ' count:', 402000)
('time:', 14.764626026153564, ' count:', 403000)
('time:', 10.881752967834473, ' count:', 404000)
('time:', 10.148687839508057, ' count:', 405000)
('time:', 10.290152072906494, ' count:', 406000)
('time:', 10.715258121490479, ' count:', 407000)
('time:', 10.190261840820312, ' count:', 408000)
('time:', 11.156770944595337, ' count:', 409000)
('time:', 9.490344047546387, ' count:', 410000)
('time:', 9.80693507194519, ' count:', 411000)
('time:', 9.606980085372925, ' count:', 412000)
('time:', 10.42352294921875, ' count:', 413000)
('time:', 8.507113933563232, ' count:', 414000)
('time:', 10.87347412109375, ' count:', 415000)
('time:', 10.015218019485474, ' count:', 416000)
('time:', 10.473503828048706, ' count:', 417000)
('time:', 8.823724031448364, ' count:', 418000)
('time:', 9.165373086929321, ' count:', 419000)
('time:', 7.923836946487427, ' count:', 420000)
('time:', 9.998544931411743, ' count:', 421000)
('time:', 8.607097148895264, ' count:', 422000)
('time:', 9.115336894989014, ' count:', 423000)
('time:', 8.740396976470947, ' count:', 424000)
('time:', 11.589976072311401, ' count:', 425000)
('time:', 8.973687887191772, ' count:', 426000)
('time:', 8.173817157745361, ' count:', 427000)
('time:', 9.498585939407349, ' count:', 428000)
('time:', 10.656796932220459, ' count:', 429000)
('time:', 10.56507396697998, ' count:', 430000)
('time:', 8.307120084762573, ' count:', 431000)
('time:', 8.990314960479736, ' count:', 432000)
('time:', 9.22365403175354, ' count:', 433000)
('time:', 9.673599004745483, ' count:', 434000)
('time:', 9.68187403678894, ' count:', 435000)
('time:', 8.607030868530273, ' count:', 436000)
('time:', 13.61463212966919, ' count:', 437000)
('time:', 11.09834098815918, ' count:', 438000)
('time:', 8.732042074203491, ' count:', 439000)
('time:', 9.231921911239624, ' count:', 440000)
('time:', 10.248457908630371, ' count:', 441000)
('time:', 10.315132141113281, ' count:', 442000)
('time:', 8.856988906860352, ' count:', 443000)
('time:', 10.198464155197144, ' count:', 444000)
('time:', 10.206775903701782, ' count:', 445000)
('time:', 11.589925050735474, ' count:', 446000)
('time:', 9.815177917480469, ' count:', 447000)
('time:', 9.123624086380005, ' count:', 448000)
('time:', 9.356926918029785, ' count:', 449000)
('time:', 9.2235689163208, ' count:', 450000)
('time:', 9.473541975021362, ' count:', 451000)
('time:', 11.881533145904541, ' count:', 452000)
('time:', 8.65700101852417, ' count:', 453000)
('time:', 13.431262969970703, ' count:', 454000)
('time:', 9.598536014556885, ' count:', 455000)
('time:', 11.756525993347168, ' count:', 456000)
('time:', 9.36522388458252, ' count:', 457000)
('time:', 10.290120124816895, ' count:', 458000)
('time:', 10.656883001327515, ' count:', 459000)
('time:', 9.070323944091797, ' count:', 460000)
('time:', 9.180298089981079, ' count:', 461000)
('time:', 13.373433828353882, ' count:', 462000)
('time:', 8.531162023544312, ' count:', 463000)
('time:', 9.963973999023438, ' count:', 464000)
('time:', 8.929957151412964, ' count:', 465000)
('time:', 11.865200996398926, ' count:', 466000)
('time:', 11.99580693244934, ' count:', 467000)
('time:', 9.701050996780396, ' count:', 468000)
('time:', 13.705427885055542, ' count:', 469000)
('time:', 8.190428018569946, ' count:', 470000)
('time:', 8.815272092819214, ' count:', 471000)
('time:', 9.77348804473877, ' count:', 472000)
('time:', 8.448670864105225, ' count:', 473000)
('time:', 11.02330207824707, ' count:', 474000)
('time:', 11.731491088867188, ' count:', 475000)
('time:', 13.18962287902832, ' count:', 476000)
('time:', 12.481352090835571, ' count:', 477000)
('time:', 14.11446499824524, ' count:', 478000)
('time:', 11.339876890182495, ' count:', 479000)
('time:', 10.348405122756958, ' count:', 480000)
('time:', 9.656718969345093, ' count:', 481000)
('time:', 7.840538024902344, ' count:', 482000)
('time:', 9.965069055557251, ' count:', 483000)
('time:', 8.856881856918335, ' count:', 484000)
('time:', 9.490239143371582, ' count:', 485000)
('time:', 7.715454816818237, ' count:', 486000)
('time:', 9.798457145690918, ' count:', 487000)
('time:', 10.606647968292236, ' count:', 488000)
('time:', 9.381830930709839, ' count:', 489000)
('time:', 10.540020942687988, ' count:', 490000)
('time:', 9.206860065460205, ' count:', 491000)
('time:', 11.306571006774902, ' count:', 492000)
('time:', 10.63161301612854, ' count:', 493000)
('time:', 9.698482990264893, ' count:', 494000)
('time:', 10.506648063659668, ' count:', 495000)
('time:', 8.823605060577393, ' count:', 496000)
('time:', 8.348663806915283, ' count:', 497000)
('time:', 9.781798124313354, ' count:', 498000)
('time:', 9.265174865722656, ' count:', 499000)
