
    select s.pid, s.title, s.cat2, concat('http://',i.path) path, s.slink,
    i.id img_id
    from home.image_source s
    inner join home.image i on i.src_id = s.id
    where s.pid not in (select id from home.clean_data ) 
    and s.src = 'TB_HOME'
    
2310966
0 done
100000 done
200000 done
300000 done
400000 done
500000 done
600000 done
700000 done
800000 done
900000 done
1000000 done
1100000 done
1200000 done
1300000 done
1400000 done
1500000 done
1600000 done
1700000 done
1800000 done
1900000 done
2000000 done
2100000 done
2200000 done
2300000 done
相框/照片墙: 1:15791, 2:1818, 3:168, 
电视柜       : 0:109, 1:2668, 2:11135, 3:1391, 4:316, 5:29, 
浴室柜       : 0:420, 1:8288, 2:8909, 3:365, 4:170, 5:11, 
沐浴设备    : 0:52, 1:916, 2:62, 3:7, 
浴缸          : 1:5933, 2:401, 3:6, 
花架/装饰架: 1:3224, 2:3769, 3:2296, 4:431, 5:19, 
移门/壁柜   : 0:4, 1:216, 2:2020, 3:277, 4:21, 
层架/置物架: 1:5633, 2:3276, 3:1210, 4:71, 5:14, 
休闲椅/凳   : 0:2024, 1:10112, 2:3776, 3:1026, 4:115, 
边桌/茶几   : 1:972, 2:4265, 3:1526, 4:427, 5:34, 
餐边柜       : 0:37, 1:1363, 2:819, 3:193, 4:40, 
书柜/书架   : 1:526, 2:2907, 3:533, 4:61, 5:37, 6:8, 
斗柜          : 0:1, 1:10232, 2:6242, 3:6565, 4:2054, 5:376, 6:90, 7:32, 8:15, 
厨卫          : 0:8704, 1:21276, 2:8871, 3:924, 4:56, 5:8, 
沙发          : 0:58, 1:154854, 2:35104, 3:7531, 4:2313, 5:209, 6:17, 
鞋柜          : 1:2991, 2:3974, 3:1871, 4:289, 5:92, 6:5, 7:2, 
儿童家具    : 0:971, 1:8371, 2:4843, 3:1054, 4:154, 5:28, 
水槽          : 1:12091, 2:4511, 3:621, 4:20, 5:20, 
电脑桌椅    : 0:90, 1:2082, 2:2184, 3:631, 4:157, 5:17, 6:2, 
壁炉/壁挂炉/地暖: 2:7, 
椅子          : 0:4630, 1:27750, 2:16174, 3:4053, 4:1150, 5:85, 
卧室家具    : 0:331, 1:8924, 2:2168, 3:231, 4:13, 5:2, 
衣柜/衣橱   : 1:4938, 2:1113, 3:139, 4:46, 5:72, 7:2, 
衣橱衣架    : 1:127, 2:5583, 3:1467, 4:44, 5:12, 
客厅家具    : 0:315, 1:9161, 2:1250, 3:192, 4:78, 
梳妆台/凳   : 1:754, 2:7580, 3:816, 4:348, 5:76, 6:14, 
鞋架/鞋柜   : 1:5610, 2:4379, 3:3750, 4:1336, 5:73, 
凳子          : 0:7, 1:2776, 2:5525, 3:1986, 4:228, 
床             : 0:24, 1:44451, 2:37182, 3:6445, 4:1069, 5:348, 6:60, 7:9, 8:4, 
鞋架/衣帽架: 1:218, 2:2781, 3:3693, 4:929, 5:180, 6:1, 
书桌          : 0:2272, 1:30410, 2:23102, 3:3521, 4:831, 5:117, 
浴霸/排气扇: 1:3244, 2:24, 
儿童学习桌/椅: 0:929, 1:9164, 2:2945, 3:149, 4:33, 
马桶          : 1:8941, 2:1425, 3:92, 
精品沙发    : 1:3708, 2:1275, 3:346, 4:35, 5:6, 
厨卫挂件    : 0:81, 1:1939, 2:6358, 3:312, 4:77, 
电视储物柜 : 0:155, 1:4406, 2:3056, 3:734, 4:138, 5:18, 6:10, 
床品套件    : 1:3509, 2:11903, 
商业办公    : 0:882, 1:7193, 2:2348, 3:227, 4:46, 
柜子          : 0:35024, 1:267309, 2:255561, 3:86068, 4:20116, 5:3042, 6:320, 7:3, 
厨卫五金    : 0:131, 1:1181, 2:2617, 3:168, 4:31, 5:13, 6:24, 
窗             : 0:194, 1:76879, 2:100374, 3:9006, 4:1365, 5:215, 6:26, 
办公家具    : 0:275, 1:5498, 2:3551, 3:806, 4:4, 5:15, 
电脑椅       : 0:182, 1:3620, 2:695, 3:272, 4:65, 
花瓶花艺    : 0:20, 1:985, 2:8002, 3:3761, 4:929, 5:118, 
储物家具    : 0:63, 1:6271, 2:3403, 3:2178, 4:775, 5:24, 
床头柜       : 1:9, 2:3861, 3:558, 4:85, 5:3, 
浴霸          : 1:4870, 2:231, 
餐厅家具    : 0:226, 1:8637, 2:5010, 3:260, 4:43, 
酒柜          : 0:1039, 1:3816, 2:3871, 3:911, 4:135, 
餐椅/吧台椅: 0:149, 1:1677, 2:2700, 3:733, 4:140, 5:9, 
淋浴花洒    : 1:4426, 2:219, 
电脑桌/托盘/椅: 0:437, 1:2598, 2:525, 3:56, 4:6, 
墙面搁架    : 0:523, 1:2190, 2:1850, 3:242, 4:19, 
户外家具    : 0:4975, 1:9175, 2:2920, 3:312, 4:31, 5:31, 
保暖防护    : 0:1783, 1:3895, 2:809, 3:76, 
智能马桶盖 : 1:6998, 2:48, 
创意家居    : 0:1335, 1:10007, 2:5618, 3:702, 4:22, 
书房家具    : 0:768, 1:5825, 2:1855, 3:307, 
厨具用品    : 0:759, 1:5763, 2:2261, 3:58, 
地板          : 0:4, 1:37398, 2:7891, 3:1423, 4:255, 5:34, 
餐桌          : 0:10, 1:13661, 2:2095, 3:475, 4:64, 
门             : 0:5808, 1:208238, 2:121726, 3:21515, 4:4747, 5:446, 6:12, 7:1, 
晒衣架/烫衣板: 0:2205, 1:3314, 2:263, 3:9, 
厨房卫浴    : 0:599, 1:6746, 2:1588, 3:168, 4:30, 5:7, 
休闲沙发    : 0:7, 1:15200, 2:7617, 3:1669, 4:209, 5:63, 6:1, 
书架/CD架    : 1:538, 2:1932, 3:441, 4:44, 5:5, 
移门壁柜    : 0:3, 1:59, 2:926, 3:92, 4:15, 
橱柜          : 1:10939, 2:11758, 3:7748, 4:2320, 5:494, 6:214, 7:50, 9:1, 
智能家居    : 0:301, 1:3184, 2:1220, 3:83, 4:5, 
------
0:78916,	1:1175668,	2:808061,	3:196445,	4:44551,	5:6402,	6:804,	7:99,	8:19,	9:1,	
------
窗+门:139135,	
床+床头柜:39359,	
衣柜+门:38190,	
茶几+电视柜:36366,	
衣橱+衣柜+门:31185,	
书架+书柜+置物架:26434,	
床+沙发:25985,	
鞋柜+门+鞋架:22979,	
鞋柜+门:20968,	
摆件+电视柜:15721,	
床+床头柜+斗柜:14724,	
橱柜+门:11740,	
衣柜+橱柜+门:10617,	
书架+书柜+门:10444,	
沙发+凳:9941,	
衣柜+斗柜:9375,	
床+床单+被套:9329,	
床+床单:8633,	
置物架+挂件:8471,	
摆件+电视柜+工艺品:8238,	
书架+置物架:7966,	
洗脸盆+浴室柜:7644,	
床+门:7543,	
梳妆台+凳:7397,	
茶几+沙发:6813,	
餐桌+凳:6765,	
鞋柜+屏风+门:6637,	
摆件+花瓶+花艺:6574,	
地板+地暖:5303,	
餐椅+凳:5081,	
餐边柜+门:4758,	
衣橱+衣柜+衣架:4531,	
电脑椅+沙发:4494,	
餐桌+餐椅:4445,	
屏风+门:4365,	
书架+书柜+置物架+门:4333,	
窗+衣柜+门:4295,	
书柜+文件柜:4263,	
床+沙发+凳:4046,	
角几+边桌+茶几+沙发:4003,	
餐桌+茶几+电视柜:3465,	
鞋柜+凳+门+鞋架:3463,	
挂件+门:3458,	
床+床品套件:3453,	
床+衣柜:3269,	
书柜+门:3266,	
角几+茶几+沙发:3210,	
衣柜+鞋柜+橱柜+门:3155,	
床+床头柜+文件柜:3116,	
床+电脑桌:2972,	
窗+屏风+门:2944,	
茶几+沙发+凳:2904,	
衣柜+橱柜:2890,	
电脑椅+餐椅:2886,	
床+被套:2877,	
地板+门:2868,	
床+床头柜+衣柜:2825,	
床+床品套件+床单+被套:2752,	
文件柜+门:2696,	
衣柜+衣架:2680,	
窗+沙发:2521,	
置物架+水槽:2485,	
餐桌+摆件+花瓶+花艺:2434,	
窗+摆件:2411,	
书架+电脑桌+办公桌:2387,	
衣帽架+衣架+鞋架:2287,	
置物架+橱柜:2232,	
斗柜+门:2214,	
置物架+花架:2189,	
衣橱+衣柜+橱柜:2177,	
摆件+花瓶+电视柜:2104,	
窗+衣架:2087,	
鞋柜+凳+鞋架:2073,	
餐桌+茶几:2064,	
餐边柜+斗柜:2051,	
鞋柜+沙发+凳:2015,	
橱柜+厨柜+门:1974,	
货架+书架+书柜+置物架:1956,	
床+床单+沙发:1949,	
餐桌+办公桌:1938,	
书架+层架+置物架:1917,	
书架+书柜+电脑桌:1903,	
餐桌+餐椅+凳:1853,	
书架+电脑桌:1843,	
斗柜+文件柜:1834,	
床+床头柜+摆件:1820,	
衣橱+衣柜+橱柜+门:1788,	
淋浴房+门:1759,	
餐边柜+鞋柜+门:1740,	
沙发+门:1705,	
衣橱+衣架:1705,	
衣橱+橱柜+门:1692,	
置物架+马桶:1689,	
摆件+花瓶:1678,	
鞋柜+沙发+凳+鞋架:1656,	
书架+置物架+花架:1654,	
衣柜+鞋柜:1653,	
置物架+鞋柜+鞋架:1628,	
床+床笠+床单+被套:1628,	
办公椅+餐椅:1619,	
床+角几+边桌+茶几+沙发:1619,	
鞋柜+沙发+凳+门+鞋架:1585,	
床+凳:1584,	
电视柜+斗柜:1583,	
置物架+电视柜:1581,	
床+床裙+床罩:1570,	
书柜+文件柜+门:1558,	
置物架+衣柜:1527,	
电视柜+门:1517,	
门+鞋架:1511,	
床+窗:1460,	
书柜+学习桌:1451,	
置物架+门:1424,	
龙头+水槽:1415,	
书柜+摆件:1413,	
更衣柜+衣柜+门:1412,	
床+床头柜+茶几:1400,	
床+床头柜+衣柜+斗柜:1373,	
写字台+书架+电脑桌+办公桌:1334,	
窗+挂件+门:1325,	
衣架+门:1312,	
餐桌+电脑桌+办公桌:1308,	
鞋柜+沙发+凳+门:1306,	
窗+花架:1302,	
鞋柜+凳+门:1302,	
餐边柜+橱柜+门:1271,	
沙发+餐椅:1257,	
衣帽架+衣架+门+鞋架:1255,	
床+学习桌+电脑桌:1239,	
床+摇椅:1237,	
窗+橱柜+门:1237,	
餐椅+门:1220,	
置物架+衣帽架+衣架+鞋架:1215,	
床+折叠椅:1195,	
书柜+置物架:1185,	
边桌+茶几+沙发:1155,	
电脑椅+凳:1148,	
更衣柜+衣柜+文件柜:1128,	
书架+书柜+学习桌+电脑桌:1126,	
摆件+橱柜:1095,	
电脑椅+办公椅+凳:1094,	
茶几+凳:1049,	
衣柜+衣帽架+衣架:1040,	
床+保险柜:1037,	
床+斗柜:1028,	
餐桌+床+床头柜+茶几:1027,	
鞋柜+斗柜+门:1026,	
摇椅+沙发:1017,	
写字台+书架+书柜+电脑桌:1001,	
书架+书柜+文件柜:992,	
衣柜+鞋柜+门:982,	
窗+智能家居:980,	
床+床头柜+门:978,	
床+床头柜+沙发:968,	
书架+书柜+层架+置物架:965,	
餐边柜+电视柜:960,	
层架+置物架+衣柜:958,	
书架+书柜+文件柜+门:940,	
折叠椅+凳:939,	
层架+置物架+门:925,	
展示柜+门:925,	
更衣柜+衣柜+鞋柜+门:909,	
衣帽架+衣架+门:896,	
床+床笠+床单:880,	
床+边桌+电脑桌:875,	
电脑椅+办公椅+餐椅:874,	
摆件+茶几+电视柜:872,	
鞋柜+凳:870,	
窗+衣柜:868,	
写字台+书架+电脑桌:857,	
书架+书柜+展示柜+置物架:853,	
餐边柜+斗柜+门:846,	
书架+学习桌+电脑桌:835,	
沙发+凳+门:827,	
床+窗+门:825,	
照片墙+相框+沙发:814,	
床+角几+床头柜+茶几+沙发:804,	
前台+凳:800,	
餐桌+电脑桌:793,	
书架+学习桌:792,	
窗+淋浴房+门:790,	
书柜+摆件+工艺品:779,	
床+置物架+床头柜:773,	
橱柜+斗柜:766,	
茶几+电视柜+斗柜:755,	
衣柜+浴室柜:748,	
摆件+花架:748,	
床+鞋柜+沙发+凳:739,	
鞋柜+衣架+门:736,	
书架+报刊架:735,	
花瓶+电视柜:732,	
餐边柜+鞋柜:730,	
写字台+书架+书柜+电脑桌+办公桌:724,	
摆件+花瓶+花艺+电视柜:722,	
地板+窗+门:708,	
橱柜+水槽:708,	
置物架+衣帽架+衣架:707,	
挂件+花架:696,	
餐边柜+置物架:687,	
摆件+花瓶+电视柜+工艺品:682,	
置物架+鞋柜+门+鞋架:675,	
办公桌+文件柜:672,	
床+角几+茶几+沙发:663,	
床+鞋柜+鞋架:661,	
茶几+电视柜+沙发:661,	
床+角几+床头柜:660,	
摆件+橱柜+工艺品:657,	
书架+书柜+置物架+办公桌:655,	
床+衣柜+门:652,	
凳+门:646,	
餐桌+门:642,	
书架+办公桌:641,	
置物架+办公桌:639,	
摆件+门:636,	
窗+衣柜+橱柜:621,	
书架+书柜+展示柜:617,	
床+床裙+床单+床罩:617,	
餐桌+摆件+电视柜:615,	
餐桌+摆件+花瓶+电视柜:609,	
学习桌+凳:609,	
床+床头柜+斗柜+门:607,	
床+置物架:599,	
书架+书柜+电脑桌+办公桌:597,	
餐桌+电脑椅+餐椅:582,	
餐桌+花瓶+花艺:571,	
照片墙+置物架+相框:571,	
衣橱+门:566,	
写字台+书架+学习桌+电脑桌:554,	
书架+层架+置物架+花架:551,	
展示柜+鞋柜+屏风+门:542,	
地板+窗:531,	
窗+衣柜+橱柜+门:531,	
床+沙发+凳+门:525,	
货架+书架+置物架:521,	
摆件+花瓶+工艺品:521,	
书柜+展示柜+门:519,	
鞋柜+橱柜+门:517,	
格架+书架+书柜+置物架:515,	
餐桌+床+茶几+电视柜:511,	
层架+置物架+衣柜+橱柜:504,	
餐桌+摆件+花瓶+花艺+电视柜:503,	
置物架+橱柜+水槽:493,	
窗+花艺:489,	
书柜+电脑桌:488,	
书柜+摆件+电视柜+工艺品:487,	
写字台+书架+书柜+学习桌+电脑桌:486,	
床+角几+床头柜+沙发:485,	
书柜+衣柜+门:484,	
床+文件柜:484,	
摆件+电视柜+办公桌:483,	
摆件+花瓶+花艺+工艺品:480,	
凳+门+鞋架:478,	
床+电脑椅+沙发:476,	
更衣柜+衣柜:470,	
展示柜+鞋柜+门:469,	
床+沙发+门:466,	
边桌+门:465,	
写字台+书柜+电脑桌+办公桌:462,	
书架+书柜+展示柜+门:461,	
鞋柜+屏风:458,	
衣柜+鞋柜+鞋架:458,	
置物架+衣柜+橱柜:456,	
床+被罩+床单:453,	
餐桌+学习桌:452,	
书柜+摆件+电视柜:451,	
床+角几+床头柜+边桌+茶几+沙发:451,	
床+摆件:447,	
餐桌+沙发:446,	
摆件+办公桌:444,	
衣柜+斗柜+门:442,	
床+床笠:434,	
床+床品套件+床单:431,	
衣柜+鞋柜+斗柜:429,	
餐边柜+展示柜:428,	
层架+置物架+花架:424,	
餐桌+摆件+花瓶+花艺+茶几:421,	
衣柜+衣帽架+衣架+鞋架:419,	
床+床裙:413,	
衣橱+衣柜+橱柜+衣架:410,	
角几+沙发:409,	
摆件+鞋柜+门:406,	
窗+屏风:404,	
餐桌+摆件+花艺+电视柜:404,	
衣橱+橱柜:403,	
床+床头柜+沙发+斗柜:403,	
床+床笠+床品套件+床单+被套:399,	
货架+层架+置物架:398,	
摆件+茶几:395,	
餐桌+电视柜:394,	
床+茶几+沙发+凳:393,	
书架+书柜+置物架+电脑桌:387,	
床+被罩+床单+被套:386,	
餐桌+花瓶+花艺+茶几:385,	
鞋柜+斗柜:385,	
办公椅+餐椅+凳:384,	
花架+门:368,	
置物架+鞋柜+屏风+门:366,	
窗+挂件:364,	
床+置物架+衣柜:364,	
置物架+橱柜+门:364,	
电脑椅+沙发+凳:363,	
书架+床:362,	
书柜+更衣柜+衣柜+文件柜:362,	
马桶+坐便器+凳:361,	
厨柜+门:360,	
床+折叠椅+床单:351,	
写字台+书架:350,	
书柜+电脑桌+办公桌:349,	
餐边柜+置物架+橱柜+门:347,	
床+茶几+沙发:346,	
鞋柜+衣架+门+鞋架:345,	
梳妆台+斗柜:345,	
窗+茶几:341,	
书架+文件柜:340,	
挂件+沙发:340,	
窗+摆件+工艺品:340,	
书柜+衣柜:339,	
更衣柜+衣柜+鞋柜:338,	
餐桌+沙发+凳:337,	
层架+置物架+橱柜:335,	
更衣柜+衣柜+文件柜+门:335,	
写字台+书架+学习桌:333,	
电脑椅+餐椅+凳:332,	
床+床品套件+被套:330,	
写字台+书柜+电脑桌:328,	
床+摇椅+沙发:328,	
餐桌+摆件:327,	
餐边柜+置物架+橱柜:325,	
窗+淋浴房+茶几+门:323,	
电脑椅+沙发+餐椅:322,	
折叠椅+沙发:322,	
写字台+书架+书柜:318,	
书架+学习桌+电脑桌+办公桌:313,	
窗+衣橱+衣柜:313,	
写字台+书架+学习桌+电脑桌+办公桌:313,	
床+床头柜+斗柜+文件柜:311,	
置物架+衣帽架+衣架+门+鞋架:310,	
衣柜+鞋架:310,	
货架+书架+层架+置物架:309,	
餐桌+摆件+茶几+电视柜:309,	
书架+置物架+办公桌:305,	
书柜+床+床头柜:304,	
窗+摆件+门:303,	
办公椅+沙发:301,	
电脑椅+办公椅+沙发:300,	
书柜+展示柜:299,	
床+餐椅:299,	
窗+置物架:298,	
床+办公桌:298,	
花架+凳:298,	
摆件+花艺+电视柜:297,	
衣帽架+衣架+凳+门+鞋架:295,	
浴室柜+橱柜:294,	
窗+置物架+花架:292,	
床+床头柜+边桌:292,	
置物架+电脑桌:291,	
电脑椅+办公椅+餐椅+凳:290,	
床+床裙+被套:289,	
书架+书柜+学习桌:289,	
窗+摆件+电视柜:288,	
餐桌+摆件+花瓶:288,	
床+床头柜+电视柜:287,	
保险柜+文件柜:287,	
鞋柜+衣帽架+衣架+门+鞋架:284,	
床+地板+沙发:283,	
床+床笠+床品套件+床单:282,	
书架+书柜+置物架+花架:280,	
衣橱+衣柜+衣架+门:278,	
餐桌+摆件+鞋柜:277,	
床+床头柜+摆件+相框:277,	
床+鞋柜+沙发+凳+门:277,	
层架+置物架+挂件:277,	
写字台+餐桌+电脑桌+办公桌:277,	
床+鞋柜+沙发+凳+鞋架:275,	
置物架+沙发:274,	
餐边柜+餐桌:273,	
地板+沙发:272,	
床+床头柜+摆件+工艺品:271,	
餐桌+茶几+凳:271,	
窗+茶几+门:270,	
书柜+置物架+门:269,	
展示柜+电视柜:267,	
置物架+门+鞋架:267,	
衣橱+橱柜+衣架:267,	
窗+衣架+鞋架:261,	
书柜+展示柜+文件柜:260,	
马桶+水槽:259,	
沙发+凳+鞋架:259,	
写字台+书柜:257,	
置物架+梳妆台:256,	
餐桌+电脑椅:254,	
橱柜+水槽+厨柜:253,	
餐边柜+展示柜+门:252,	
书架+书柜+床:251,	
床+斗柜+文件柜:251,	
床+床头柜+茶几+电视柜:250,	
摆件+凳:248,	
摆件+电视柜+办公桌+工艺品:248,	
床+角几+床头柜+茶几:247,	
书架+书柜+摆件:246,	
餐桌+茶几+电视柜+沙发:243,	
书柜+衣柜+橱柜+门:243,	
置物架+浴缸:243,	
衣橱+衣柜+斗柜:242,	
衣柜+橱柜+厨柜+门:241,	
层架+置物架+衣橱+衣柜+橱柜:240,	
床+餐椅+凳:238,	
床+折叠椅+沙发:238,	
花艺+电视柜:237,	
餐边柜+边桌:236,	
马桶+门:234,	
书架+床+床头柜:234,	
床+摇椅+餐椅:234,	
床+边桌+茶几+沙发:234,	
餐边柜+床+床头柜+斗柜:233,	
置物架+衣架+门:232,	
床+床单+被套+枕套:232,	
置物架+鞋柜+凳+鞋架:232,	
衣橱+衣柜+衣帽架+衣架:231,	
床+凳+门:231,	
茶几+门:231,	
摆件+鞋柜:231,	
书柜+办公桌:231,	
斗柜+文件柜+门:231,	
更衣柜+衣柜+鞋柜+文件柜:229,	
床+床头柜+电视柜+斗柜:229,	
书架+床+置物架:229,	
书架+书柜+报刊架+置物架:225,	
餐边柜+橱柜+水槽:225,	
摆件+橱柜+电视柜:224,	
餐边柜+书柜:224,	
床+茶几+沙发+凳+门:224,	
书架+书柜+置物架+屏风+花架:223,	
衣橱+梳妆台+衣柜+门:222,	
层架+衣柜:220,	
角几+茶几+电视柜:219,	
床+床头柜+茶几+沙发:219,	
照片墙+沙发:218,	
边桌+沙发+门:218,	
花瓶+花艺+挂件:218,	
床+茶几+电视柜:216,	
餐桌+床+电脑桌:215,	
床+梳妆台+凳:214,	
床+摆件+电视柜:211,	
床+床头柜+摆件+花瓶:210,	
水槽+浴缸:210,	
角几+边桌+沙发:210,	
窗+花艺+茶几+橱柜:209,	
床+床头柜+梳妆台:207,	
书架+书柜+置物架+文件柜+门:205,	
花瓶+花架:205,	
写字台+书架+办公桌:204,	
写字台+书架+书柜+学习桌+电脑桌+办公桌:204,	
置物架+衣帽架+衣架+门:203,	
书架+书柜+床+置物架:203,	
衣帽架+鞋架:203,	
地板+展柜:203,	
照片墙+相框+挂件:201,	
置物架+衣柜+门:200,	
餐桌+床+床头柜:199,	
层架+置物架+橱柜+门:199,	
书柜+斗柜:198,	
窗+沙发+餐椅:198,	
凳+鞋架:197,	
写字台+书柜+学习桌:195,	
床+床头柜+保险柜:195,	
书架+书柜+展示柜+置物架+门:195,	
梳妆台+沙发+凳:195,	
书架+书柜+展示柜+文件柜:193,	
置物架+摆件:193,	
餐边柜+电视柜+门:191,	
前台+餐椅+凳:190,	
货架+书架+书柜+展示柜+置物架:190,	
窗+橱柜:190,	
餐桌+角几+边桌+茶几:189,	
书架+门:188,	
淋浴房+屏风+门:187,	
层架+置物架+衣橱+衣柜:185,	
花瓶+门:184,	
鞋柜+衣架+凳+门:184,	
货架+置物架:183,	
餐桌+床+床头柜+茶几+电视柜:183,	
书架+书柜+层架:183,	
床+电视柜:182,	
地板+衣柜+门:182,	
书架+书柜+置物架+斗柜:181,	
床+橱柜:181,	
衣橱+衣柜+鞋柜:181,	
鞋柜+衣帽架+门:181,	
层架+衣橱+衣柜:180,	
置物架+洗脸盆:180,	
摆件+鞋柜+电视柜:180,	
餐桌+窗:180,	
床+衣橱+床头柜+衣柜:178,	
衣帽架+门:178,	
窗+衣橱+橱柜+门:178,	
书架+置物架+屏风+花架:178,	
展示柜+屏风+门:178,	
床+鞋柜+凳+门+鞋架:178,	
地板+沙发+凳:178,	
龙头+花洒+浴缸:177,	
床+床头柜+摆件+电视柜:177,	
书架+衣柜:176,	
书架+置物架+文件柜:176,	
餐边柜+茶几+电视柜:176,	
置物架+衣橱+衣柜:176,	
书架+报刊架+置物架:175,	
窗+茶几+凳:175,	
沙发+餐椅+门:175,	
餐桌+学习桌+电脑桌:173,	
窗+沙发+门:171,	
格架+书架+置物架:171,	
鞋柜+斗柜+凳+门:171,	
书架+置物架+门:171,	
摆件+花架+凳:171,	
书架+书柜+学习桌+电脑桌+办公桌:171,	
衣柜+鞋柜+橱柜+凳+门:169,	
置物架+厨柜:169,	
窗+衣橱+衣柜+门:169,	
书架+书柜+报刊架:169,	
床+地板+电脑椅+沙发:167,	
床+床头柜+衣柜+鞋柜:167,	
衣柜+衣架+门:167,	
书架+书柜+办公桌:166,	
床+梳妆台:165,	
书柜+窗+门:164,	
展示柜+文件柜:164,	
窗+衣橱+衣柜+衣架:164,	
梳妆台+衣柜+门:164,	
书架+置物架+电脑桌:164,	
茶几+沙发+凳+门:163,	
书柜+展示柜+文件柜+门:163,	
置物架+鞋架:163,	
茶几+餐椅:163,	
书柜+电视柜:163,	
餐桌+办公椅+餐椅:163,	
窗+衣柜+衣架:163,	
沙发+餐椅+凳:163,	
梳妆台+电视柜:163,	
地板+电脑椅+沙发:162,	
床+床头柜+茶几+斗柜:162,	
置物架+衣柜+衣帽架+衣架:162,	
书柜+床+床头柜+斗柜:162,	
置物架+龙头+水槽:161,	
床+床头柜+鞋柜+电视柜:161,	
床+床罩:160,	
床+床裙+床罩+被套:160,	
衣橱+衣柜+斗柜+门:159,	
床+床头柜+相框:159,	
保险柜+门:159,	
写字台+学习桌+凳:158,	
窗+摆件+花架:157,	
电视柜+花架:156,	
书架+窗+摆件:156,	
床+床头柜+衣柜+门:156,	
窗+置物架+水槽:156,	
摆件+花艺:156,	
智能家居+门:155,	
书架+书柜+斗柜:154,	
书架+书柜+床+床头柜:154,	
窗+凳:154,	
书架+置物架+电视柜:154,	
床+学习桌:154,	
餐边柜+置物架+门:153,	
摆件+花瓶+橱柜:153,	
茶几+电视柜+门:152,	
置物架+文件柜:152,	
衣柜+厨柜+门:152,	
床+衣柜+床单:151,	
置物架+浴室柜:151,	
地板+橱柜+门:150,	
角几+边桌+茶几+沙发+花架:149,	
摆件+鞋柜+工艺品:149,	
鞋柜+茶几+电视柜+斗柜:148,	
餐桌+花瓶+电视柜:148,	
床+边桌+沙发+电脑桌:148,	
书架+花架:147,	
书架+书柜+电视柜:147,	
餐桌+摆件+花艺:146,	
床+床头柜+边桌+沙发:145,	
电视柜+斗柜+门:145,	
书架+床+电脑桌:145,	
摆件+花瓶+花架:145,	
写字台+书架+书柜+学习桌:144,	
床+窗+床单+沙发:144,	
餐边柜+厨柜+门:144,	
床+层架+置物架:144,	
地板+凳:144,	
置物架+橱柜+厨柜:144,	
书柜+学习桌+电脑桌:143,	
浴室柜+门:143,	
床+角几+床头柜+斗柜:143,	
衣柜+鞋柜+橱柜+厨柜+门:143,	
置物架+茶几:141,	
书架+书柜+置物架+文件柜:141,	
书柜+床:141,	
餐边柜+鞋柜+斗柜+门:140,	
展示柜+斗柜:140,	
洗面盆+洗脸盆+浴室柜:139,	
衣帽架+衣架+凳+鞋架:138,	
窗+龙头:138,	
床+茶几:138,	
床+床单+门:138,	
衣柜+橱柜+厨柜:138,	
窗+马桶+门:138,	
置物架+衣帽架+门:138,	
书架+置物架+屏风:137,	
窗+鞋柜+门:137,	
置物架+衣橱+衣柜+衣架:136,	
橱柜+衣架+门:136,	
鞋柜+橱柜:135,	
窗+相框+门:135,	
餐桌+橱柜:135,	
货架+书架+报刊架:135,	
层架+门:135,	
货架+书架+书柜:134,	
床+床头柜+鞋柜+鞋架:134,	
地板+电脑椅:133,	
床+床头柜+边桌+茶几+沙发:133,	
置物架+鞋柜+花架+鞋架:133,	
摆件+花瓶+花艺+茶几:132,	
置物架+屏风+花架:132,	
床+床头柜+衣柜+鞋柜+斗柜:132,	
更衣柜+衣柜+浴室柜+门:131,	
置物架+衣帽架+衣架+凳+门+鞋架:129,	
书架+书柜+置物架+浴室柜:129,	
床+斗柜+门:129,	
货架+窗+鞋架:129,	
报刊架+置物架:128,	
窗+衣架+门:128,	
淋浴房+衣柜+门:128,	
浴霸+花洒:127,	
床+床头柜+梳妆台+凳:127,	
电视柜+沙发:127,	
餐边柜+床+床头柜:127,	
办公椅+凳:126,	
床+衣柜+斗柜:125,	
书架+层架:125,	
床+窗+衣柜+门:125,	
衣柜+鞋柜+橱柜+电视柜+门:124,	
餐桌+衣柜+门:123,	
餐桌+麻将桌:123,	
餐边柜+鞋柜+斗柜:122,	
书柜+衣柜+鞋柜+门:122,	
沙发+斗柜:122,	
衣橱+衣架+门:121,	
床+床头柜+电脑桌:120,	
洗脸盆+马桶+花洒+浴室柜:120,	
梳妆台+电脑桌:120,	
书架+书柜+展示柜+置物架+文件柜:119,	
相框+门:118,	
餐桌+摆件+花瓶+花艺+茶几+电视柜:118,	
餐桌+床+凳:118,	
床+鞋柜+凳+门:118,	
书柜+橱柜+门:118,	
床+办公椅+折叠椅:118,	
摆件+电视柜+门:118,	
写字台+书柜+办公桌:117,	
书架+置物架+衣柜:117,	
床+鞋柜+沙发+凳+门+鞋架:117,	
书架+摆件:117,	
餐桌+办公桌+凳:116,	
床+床头柜+边桌+斗柜:116,	
前台+餐椅:115,	
写字台+餐桌+办公桌:114,	
电视柜+工艺品:114,	
书架+书柜+橱柜+门:114,	
床+床头柜+边桌+茶几:113,	
床+沙发+餐椅:113,	
鞋柜+斗柜+凳+鞋架:111,	
摆件+办公桌+工艺品:111,	
置物架+摆件+花架:110,	
床+茶几+电视柜+沙发:110,	
橱柜+斗柜+门:109,	
书柜+床+置物架+床头柜:109,	
货架+置物架+衣柜:109,	
床+床头柜+凳:109,	
床+衣橱+衣柜+门:109,	
货架+书架+置物架+门:109,	
窗+摆件+电视柜+工艺品:109,	
层架+置物架+橱柜+水槽:109,	
货架+书架+书柜+层架+置物架:108,	
餐桌+餐椅+门:108,	
书架+窗+置物架+摆件:108,	
床+衣柜+橱柜:108,	
书架+书柜+床+门:107,	
床+鞋柜+凳:107,	
餐桌+茶几+沙发+凳:107,	
床+床头柜+摆件+电脑桌:107,	
书架+摆件+电视柜:106,	
床+衣橱+衣柜:106,	
摆件+挂件+门:106,	
水槽+门:105,	
床+床笠+被套:105,	
置物架+衣橱+衣柜+衣帽架+衣架:104,	
置物架+衣架:104,	
餐边柜+茶几:103,	
床+边桌:102,	
餐桌+茶几+电视柜+斗柜:101,	
橱柜+水槽+门:101,	
床+边桌+茶几:101,	
书架+书柜+摆件+工艺品:101,	
餐边柜+电视柜+斗柜:101,	
餐桌+电脑椅+办公椅+餐椅:101,	
床+角几+边桌+沙发:100,	
挂件+电视柜:100,	
书柜+摆件+办公桌:100,	
窗+龙头+水槽:100,	
层架+置物架+鞋柜+鞋架:100,	
书柜+衣橱+衣柜:99,	
货架+书架:99,	
货架+书架+书柜+展示柜+置物架+展柜:98,	
餐边柜+书柜+门:98,	
窗+水槽+门:98,	
梳妆台+电视柜+凳:97,	
摆件+衣柜:97,	
鞋柜+屏风+门+鞋架:97,	
更衣柜+衣柜+鞋柜+文件柜+门:97,	
衣柜+凳:96,	
橱柜+衣架:96,	
马桶+花洒+浴室柜:96,	
床+窗+床头柜+摆件+花瓶:96,	
餐桌+床+鞋柜+茶几:96,	
餐桌+茶几+办公桌:96,	
床+保险柜+门:96,	
橱柜+沙发+凳:96,	
层架+置物架+厨柜:95,	
餐桌+沙发+餐椅:95,	
地板+衣柜:95,	
床+办公椅:95,	
床+地板+沙发+门:95,	
折叠椅+餐椅+凳:95,	
书柜+电脑椅+办公桌:95,	
摆件+花瓶+茶几+电视柜:95,	
餐边柜+电视柜+斗柜+门:94,	
书柜+摆件+花瓶+工艺品:94,	
书架+书柜+衣柜:93,	
餐边柜+摆件:93,	
花瓶+沙发:93,	
床+床头柜+文件柜+门:93,	
餐桌+床:93,	
餐边柜+衣柜+橱柜:92,	
摆件+花瓶+茶几:92,	
茶几+斗柜:92,	
书架+书柜+报刊架+置物架+门:92,	
置物架+屏风+门:92,	
浴霸+龙头+花洒:91,	
书架+书柜+衣柜+电脑桌:91,	
电脑椅+办公椅+折叠椅:91,	
餐桌+花艺:91,	
窗+花艺+门:91,	
餐桌+棋牌桌:91,	
摆件+前台+办公桌:90,	
格架+置物架:90,	
餐桌+鞋柜+茶几+电视柜:90,	
床+照片墙+相框:90,	
洗脸盆+衣柜+浴室柜:90,	
照片墙+摆件+相框:89,	
床+床品套件+床单+被套+枕套:89,	
床+置物架+办公桌:89,	
橱柜+办公桌:88,	
角几+茶几+沙发+花架:88,	
床+床裙+床品套件+被套:88,	
床+床笠+床裙:88,	
书架+展示柜+置物架:88,	
床+电脑桌+办公桌:88,	
摆件+工艺品+门:88,	
摆件+花架+工艺品:88,	
衣橱+衣柜+衣帽架+门:87,	
摆件+水槽:87,	
床+窗+电脑桌:87,	
摆件+相框:87,	
床+折叠椅+凳:87,	
书架+层架+置物架+鞋架:87,	
屏风+花架:87,	
地板+办公椅:86,	
床+窗+床头柜:86,	
床+角几+床头柜+边桌+沙发:86,	
床+橱柜+门:86,	
办公椅+前台+凳:85,	
照片墙+摆件+相框+挂件:85,	
餐边柜+书柜+展示柜:85,	
床+鞋柜+门+鞋架:85,	
床+摆件+电视柜+工艺品:85,	
照片墙+相框+门:85,	
床+床头柜+衣柜+橱柜+门:85,	
床+置物架+门:85,	
挂件+衣柜:84,	
书架+电视柜:84,	
壁炉+电视柜:84,	
货架+书架+书柜+置物架+门:84,	
书架+鞋柜:83,	
餐边柜+鞋柜+橱柜+门:83,	
床+窗+沙发:83,	
书架+窗:83,	
床+窗+床头柜+斗柜:83,	
书柜+衣橱+门:83,	
写字台+床+学习桌+电脑桌:83,	
衣柜+浴室柜+水槽:83,	
床+沙发+床罩:83,	
餐边柜+沙发:83,	
斗柜+办公桌:82,	
衣柜+文件柜:82,	
床+床头柜+鞋柜:82,	
沙发+凳+门+鞋架:82,	
鞋柜+衣帽架+衣架+门:82,	
书柜+床+衣柜:82,	
置物架+衣橱+衣柜+橱柜:82,	
餐边柜+鞋柜+屏风+门:81,	
衣柜+凳+门:81,	
置物架+斗柜:81,	
边桌+电视柜+门:81,	
置物架+挂件+水槽:80,	
置物架+衣柜+衣架:80,	
书柜+窗+摆件:80,	
窗+厨柜+门:79,	
书架+书柜+置物架+屏风:79,	
衣帽架+门+鞋架:79,	
床+角几+沙发:79,	
床+床笠+床裙+床罩:79,	
洗脸盆+水槽:79,	
电脑桌+凳:79,	
马桶+橱柜:79,	
餐桌+花瓶+电视柜+办公桌:78,	
衣架+凳:78,	
茶几+电视柜+凳:78,	
置物架+马桶+浴室柜:78,	
摆件+茶几+工艺品:78,	
窗+鞋柜+凳+门:78,	
鞋柜+衣帽架+门+鞋架:78,	
书架+书柜+橱柜:78,	
衣柜+办公桌+门:78,	
衣橱+衣柜+鞋架:78,	
床+凳+门+鞋架:78,	
茶几+办公桌:78,	
书柜+衣柜+电脑桌+凳:78,	
窗+餐椅:77,	
书柜+斗柜+文件柜:77,	
边桌+茶几+凳:77,	
书柜+鞋柜+门:77,	
衣柜+鞋柜+橱柜:77,	
床+床头柜+学习桌:77,	
床+沙发+电脑桌:77,	
书架+置物架+沙发:76,	
餐桌+办公椅+茶几+凳:76,	
电脑椅+办公椅+折叠椅+凳:76,	
床+床头柜+鞋柜+茶几+电视柜:76,	
浴缸+凳:76,	
床+角几+床头柜+边桌+茶几:76,	
更衣柜+衣柜+橱柜:76,	
电脑椅+折叠椅+沙发:76,	
货架+书架+置物架+展柜:75,	
衣柜+浴室柜+橱柜:75,	
窗+衣帽架+衣架:75,	
茶几+橱柜+电视柜+沙发:75,	
鞋柜+文件柜:75,	
摆件+斗柜:74,	
床+被罩+床笠+床单+被套:74,	
餐边柜+置物架+厨柜:74,	
餐边柜+橱柜+斗柜:74,	
更衣柜+衣柜+橱柜+门:74,	
层架+置物架+水槽:73,	
电脑椅+茶几+沙发+凳+门:73,	
餐桌+凳+门:73,	
窗+置物架+摆件+花架:73,	
餐边柜+餐桌+茶几+电视柜+斗柜:73,	
床+置物架+床头柜+梳妆台:73,	
床+窗+衣柜:73,	
餐桌+茶几+橱柜+凳:73,	
窗+摆件+挂件:73,	
学习桌+沙发:72,	
茶几+橱柜+沙发+凳:72,	
餐桌+茶几+电视柜+电脑桌:71,	
床+衣柜+沙发:71,	
衣柜+鞋柜+衣帽架+衣架+鞋架:71,	
床+被罩:71,	
书架+窗+摆件+茶几:71,	
花瓶+橱柜:71,	
更衣柜+衣柜+浴室柜+文件柜:71,	
地板+花架:71,	
书架+床+置物架+床头柜:71,	
书柜+橱柜:71,	
床+置物架+床头柜+斗柜:70,	
货架+衣柜:70,	
书架+鞋柜+鞋架:70,	
餐桌+床+摇椅+餐椅:70,	
床+窗+龙头:70,	
餐桌+折叠椅+凳:69,	
窗+挂件+屏风+门:69,	
层架+置物架+马桶:69,	
摆件+花瓶+斗柜+工艺品:69,	
床+床头柜+摆件+鞋柜+电视柜:69,	
橱柜+沙发:69,	
餐椅+凳+门:68,	
窗+龙头+门:68,	
书柜+鞋柜:68,	
摆件+相框+电视柜:68,	
窗+工艺品:68,	
摆件+花瓶+花艺+电视柜+工艺品:68,	
床+边桌+沙发:68,	
花瓶+花艺+电视柜:68,	
床+展示柜+床头柜+斗柜:68,	
餐边柜+鞋柜+橱柜:68,	
书架+床+床头柜+摆件:68,	
摆件+凳+门:68,	
电脑椅+办公椅+沙发+餐椅:68,	
床+茶几+橱柜+电视柜+沙发:68,	
梳妆台+餐椅+凳:67,	
书架+书柜+摆件+橱柜:67,	
浴室柜+橱柜+门:67,	
床+窗+衣柜+橱柜+凳+门:67,	
工艺品+门:67,	
摆件+马桶:67,	
展柜+门:67,	
床+衣柜+保险柜:66,	
床+窗+橱柜:66,	
书架+鞋柜+屏风+门:66,	
床+折叠椅+床单+沙发:66,	
鞋柜+茶几+电视柜:66,	
展示柜+斗柜+门:66,	
角几+茶几+沙发+麻将桌:66,	
窗+智能家居+门:66,	
床+角几+边桌+茶几+沙发+电脑桌:66,	
货架+置物架+橱柜:65,	
衣橱+衣柜+衣帽架:65,	
置物架+衣柜+办公桌:65,	
置物架+衣帽架:65,	
床+被罩+床品套件+床单+被套:65,	
电脑椅+茶几+沙发+凳:65,	
地板+沙发+门:65,	
电脑桌+餐椅:65,	
层架+置物架+鞋架:65,	
地板+衣柜+橱柜+门:65,	
衣柜+文件柜+门:64,	
窗+电视柜:64,	
摆件+茶几+电视柜+工艺品:64,	
书柜+电视柜+门:64,	
摆件+电视柜+电脑桌:64,	
床+电脑椅+床单+沙发:64,	
角几+置物架+边桌+茶几+沙发:64,	
办公桌+门:63,	
茶几+橱柜:63,	
餐边柜+橱柜+水槽+厨柜:63,	
餐边柜+展示柜+斗柜:63,	
书架+书柜+床+床头柜+门:63,	
床+摇椅+折叠椅:63,	
床+置物架+橱柜:63,	
餐桌+茶几+沙发:63,	
餐桌+床+餐椅:63,	
床+沙发+斗柜:63,	
挂件+沙发+门:63,	
床+电脑椅+沙发+凳:62,	
置物架+斗柜+门:62,	
地板+折叠椅+沙发:62,	
置物架+挂件+花架:62,	
边桌+沙发:62,	
餐桌+电脑椅+餐椅+凳:62,	
货架+餐桌+床+床头柜+花瓶:62,	
餐边柜+橱柜+斗柜+门:62,	
餐桌+办公桌+门:62,	
床+床头柜+摆件+相框+电视柜:62,	
货架+书柜:61,	
窗+置物架+门:61,	
床+被罩+床品套件+床单:61,	
餐桌+电脑椅+办公椅:61,	
餐桌+办公椅+餐椅+凳:61,	
床+鞋架:61,	
花瓶+挂件:61,	
衣橱+衣柜+鞋柜+门:61,	
床+置物架+衣柜+橱柜:61,	
餐桌+窗+茶几+门:61,	
餐桌+床+茶几:61,	
床+床头柜+衣帽架+衣架:61,	
鞋柜+衣帽架+衣架+鞋架:60,	
鞋柜+衣架+鞋架:60,	
花艺+花架:60,	
餐边柜+书架+置物架:60,	
床+床笠+床品套件:60,	
货架+书架+鞋柜+货柜+鞋架:60,	
衣柜+鞋柜+门+鞋架:60,	
衣橱+斗柜:60,	
摆件+屏风:60,	
书架+书柜+置物架+衣橱:60,	
马桶+橱柜+门:60,	
摆件+橱柜+办公桌:60,	
餐桌+办公椅+凳:60,	
衣柜+屏风+门:60,	
衣柜+茶几+门:60,	
展示柜+文件柜+门:59,	
书柜+衣柜+文件柜+门:59,	
书柜+衣橱+衣柜+门:59,	
展示柜+窗:59,	
报刊架+门:59,	
置物架+电视柜+沙发:59,	
书架+文件柜+门:59,	
摆件+屏风+工艺品:59,	
床+梳妆台+衣柜:58,	
书柜+衣柜+鞋柜+橱柜+门:58,	
角几+茶几+电视柜+沙发:58,	
货架+窗:58,	
电脑椅+前台+餐椅:58,	
餐桌+摆件+花瓶+花艺+工艺品:58,	
窗+摆件+茶几+凳:58,	
写字台+书柜+学习桌+电脑桌:58,	
餐边柜+餐桌+餐椅:58,	
洗面盆+浴室柜:57,	
餐边柜+窗+橱柜:57,	
地板+浴缸:57,	
衣柜+沙发:57,	
角几+置物架+茶几+沙发:57,	
书架+书柜+置物架+展柜:57,	
摆件+花瓶+斗柜:57,	
马桶+花洒:57,	
电脑椅+办公椅+沙发+凳:57,	
餐桌+电脑桌+凳:57,	
床+挂件:57,	
餐边柜+书柜+置物架+文件柜:57,	
窗+置物架+橱柜:56,	
餐桌+摆件+工艺品:56,	
餐边柜+层架+置物架+橱柜:56,	
书柜+衣柜+文件柜:56,	
床+床裙+床单+被套:56,	
摆件+花瓶+花艺+花架:56,	
餐桌+床+沙发:56,	
花瓶+挂件+门:56,	
床+角几+边桌+茶几:56,	
书架+书柜+摆件+鞋柜+橱柜+电视柜:56,	
书柜+学习桌+电脑桌+办公桌:56,	
床+沙发+餐椅+门:56,	
窗+置物架+挂件:55,	
床+床笠+床品套件+床罩:55,	
书架+摆件+橱柜:55,	
橱柜+工艺品:55,	
摆件+电视柜+花架:55,	
书架+层架+置物架+屏风:55,	
窗+置物架+花架+办公桌:55,	
窗+花瓶:55,	
窗+鞋架:55,	
鞋柜+电视柜:55,	
办公椅+电脑桌:55,	
书架+窗+置物架:54,	
展示柜+置物架+鞋柜+屏风+门:54,	
地板+展示柜:54,	
鞋柜+衣帽架:54,	
橱柜+凳:54,	
餐桌+茶几+门:54,	
挂件+工艺品+门:54,	
货架+书架+置物架+花架+鞋架:54,	
书柜+床+床头柜+摆件:54,	
梳妆台+门:54,	
床+摇椅+床单:53,	
餐边柜+摆件+工艺品:53,	
床+衣架+门:53,	
鞋柜+屏风+凳:53,	
衣柜+茶几:53,	
摆件+橱柜+电视柜+工艺品:53,	
床+衣柜+鞋柜:53,	
橱柜+电视柜:53,	
餐桌+边桌+茶几:53,	
书架+橱柜:53,	
货架+书架+置物架+花架:52,	
摆件+花瓶+电视柜+办公桌:52,	
餐桌+地板:52,	
橱柜+展柜+门:52,	
床+床头柜+保险柜+门:52,	
窗+花架+门:52,	
龙头+花洒+门:52,	
地板+衣橱+橱柜+门:52,	
摆件+电视柜+凳:52,	
餐边柜+书柜+鞋柜+门:51,	
餐桌+梳妆台+凳:51,	
茶几+电脑桌:51,	
床+茶几+门:51,	
床+角几+置物架+边桌+茶几+沙发:51,	
餐边柜+置物架+厨柜+门:51,	
置物架+鞋柜+凳+门+鞋架:51,	
角几+边桌+茶几+沙发+电脑桌:51,	
床+枕套:51,	
床+挂件+门:51,	
餐桌+窗+花瓶:51,	
窗+摆件+花艺:51,	
书柜+床+床头柜+摆件+橱柜:51,	
床+被罩+床裙+床罩:50,	
床+窗+床单+被套:50,	
餐边柜+边桌+门:50,	
床+茶几+凳:50,	
书架+展示柜:50,	
床+床头柜+花瓶:50,	
鞋柜+橱柜+门+鞋架:50,	
餐边柜+橱柜+电视柜+门:50,	
货架+窗+衣架:49,	
龙头+浴室柜:49,	
书架+书柜+衣柜+学习桌+电脑桌+门:49,	
衣橱+衣帽架+衣架:49,	
置物架+鞋柜+门:49,	
餐桌+学习桌+餐椅+凳:49,	
摆件+斗柜+工艺品:49,	
货架+层架+置物架+衣柜:49,	
床+电脑椅+办公椅+沙发:49,	
衣柜+衣帽架+衣架+门:49,	
床+沙发+餐椅+凳:49,	
餐桌+摆件+花艺+茶几:49,	
书架+置物架+摆件:49,	
写字台+餐桌+窗:49,	
床+床头柜+衣柜+鞋柜+鞋架:49,	
床+摆件+相框+电视柜:49,	
书架+书柜+衣柜+门:49,	
床+床头柜+斗柜+凳:49,	
鞋柜+衣帽架+衣架+凳+门:49,	
置物架+鞋柜:48,	
书柜+摆件+办公桌+工艺品:48,	
书架+床+学习桌+电脑桌:48,	
餐边柜+衣柜+斗柜:48,	
摆件+茶几+电视柜+沙发:48,	
办公椅+沙发+餐椅:48,	
层架+置物架+浴室柜+门:48,	
窗+挂件+工艺品+门:48,	
书柜+地板+文件柜:48,	
层架+置物架+电视柜:48,	
展示柜+窗+门:48,	
餐边柜+鞋柜+电视柜+门:48,	
写字台+书架+书柜+衣柜+电脑桌:48,	
餐桌+床+床头柜+摆件:48,	
书柜+斗柜+门:47,	
置物架+茶几+电视柜:47,	
衣柜+茶几+橱柜+门:47,	
马桶+浴室柜:47,	
办公椅+折叠椅:47,	
床+层架+置物架+橱柜:47,	
床+相框:47,	
书架+展示柜+置物架+屏风:47,	
货架+展示柜+门:47,	
置物架+边桌+门:47,	
地板+橱柜:47,	
电脑椅+茶几:47,	
衣柜+衣帽架:47,	
书架+书柜+展示柜+文件柜+门:47,	
龙头+衣帽架+衣架+鞋架:47,	
展示柜+置物架:47,	
窗+衣橱+门:46,	
层架+花架:46,	
床+床头柜+茶几+凳:46,	
地板+餐椅:46,	
衣柜+电视柜+门:46,	
窗+花架+办公桌:46,	
书柜+展示柜+橱柜+门:46,	
相框+衣柜+门:46,	
床+边桌+电脑桌+办公桌:46,	
摆件+鞋柜+电视柜+门:46,	
床+橱柜+沙发+凳:46,	
鞋柜+斗柜+门+鞋架:46,	
餐桌+橱柜+门:46,	
餐桌+摆件+花瓶+电视柜+工艺品:46,	
衣橱+鞋柜+橱柜+门:46,	
书架+书柜+置物架+橱柜+门:46,	
窗+衣橱+橱柜:46,	
角几+马桶+沙发:46,	
窗+花架+凳:46,	
床+床头柜+衣柜+鞋柜+门:46,	
梳妆台+餐椅:46,	
床+被套+枕套:45,	
窗+电脑桌:45,	
餐桌+窗+摆件+梳妆台+电视柜:45,	
衣帽架+凳+门:45,	
斗柜+凳:45,	
学习桌+电脑桌+凳:45,	
书柜+衣柜+斗柜+门:45,	
花瓶+花艺+茶几:45,	
摆件+花艺+茶几:45,	
鞋柜+斗柜+鞋架:45,	
展示柜+窗+展柜:45,	
摆件+鞋柜+电视柜+工艺品:45,	
衣橱+衣柜+鞋柜+鞋架:45,	
书柜+置物架+文件柜+门:45,	
窗+衣橱+衣架:44,	
货架+门:44,	
床+床裙+床品套件+床单:44,	
层架+置物架+衣柜+鞋柜+橱柜:44,	
餐桌+床+摆件+花瓶+电视柜:44,	
龙头+橱柜+水槽:44,	
窗+浴缸+门:44,	
床+置物架+床头柜+茶几:44,	
床+床头柜+橱柜:44,	
床+床头柜+摆件+茶几:44,	
衣柜+橱柜+电脑桌+门:44,	
餐桌+茶几+电脑桌:44,	
展示柜+门+鞋架:44,	
置物架+鞋柜+衣帽架+衣架+门+鞋架:44,	
床+衣柜+衣架:44,	
窗+办公椅+沙发:44,	
照片墙+花艺+相框+挂件:43,	
电脑桌+餐椅+凳:43,	
床+电视柜+办公桌:43,	
置物架+展柜:43,	
窗+衣柜+鞋柜+橱柜+门:43,	
床+窗+床头柜+摆件+电脑桌+工艺品:43,	
书柜+橱柜+文件柜:43,	
地板+展柜+门:43,	
电脑桌+文件柜:43,	
餐桌+床+沙发+凳:43,	
床+床头柜+摆件+梳妆台:43,	
写字台+梳妆台+电脑桌+办公桌:43,	
淋浴房+凳:43,	
斗柜+展柜:43,	
衣柜+橱柜+电视柜+门:43,	
电脑椅+折叠椅:43,	
床+电脑椅+凳:43,	
餐桌+电脑椅+凳:43,	
角几+花架:43,	
置物架+挂件+厨柜:43,	
书柜+摆件+电视柜+办公桌:43,	
床+龙头+花洒:43,	
书柜+鞋柜+屏风+门:43,	
写字台+床+电脑桌:43,	
书架+摆件+工艺品:42,	
书架+书柜+电脑桌+门:42,	
摆件+花艺+花架:42,	
床+置物架+床头柜+摆件:42,	
龙头+马桶:42,	
置物架+挂件+橱柜:42,	
书架+鞋柜+门:42,	
窗+淋浴房:42,	
床+床裙+床品套件:42,	
床+床头柜+办公桌+文件柜:42,	
餐边柜+餐桌+鞋柜+茶几+电视柜:42,	
餐边柜+摆件+电视柜:42,	
写字台+餐桌+电脑桌:42,	
边桌+橱柜+门:42,	
挂件+衣柜+门:42,	
书柜+置物架+文件柜:42,	
床+地板+电脑椅+折叠椅+沙发:42,	
床+电脑椅+折叠椅+沙发:41,	
餐桌+学习桌+餐椅:41,	
角几+边桌+茶几+沙发+凳:41,	
餐边柜+餐桌+置物架:41,	
餐椅+麻将桌:41,	
床+水槽:41,	
斗柜+厨柜:41,	
窗+鞋柜+屏风+门:41,	
衣柜+衣架+门+鞋架:41,	
书架+书柜+层架+置物架+花架:41,	
马桶+花洒+坐便器+浴室柜:41,	
更衣柜+衣柜+鞋柜+浴室柜+门:41,	
餐边柜+书柜+斗柜:41,	
相框+挂件:41,	
餐桌+床+电视柜:41,	
置物架+屏风:41,	
书架+衣柜+门:41,	
床+地板:41,	
书柜+衣柜+橱柜:41,	
餐边柜+床+床头柜+电视柜:41,	
置物架+衣帽架+鞋架:40,	
床+衣柜+斗柜+门:40,	
餐边柜+展示柜+斗柜+门:40,	
床+床头柜+茶几+电脑桌:40,	
写字台+书柜+学习桌+电脑桌+办公桌:40,	
书架+书柜+衣柜+学习桌+电脑桌:40,	
餐桌+摆件+花艺+茶几+电视柜:40,	
书架+电脑桌+凳+门:40,	
花瓶+电视柜+办公桌:39,	
书架+书柜+摆件+鞋柜+工艺品:39,	
窗+沙发+凳:39,	
餐边柜+浴室柜+橱柜:39,	
床+窗+床头柜+摆件:39,	
床+衣橱+橱柜:39,	
窗+橱柜+餐椅+门:39,	
餐桌+茶几+电视柜+餐椅:39,	
书柜+置物架+摆件+工艺品:39,	
斗柜+工艺品:39,	
写字台+床+边桌+电脑桌+办公桌:39,	
摆件+花瓶+电视柜+花架:39,	
鞋柜+衣帽架+衣架:39,	
衣柜+电视柜:38,	
衣柜+厨柜:38,	
格架+书架+办公桌:38,	
床+衣帽架+衣架:38,	
梳妆台+茶几+凳:38,	
置物架+衣柜+衣帽架+门:38,	
窗+摆件+花瓶:38,	
衣柜+橱柜+办公桌+门:38,	
折叠椅+餐椅:38,	
床+枕巾+枕套:38,	
床+角几+茶几:38,	
床+床头柜+摆件+电视柜+工艺品:38,	
窗+挂件+屏风+工艺品+门:38,	
餐桌+层架+置物架:38,	
床+衣架+餐椅:38,	
书柜+展示柜+电视柜+门:38,	
窗+马桶+水槽+门:38,	
沙发+电脑桌:38,	
衣柜+橱柜+衣架:38,	
书架+层架+花架:38,	
层架+置物架+衣柜+鞋架:38,	
餐桌+床+床头柜+花瓶:38,	
餐边柜+书柜+展示柜+门:38,	
床+衣柜+橱柜+门:38,	
餐桌+鞋柜:38,	
床+窗+挂件+门:37,	
书架+书柜+摆件+电视柜:37,	
书架+书柜+床+电脑桌:37,	
马桶+沙发+门:37,	
置物架+花架+办公桌:37,	
书柜+更衣柜+衣柜+文件柜+门:37,	
角几+斗柜:37,	
货架+书架+书柜+置物架+办公桌:37,	
花瓶+电视柜+工艺品:37,	
电视柜+办公桌:37,	
床+床笠+床裙+床品套件+床罩:37,	
窗+更衣柜+衣柜+门:37,	
床+窗+床单+门:37,	
相框+橱柜+门:37,	
挂件+沙发+工艺品:37,	
餐桌+电脑桌+办公桌+凳:37,	
餐边柜+书架+书柜+浴室柜:37,	
衣架+鞋架:37,	
衣橱+衣柜+衣帽架+衣架+鞋架:37,	
层架+置物架+衣帽架+衣架+门+鞋架:37,	
鞋柜+屏风+凳+门:37,	
摆件+工艺品+凳:37,	
床+梳妆台+沙发+凳:37,	
茶几+电视柜+斗柜+门:37,	
餐边柜+餐桌+斗柜:37,	
相框+电视柜:37,	
层架+鞋柜+鞋架:37,	
书架+床+层架+置物架:37,	
书架+书柜+置物架+电脑桌+办公桌:37,	
书架+鞋架:37,	
展示柜+置物架+电视柜:37,	
鞋柜+衣架:37,	
餐边柜+水槽+厨柜:36,	
床+花架:36,	
保险柜+文件柜+门:36,	
货架+展示柜+窗:36,	
货架+书架+层架+置物架+花架:36,	
货架+窗+置物架+鞋架:36,	
书架+书柜+置物架+货柜:36,	
书架+电视柜+电脑桌:36,	
床+床头柜+边桌+斗柜+电脑桌:36,	
床+鞋柜:36,	
床+摆件+茶几:36,	
橱柜+凳+门:36,	
置物架+衣橱+衣架:36,	
餐边柜+鞋柜+门+鞋架:36,	
衣柜+办公桌:36,	
床+马桶:36,	
书柜+办公桌+门:36,	
床+窗+茶几:36,	
展示柜+摆件:36,	
书柜+床+学习桌:36,	
电脑椅+办公椅+折叠椅+餐椅+门:36,	
衣橱+更衣柜+衣柜+门:36,	
书架+书柜+置物架+电视柜:36,	
马桶+沙发:36,	
书柜+床+置物架+办公桌:35,	
书柜+展示柜+置物架:35,	
衣柜+衣帽架+门:35,	
衣柜+浴室柜+橱柜+厨柜+门:35,	
窗+摆件+凳:35,	
餐边柜+置物架+斗柜:35,	
茶几+餐椅+凳:35,	
屏风+电脑桌+办公桌:35,	
书架+衣柜+橱柜:35,	
角几+沙发+花架:35,	
书架+置物架+鞋柜+鞋架:35,	
书架+书柜+屏风:35,	
照片墙+门:35,	
书架+书柜+花架:34,	
地板+窗+凳+门:34,	
餐边柜+斗柜+文件柜:34,	
餐桌+床+床头柜+斗柜:34,	
书架+屏风:34,	
床+床头柜+沙发+斗柜+门:34,	
层架+橱柜:34,	
书架+置物架+花架+鞋架:34,	
置物架+花架+门:34,	
角几+边桌+茶几+凳:34,	
书柜+衣柜+学习桌+电脑桌:34,	
书架+书柜+层架+门:34,	
窗+摆件+茶几:34,	
鞋柜+电视柜+门:34,	
龙头+花洒+水槽:34,	
置物架+花架+鞋架:34,	
餐桌+摆件+电视柜+办公桌:34,	
床+置物架+沙发:34,	
窗+电视柜+花架:34,	
床+角几+边桌:34,	
电脑椅+餐椅+办公桌:34,	
衣柜+橱柜+电视柜+凳:34,	
橱柜+文件柜+门:34,	
茶几+橱柜+门:34,	
餐边柜+层架+置物架:34,	
床+床头柜+摆件+花艺:34,	
餐边柜+床:34,	
斗柜+电脑桌+办公桌:34,	
书柜+衣橱:33,	
橱柜+餐椅+门:33,	
写字台+书架+衣柜+电脑桌:33,	
屏风+文件柜:33,	
床+层架+置物架+床头柜:33,	
床+床头柜+电视柜+沙发:33,	
床+茶几+橱柜+沙发:33,	
橱柜+文件柜:33,	
床+床头柜+橱柜+斗柜:33,	
书柜+电视柜+凳:33,	
洗脸盆+马桶+花洒+坐便器+浴室柜:33,	
书架+衣柜+鞋柜:33,	
餐桌+梳妆台+沙发+凳:33,	
窗+茶几+橱柜+门:32,	
餐桌+餐椅+办公桌:32,	
窗+衣柜+沙发+门:32,	
写字台+电脑桌+凳:32,	
写字台+书架+书柜+衣柜:32,	
床+床头柜+床单:32,	
床+床笠+床单+床罩:32,	
餐边柜+文件柜:32,	
书柜+摆件+鞋柜+橱柜:32,	
浴缸+门:32,	
展示柜+凳+厨柜+鞋架:32,	
床+角几+置物架+茶几+沙发:32,	
摆件+沙发:32,	
床+床笠+床裙+床罩+被套:32,	
书架+书柜+床+床头柜+衣柜+鞋柜:32,	
窗+花瓶+电脑桌:32,	
床+边桌+学习桌+电脑桌:32,	
层架+置物架+挂件+橱柜:32,	
花架+工艺品:32,	
床+梳妆台+衣柜+门:32,	
餐桌+床+床头柜+摆件+花瓶:32,	
书架+书柜+置物架+摆件:32,	
梳妆台+办公桌:31,	
餐桌+学习桌+凳:31,	
餐边柜+书架+书柜+门:31,	
置物架+沙发+花架:31,	
床+被罩+床品套件+被套:31,	
摆件+花瓶+沙发:31,	
衣橱+斗柜+门:31,	
摆件+茶几+橱柜:31,	
置物架+梳妆台+办公桌:31,	
衣柜+鞋柜+文件柜:31,	
展示柜+摆件+鞋柜+屏风+门:31,	
置物架+鞋柜+花架+门+鞋架:31,	
书架+沙发:31,	
床+窗+橱柜+门:31,	
电脑椅+沙发+电脑桌:31,	
摆件+花架+办公桌:31,	
书架+书柜+置物架+衣帽架:31,	
展示柜+电视柜+门:31,	
餐桌+衣架:31,	
置物架+斗柜+凳:31,	
餐桌+床+边桌+沙发+电脑桌:31,	
沙发+斗柜+门:31,	
书柜+摆件+相框:31,	
床+摆件+挂件:31,	
书架+书柜+置物架+货柜+门:31,	
书架+床+置物架+鞋架:31,	
电视柜+文件柜:31,	
书架+书柜+置物架+边桌:30,	
办公椅+门:30,	
床+床头柜+梳妆台+茶几+凳:30,	
床+茶几+浴室柜+橱柜+沙发:30,	
置物架+衣橱:30,	
床+屏风+办公桌:30,	
摇椅+门:30,	
书架+书柜+层架+置物架+花架+鞋架:30,	
马桶+坐便器+门:30,	
摇椅+茶几:30,	
餐桌+餐椅+凳+门:30,	
摆件+花瓶+橱柜+电视柜:30,	
书架+置物架+衣架:30,	
餐边柜+餐桌+摆件:30,	
餐桌+边桌+茶几+沙发:30,	
书架+展示柜+置物架+摆件+屏风+工艺品:30,	
床+摆件+电脑桌:30,	
洗脸盆+橱柜:30,	
床+床头柜+梳妆台+茶几:30,	
龙头+衣帽架+衣架+门+鞋架:30,	
床+床单+床罩+被套:30,	
货架+窗+屏风:30,	
电脑桌+办公桌+文件柜:30,	
餐桌+床+鞋柜+茶几+电视柜:30,	
货架+书架+展示柜+置物架:30,	
层架+置物架+花架+办公桌:30,	
更衣柜+衣柜+保险柜+文件柜:30,	
梳妆台+沙发+餐椅+凳:30,	
地板+衣柜+橱柜:30,	
书柜+摆件+花瓶:30,	
层架+电视柜:30,	
书架+床+衣柜+学习桌+门:30,	
衣架+门+鞋架:30,	
书架+书柜+展柜:30,	
摆件+电脑桌+工艺品:29,	
床+床头柜+相框+电视柜:29,	
边桌+茶几+沙发+凳:29,	
床+床头柜+工艺品:29,	
书柜+层架+置物架:29,	
餐桌+办公椅:29,	
床+摆件+门:29,	
货架+书架+书柜+展示柜+货柜+门:29,	
书架+床+床头柜+凳:29,	
浴霸+智能家居:29,	
餐桌+茶几+餐椅+凳:29,	
橱柜+电脑桌:29,	
置物架+衣柜+橱柜+办公桌:29,	
电脑椅+前台:29,	
电脑椅+沙发+餐椅+凳:29,	
餐桌+电脑椅+办公椅+沙发+餐椅:29,	
书架+电视柜+斗柜:29,	
床+摆件+橱柜+工艺品:29,	
餐边柜+书架+书柜+置物架+门:29,	
书架+书柜+窗+置物架:29,	
餐边柜+橱柜+电视柜:29,	
餐椅+办公桌:29,	
书架+书柜+置物架+衣柜:29,	
货架+书架+置物架+鞋架:29,	
窗+凳+门:29,	
床+摆件+相框:29,	
床+床笠+沙发:29,	
餐桌+办公椅+麻将桌:29,	
床+鞋柜+凳+鞋架:29,	
地板+层架+花架:29,	
书柜+橱柜+斗柜+门:28,	
挂件+衣架:28,	
床+边桌+沙发+门:28,	
餐边柜+水槽:28,	
摆件+电视柜+工艺品+门:28,	
床+床头柜+茶几+保险柜+凳:28,	
床+电脑桌+门:28,	
床+马桶+沙发:28,	
衣橱+衣柜+衣架+鞋架:28,	
餐边柜+鞋柜+鞋架:28,	
置物架+摆件+屏风+花架:28,	
摇椅+茶几+沙发:28,	
货架+书架+书柜+展示柜+置物架+货柜:28,	
鞋柜+橱柜+衣架+凳+门:28,	
床+报刊架:28,	
层架+置物架+衣柜+衣架:28,	
书架+床+置物架+床头柜+花架+门:28,	
货架+窗+屏风+衣架:28,	
床+床罩+被套:28,	
餐桌+床+沙发+餐椅+凳:28,	
餐边柜+展示柜+电视柜:28,	
书架+窗+置物架+摆件+沙发:28,	
书架+床+床单:28,	
书架+书柜+层架+文件柜+门:28,	
床+窗+摆件:28,	
床+置物架+衣柜+门:28,	
床+茶几+橱柜+电视柜+沙发+餐椅:28,	
书柜+摆件+花瓶+电视柜:28,	
置物架+衣柜+鞋柜:28,	
展示柜+电视柜+斗柜:28,	
层架+衣柜+衣帽架+衣架+鞋架:28,	
餐桌+茶几+电视柜+斗柜+餐椅:28,	
衣柜+衣架+厨柜+门:28,	
橱柜+电视柜+沙发+凳:28,	
窗+工艺品+门:28,	
书架+衣架:27,	
书柜+学习桌+凳:27,	
餐边柜+书架+书柜:27,	
书架+床+置物架+床头柜+门:27,	
餐边柜+餐桌+橱柜:27,	
餐边柜+边桌+橱柜:27,	
窗+更衣柜+衣柜+橱柜:27,	
餐边柜+摆件+门:27,	
餐桌+衣柜+橱柜:27,	
书柜+床+文件柜:27,	
书架+置物架+屏风+文件柜:27,	
展示柜+鞋柜+斗柜+门:27,	
餐桌+摆件+花瓶+电视柜+门:27,	
餐边柜+书架+书柜+置物架:27,	
摆件+挂件:27,	
电脑椅+茶几+餐椅:27,	
摇椅+折叠椅+沙发:27,	
床+办公椅+沙发:27,	
床+床头柜+梳妆台+鞋柜+茶几+电视柜:27,	
餐桌+棋牌桌+衣架:27,	
前台+沙发:27,	
床+被罩+床笠+床品套件+床单:27,	
地板+花艺:27,	
窗+洗脸盆+水槽:27,	
置物架+电脑桌+办公桌:27,	
摆件+鞋柜+斗柜+凳+门:27,	
马桶+浴缸:26,	
写字台+凳:26,	
马桶+花洒+坐便器:26,	
淋浴房+橱柜+门:26,	
窗+鞋柜+橱柜+门:26,	
餐桌+鞋柜+茶几+斗柜:26,	
书架+书柜+展示柜+屏风:26,	
床+床头柜+办公桌:26,	
餐桌+床+床头柜+茶几+电视柜+凳:26,	
置物架+办公桌+文件柜:26,	
床+置物架+厨柜:26,	
橱柜+沙发+餐椅+门:26,	
餐桌+床+边桌+电脑桌:26,	
办公椅+折叠椅+餐椅:26,	
餐边柜+床+床头柜+门:26,	
书架+窗+花架:26,	
边桌+茶几+门:26,	
衣柜+衣架+鞋架:26,	
货架+餐桌:26,	
床+凳+鞋架:26,	
床+角几+床头柜+边桌:26,	
餐桌+茶几+餐椅:26,	
衣柜+浴室柜+门:26,	
餐桌+床+床头柜+摆件+花瓶+花艺:26,	
置物架+衣柜+鞋柜+鞋架:26,	
窗+摆件+屏风:26,	
书柜+窗+厨柜:26,	
餐桌+茶几+电脑桌+办公桌:26,	
床+层架+置物架+衣柜+橱柜:26,	
床+床头柜+摆件+花瓶+花艺+梳妆台:26,	
办公桌+文件柜+门:26,	
餐桌+角几+茶几+沙发:26,	
床+床裙+床品套件+床单+被套:26,	
餐边柜+餐桌+斗柜+餐椅:26,	
摆件+花瓶+橱柜+电视柜+工艺品:26,	
床+电脑椅+折叠椅:26,	
地板+电脑椅+折叠椅+沙发:25,	
书柜+衣柜+鞋柜:25,	
床+床笠+床品套件+被套:25,	
书柜+床+电脑桌+办公桌:25,	
茶几+电视柜+电脑桌:25,	
衣柜+斗柜+文件柜:25,	
床+床头柜+沙发+门:25,	
床+挂件+沙发:25,	
床+床裙+床品套件+床罩:25,	
餐桌+摆件+花瓶+茶几+电视柜:25,	
展示柜+窗+橱柜+文件柜+门:25,	
餐边柜+床+床头柜+茶几:25,	
置物架+衣柜+橱柜+衣架:25,	
水槽+厨柜:25,	
展示柜+浴室柜:25,	
学习桌+餐椅:25,	
屏风+办公桌+门:25,	
餐桌+电视柜+沙发:25,	
餐边柜+鞋柜+电视柜:25,	
书架+层架+置物架+橱柜:25,	
床+床单+衣架:25,	
置物架+衣柜+鞋架:25,	
餐边柜+摆件+沙发:25,	
展示柜+衣柜:25,	
书柜+置物架+衣橱+衣柜:25,	
茶几+斗柜+餐椅:25,	
床+角几+边桌+沙发+电脑桌:25,	
书柜+保险柜+文件柜:25,	
层架+置物架+洗脸盆:25,	
电脑桌+办公桌+凳:25,	
衣柜+衣帽架+门+鞋架:25,	
床+床头柜+摆件+电视柜+前台:25,	
书架+置物架+浴室柜:25,	
餐桌+斗柜+餐椅:25,	
窗+置物架+挂件+水槽:25,	
床+床裙+床单:25,	
置物架+衣柜+斗柜:25,	
书架+书柜+展柜+货柜:25,	
写字台+梳妆台+电脑桌:25,	
衣架+智能家居:24,	
餐桌+角几+茶几+电视柜:24,	
衣柜+电脑桌:24,	
床+摆件+鞋柜:24,	
衣橱+橱柜+电视柜+凳:24,	
餐桌+床+边桌+学习桌+茶几:24,	
写字台+书架+书柜+办公桌:24,	
沙发+花架:24,	
床+斗柜+办公桌+文件柜:24,	
餐桌+角几+茶几:24,	
层架+置物架+前台:24,	
电脑椅+前台+凳:24,	
床+展示柜+床头柜:24,	
斗柜+电脑桌:24,	
地板+龙头+门:24,	
货架+水槽:24,	
床+窗+床头柜+衣柜+橱柜+门:24,	
置物架+淋浴房:24,	
书柜+电脑桌+门:24,	
床+置物架+床头柜+花架:24,	
床+相框+沙发:24,	
餐桌+摆件+梳妆台+鞋柜+茶几:24,	
摆件+电视柜+电脑桌+工艺品:24,	
书柜+展示柜+货柜:24,	
床+床头柜+花瓶+花艺:24,	
书架+书柜+窗+摆件:24,	
床+床笠+床裙+床单:24,	
写字台+书架+电脑桌+办公桌+门:24,	
茶几+电视柜+办公桌:24,	
写字台+餐桌+床+餐椅:24,	
床+摆件+花艺+电视柜:24,	
置物架+橱柜+衣架+门:24,	
书架+床+床头柜+摆件+鞋柜:24,	
茶几+斗柜+办公桌:24,	
窗+水槽:24,	
餐边柜+屏风+门:24,	
角几+沙发+门:24,	
床+智能家居:24,	
地板+电脑椅+办公椅:24,	
角几+置物架+茶几+沙发+花架:24,	
窗+衣架+花架:24,	
挂件+橱柜+门:24,	
层架+橱柜+门:24,	
床+电视柜+沙发:24,	
窗+摆件+梳妆台:24,	
摆件+衣柜+橱柜+工艺品:24,	
床+窗+梳妆台+凳:24,	
办公椅+折叠椅+餐椅+凳:24,	
床+置物架+梳妆台:24,	
鞋柜+衣架+凳:24,	
格架+书架+书柜+置物架+门:24,	
写字台+餐桌:24,	
马桶+凳:23,	
衣柜+橱柜+斗柜:23,	
床+衣柜+床罩:23,	
置物架+龙头+衣帽架+衣架+鞋架:23,	
书架+床+衣柜+门:23,	
床+床头柜+衣架:23,	
衣橱+橱柜+办公桌+门:23,	
餐桌+梳妆台+茶几+橱柜+凳:23,	
餐桌+地板+电脑桌:23,	
花瓶+挂件+电视柜:23,	
鞋柜+茶几+沙发+凳:23,	
置物架+衣橱+衣柜+衣帽架:23,	
书架+窗+摆件+工艺品:23,	
床+屏风+门:23,	
餐边柜+书柜+橱柜:23,	
床+龙头:23,	
书架+梳妆台+办公桌:23,	
鞋柜+茶几+斗柜:23,	
书柜+床+电脑桌:23,	
茶几+折叠椅+沙发+凳:23,	
床+床头柜+梳妆台+衣柜+橱柜+电视柜+门:23,	
层架+窗+橱柜:23,	
写字台+梳妆台:23,	
床+床单+床罩:23,	
层架+花架+凳:23,	
货架+衣帽架+衣架+鞋架:23,	
地板+鞋柜+门:23,	
书柜+置物架+衣柜:23,	
床+床头柜+鞋柜+斗柜:23,	
床+床头柜+浴室柜:23,	
床+床品套件+床单+枕套:23,	
书柜+鞋柜+橱柜+门:23,	
置物架+衣柜+衣帽架:23,	
床+置物架+花架:23,	
床+床头柜+衣柜+茶几+橱柜+凳+门:23,	
餐桌+摆件+花瓶+花艺+前台:23,	
餐桌+办公椅+前台+凳:23,	
餐边柜+前台:23,	
窗+梳妆台+办公桌:23,	
电脑椅+电视柜+办公桌:23,	
餐边柜+床+衣橱:23,	
书柜+床+床头柜+衣柜:23,	
地板+地暖+门:23,	
货架+书架+层架+置物架+门:23,	
窗+更衣柜+衣柜+橱柜+门:23,	
床+衣橱+衣柜+厨柜:23,	
边桌+梳妆台+电视柜:23,	
角几+沙发+斗柜:23,	
摆件+鞋柜+工艺品+门:23,	
床+床裙+床罩+枕套:23,	
窗+边桌+橱柜:23,	
书架+货柜:23,	
餐桌+置物架:23,	
书柜+床+窗+衣柜+门:23,	
餐边柜+屏风:23,	
摆件+花瓶+鞋柜+电视柜+工艺品:23,	
货架+书架+书柜+门:23,	
书架+斗柜:23,	
书架+书柜+窗+门:23,	
床+层架+置物架+鞋架:23,	
书柜+床+床头柜+摆件+门:23,	
书架+书柜+沙发:23,	
餐边柜+床+斗柜:23,	
货架+衣橱+衣柜+花架:22,	
餐边柜+龙头+橱柜:22,	
鞋柜+斗柜+凳:22,	
窗+橱柜+凳+门:22,	
摆件+鞋柜+茶几+办公桌:22,	
衣柜+沙发+斗柜:22,	
餐边柜+边桌+斗柜:22,	
货架+地板:22,	
衣柜+沙发+门:22,	
书架+床+层架+置物架+床头柜:22,	
衣帽架+衣架+凳:22,	
书架+摆件+电视柜+门:22,	
床+床头柜+摆件+办公桌:22,	
床+床头柜+摆件+花瓶+电视柜:22,	
餐边柜+边桌+电视柜:22,	
床+床头柜+梳妆台+衣柜+门:22,	
书柜+电视柜+斗柜:22,	
床+角几+床头柜+沙发+斗柜:22,	
沙发+餐椅+凳+门:22,	
衣橱+浴室柜+橱柜+门:22,	
花艺+茶几+电视柜:22,	
书架+书柜+床+文件柜+门:22,	
书架+置物架+橱柜:22,	
浴室柜+厨柜:22,	
层架+置物架+前台+花架:22,	
书柜+置物架+衣柜+门:22,	
鞋柜+沙发+衣架+凳+门:22,	
餐边柜+书柜+电视柜:22,	
摆件+花瓶+办公桌:22,	
衣柜+电脑桌+门:22,	
书架+窗+办公桌:22,	
衣柜+鞋柜+凳+门:22,	
展示柜+展柜+门:22,	
电脑椅+办公椅+前台+凳:22,	
书架+层架+置物架+货柜:22,	
摆件+花艺+前台:22,	
书架+置物架+摆件+茶几:22,	
浴室柜+橱柜+电视柜+沙发:22,	
摆件+衣柜+鞋柜+斗柜:22,	
挂件+马桶:21,	
衣柜+鞋柜+橱柜+文件柜+门:21,	
窗+摆件+花瓶+电视柜:21,	
餐桌+摆件+梳妆台+鞋柜+电视柜:21,	
床+梳妆台+厨柜+门:21,	
书架+层架+门:21,	
床+地板+床单+沙发:21,	
书架+工艺品:21,	
窗+摆件+花瓶+花艺:21,	
床+鞋柜+衣帽架:21,	
衣柜+展柜:21,	
餐桌+折叠椅+餐椅+凳:21,	
餐边柜+花架:21,	
餐桌+电视柜+工艺品:21,	
地板+文件柜+门:21,	
角几+茶几+沙发+凳:21,	
书柜+置物架+屏风+门:21,	
书柜+衣柜+鞋柜+鞋架:21,	
餐桌+学习桌+衣架+电脑桌:21,	
办公椅+沙发+凳:21,	
餐桌+衣柜+茶几+斗柜+展柜:21,	
床+角几+置物架+床头柜+边桌+茶几+沙发:21,	
置物架+挂件+橱柜+门:21,	
床+衣柜+沙发+门:21,	
书柜+窗+电脑桌:21,	
挂件+工艺品:21,	
挂件+橱柜+衣架+门:21,	
置物架+马桶+门:21,	
学习桌+餐椅+凳:21,	
梳妆台+衣柜+凳+门:21,	
橱柜+沙发+门:21,	
橱柜+餐椅:21,	
床+置物架+床头柜+衣柜+门:21,	
床+床头柜+摆件+花艺+屏风:21,	
摆件+鞋柜+工艺品+凳:21,	
边桌+茶几+电脑桌:21,	
鞋柜+沙发:21,	
置物架+相框+浴室柜:21,	
书架+窗+置物架+摆件+茶几+花架:21,	
格架+置物架+电视柜:21,	
书架+书柜+展示柜+置物架+展柜:21,	
餐桌+床+摆件+花瓶:21,	
地板+凳+门:21,	
写字台+书柜+办公桌+凳:21,	
展示柜+层架+置物架:21,	
折叠椅+凳+门:21,	
层架+文件柜:21,	
床+被罩+床笠+床单:21,	
书柜+学习桌+办公桌:21,	
格架+书架+书柜+置物架+电脑桌:21,	
层架+水槽:21,	
餐桌+办公椅+沙发+凳:21,	
书柜+沙发+文件柜+门:21,	
地板+办公桌+门:21,	
餐边柜+展示柜+电视柜+门:21,	
格架+书架+层架+置物架:21,	
床+茶几+沙发+电脑桌:21,	
格架+置物架+花架:21,	
沙发+办公桌:21,	
前台+沙发+餐椅+凳:21,	
餐桌+花瓶:21,	
床+衣柜+办公桌:21,	
床+更衣柜+衣柜:21,	
书架+书柜+斗柜+门:21,	
书架+沙发+斗柜+门:20,	
餐桌+斗柜+门:20,	
床+床头柜+摆件+鞋柜:20,	
书架+床+窗+床头柜+办公桌:20,	
窗+边桌+茶几:20,	
衣橱+更衣柜+衣柜:20,	
衣柜+浴室柜+橱柜+门:20,	
书架+置物架+电脑桌+办公桌:20,	
床+展柜:20,	
书架+床+床头柜+摆件+电视柜:20,	
层架+置物架+沙发:20,	
餐桌+梳妆台+电脑桌+凳:20,	
折叠椅+沙发+凳:20,	
置物架+橱柜+花架:20,	
书架+书柜+电视柜+门:20,	
鞋柜+办公桌+门:20,	
书架+摆件+花瓶+花艺:20,	
洗脸盆+衣柜+茶几+门:20,	
窗+衣橱+橱柜+衣架:20,	
餐桌+摆件+鞋柜+办公桌:20,	
餐边柜+书柜+斗柜+门:20,	
餐桌+床+茶几+电视柜+沙发+斗柜:20,	
书柜+衣柜+斗柜:20,	
沙发+厨柜:20,	
书架+置物架+斗柜:20,	
前台+办公桌:20,	
餐桌+床+床头柜+梳妆台+茶几+电脑桌:20,	
货架+窗+置物架:20,	
置物架+马桶+坐便器:20,	
窗+置物架+摆件:20,	
摆件+前台:20,	
餐桌+床+床头柜+沙发:20,	
书柜+床+床头柜+沙发+斗柜:20,	
床+角几+置物架+床头柜+沙发:20,	
餐边柜+货柜:20,	
餐边柜+餐桌+茶几+电视柜:20,	
置物架+文件柜+门:20,	
货架+展示柜+置物架+货柜:20,	
写字台+窗+门:20,	
洗面盆+衣柜+浴室柜+橱柜+水槽:20,	
床+电视柜+凳:20,	
餐边柜+衣柜+鞋柜+橱柜+门:20,	
展示柜+窗+凳:20,	
茶几+沙发+电脑桌:20,	
地板+淋浴房:20,	
角几+置物架:20,	
窗+摆件+鞋柜+电视柜+门:20,	
书架+书柜+层架+置物架+门:20,	
书柜+床+置物架+电脑桌:20,	
置物架+衣橱+衣柜+鞋柜+橱柜:20,	
茶几+马桶:20,	
置物架+边桌+电视柜:20,	
电脑椅+折叠椅+沙发+凳:20,	
床+置物架+衣帽架+衣架:20,	
地板+电脑椅+餐椅:20,	
摆件+文件柜:20,	
地板+展示柜+展柜:20,	
办公椅+橱柜:20,	
书架+窗+置物架+摆件+茶几:20,	
窗+鞋柜+斗柜+门:20,	
窗+淋浴房+浴室柜+门:20,	
书柜+斗柜+电脑桌+门:20,	
书柜+置物架+电脑桌:20,	
床+层架+床头柜:20,	
窗+斗柜:20,	
置物架+鞋柜+斗柜+门:20,	
书架+床+置物架+花架:20,	
书架+报刊架+置物架+办公桌:20,	
衣橱+衣柜+橱柜+厨柜+门:20,	
窗+衣架+花架+门:20,	
层架+窗+置物架:20,	
货架+层架+置物架+花架:20,	
书柜+衣柜+橱柜+电脑桌+凳+门:19,	
电脑椅+办公椅+沙发+餐椅+凳:19,	
床+床头柜+衣柜+茶几+斗柜:19,	
餐桌+床+茶几+浴室柜+沙发:19,	
床+角几+报刊架+茶几+沙发:19,	
床+床头柜+浴室柜+门:19,	
格架+书架+书柜+层架:19,	
书柜+摆件+鞋柜+电视柜:19,	
挂件+衣架+门:19,	
餐桌+窗+凳:19,	
层架+置物架+办公桌:19,	
衣柜+鞋柜+茶几+橱柜+电脑桌+办公桌+门:19,	
置物架+浴室柜+门:19,	
地板+坐便器+门:19,	
衣柜+衣架+厨柜:19,	
屏风+斗柜+门:19,	
梳妆台+斗柜+门:19,	
角几+置物架+茶几+沙发+花架+麻将桌:19,	
层架+衣柜+门:19,	
窗+摆件+橱柜+工艺品:19,	
地板+电脑椅+凳:19,	
窗+展柜+鞋架:19,	
床+窗+凳:19,	
床+衣橱+床头柜+斗柜:19,	
衣柜+茶几+电脑桌+门:19,	
置物架+衣帽架+门+鞋架:19,	
写字台+餐桌+学习桌+电脑桌:19,	
床+鞋柜+斗柜+衣架+门:19,	
床+床头柜+斗柜+电脑桌:19,	
餐桌+衣柜:19,	
窗+摆件+花艺+花架:19,	
货架+衣柜+鞋柜:19,	
浴室柜+橱柜+沙发+凳:19,	
层架+置物架+挂件+水槽:19,	
床+相框+电视柜:19,	
窗+电视柜+门:19,	
窗+浴霸:19,	
货架+展示柜+摆件+展柜:19,	
层架+置物架+衣橱+橱柜+水槽:19,	
摆件+花瓶+鞋柜:19,	
床+床裙+床品套件+床罩+被套:19,	
餐桌+窗+摆件+花瓶+茶几:19,	
边桌+斗柜:19,	
马桶+斗柜:19,	
窗+衣柜+橱柜+办公桌+门:18,	
前台+沙发+餐椅:18,	
餐桌+窗+门:18,	
货架+书架+书柜+置物架+展柜:18,	
床+床头柜+被罩:18,	
书柜+窗+电视柜+门:18,	
窗+摆件+橱柜:18,	
餐边柜+沙发+斗柜:18,	
餐边柜+置物架+电视柜:18,	
书柜+办公桌+文件柜:18,	
地板+茶几:18,	
茶几+电视柜+餐椅:18,	
写字台+置物架+电视柜+电脑桌:18,	
梳妆台+斗柜+电脑桌:18,	
摆件+茶几+电视柜+门:18,	
床+窗+凳+门:18,	
书柜+花架:18,	
浴室柜+橱柜+厨柜:18,	
层架+置物架+浴室柜:18,	
床+窗+沙发+门:18,	
茶几+沙发+餐椅:18,	
餐桌+角几+边桌+茶几+沙发:18,	
更衣柜+衣柜+斗柜+文件柜+门:18,	
书柜+床+门:18,	
电脑椅+折叠椅+餐椅+凳:18,	
书架+展示柜+货柜:18,	
窗+屏风+花架:18,	
书柜+展示柜+屏风:18,	
货架+书架+书柜+斗柜:18,	
花瓶+挂件+沙发:18,	
床+展示柜:18,	
置物架+鞋柜+衣帽架+衣架+门:18,	
书架+摆件+鞋柜+电视柜+工艺品:18,	
餐桌+床+床头柜+鞋柜+茶几+电视柜:18,	
角几+电脑椅+边桌+茶几+沙发:18,	
鞋柜+衣帽架+鞋架:18,	
书柜+床+床头柜+鞋柜:18,	
餐边柜+餐桌+门:18,	
地板+摆件+花瓶:18,	
置物架+衣架+凳+门+鞋架:18,	
货架+书架+书柜+置物架+花架:18,	
窗+衣柜+橱柜+电脑桌+凳+门:18,	
梳妆台+鞋柜+电视柜+凳:18,	
餐桌+床+窗:18,	
窗+茶几+电视柜:18,	
摆件+鞋柜+电视柜+斗柜:18,	
窗+摆件+花瓶+办公桌:18,	
床+层架+置物架+衣柜:18,	
摆件+鞋柜+茶几+办公桌+门:18,	
床+被罩+床裙+床罩+被套:18,	
橱柜+沙发+餐椅:18,	
床+角几+置物架+床头柜+茶几:18,	
窗+摆件+花瓶+茶几+电视柜:18,	
书架+书柜+置物架+橱柜:18,	
餐桌+床+边桌+茶几:18,	
床+床头柜+衣柜+鞋柜+橱柜+门:18,	
展柜+凳:18,	
办公椅+前台+餐椅+凳:18,	
货架+衣架+鞋架:18,	
洗脸盆+马桶+水槽:18,	
置物架+梳妆台+凳:18,	
鞋柜+衣帽架+衣架+凳+门+鞋架:18,	
书架+层架+置物架+电视柜:18,	
鞋柜+斗柜+衣架+门+鞋架:18,	
角几+边桌+沙发+斗柜:18,	
斗柜+办公桌+文件柜:18,	
摆件+花瓶+电视柜+斗柜:18,	
货架+窗+展柜:18,	
书柜+窗+衣柜+门:18,	
书架+书柜+展示柜+货柜:18,	
窗+橱柜+办公桌+门:18,	
衣柜+鞋柜+厨柜+门:17,	
花瓶+斗柜:17,	
洗脸盆+马桶+浴室柜:17,	
书架+书柜+衣柜+橱柜+电脑桌+凳+门:17,	
货架+书架+书柜+置物架+文件柜:17,	
窗+摆件+茶几+电视柜:17,	
梳妆台+电脑桌+办公桌:17,	
书柜+展示柜+沙发+斗柜:17,	
衣帽架+斗柜+衣架:17,	
斗柜+鞋架:17,	
学习桌+沙发+电脑桌:17,	
餐边柜+门+鞋架:17,	
书架+置物架+花架+门:17,	
书架+床+床头柜+摆件+工艺品:17,	
床+窗+床头柜+衣柜:17,	
摆件+挂件+工艺品:17,	
沙发+工艺品:17,	
摆件+花艺+茶几+电视柜:17,	
书柜+床+床头柜+文件柜+门:17,	
书架+层架+置物架+展柜+文件柜:17,	
床+衣橱+床头柜:17,	
书架+置物架+门+鞋架:17,	
更衣柜+衣柜+斗柜+衣架:17,	
窗+花瓶+门:17,	
餐桌+电脑椅+办公椅+凳:17,	
书柜+摆件+鞋柜+电视柜+工艺品:17,	
餐桌+窗+摆件:17,	
衣帽架+凳+鞋架:17,	
书架+层架+置物架+衣柜:17,	
床+摆件+电视柜+电脑桌:17,	
床+摆件+挂件+门:17,	
书架+展示柜+置物架+屏风+花架:17,	
床+边桌+沙发+电脑桌+办公桌:17,	
货架+门+鞋架:17,	
窗+展柜:17,	
报刊架+衣柜:17,	
书柜+衣柜+厨柜+门:17,	
书架+展示柜+层架+置物架:17,	
床+衣橱+衣柜+斗柜:17,	
床+浴缸+门:17,	
床+衣橱:17,	
窗+衣橱+衣柜+橱柜:17,	
书架+电脑椅+梳妆台+办公桌+凳:17,	
床+床头柜+梳妆台+斗柜:17,	
床+沙发+凳+门+鞋架:17,	
床+被罩+被套:17,	
餐边柜+书架+置物架+门:17,	
置物架+货柜:17,	
床+衣橱+床头柜+衣柜+斗柜:17,	
书架+置物架+屏风+展柜:17,	
书架+门+鞋架:17,	
餐边柜+餐桌+置物架+橱柜:17,	
写字台+餐桌+茶几:17,	
书柜+沙发+斗柜:17,	
办公椅+折叠椅+凳+门:17,	
层架+置物架+边桌+茶几:17,	
书架+书柜+展示柜+置物架+摆件:17,	
书架+衣架+花架+鞋架:17,	
餐桌+角几+茶几+电视柜+餐椅:17,	
书架+书柜+层架+置物架+电脑桌:17,	
餐桌+电脑椅+办公椅+折叠椅+餐椅+凳:17,	
床+床头柜+摆件+梳妆台+工艺品:16,	
床+床头柜+枕套:16,	
格架+货架+书架+书柜+置物架:16,	
衣柜+鞋柜+橱柜+电视柜:16,	
书架+展示柜+屏风:16,	
货架+书架+层架+置物架+屏风:16,	
置物架+屏风+花架+门:16,	
衣柜+马桶+门:16,	
床+床头柜+沙发+凳:16,	
角几+摆件+沙发+斗柜:16,	
餐边柜+书柜+鞋柜:16,	
写字台+餐桌+窗+电脑桌:16,	
书柜+摆件+茶几:16,	
餐边柜+置物架+边桌:16,	
餐桌+沙发+餐椅+凳:16,	
货架+书架+展示柜+置物架+花架:16,	
角几+边桌+沙发+花架:16,	
床+摇椅+挂件:16,	
窗+展柜+工艺品:16,	
衣柜+马桶+橱柜+门:16,	
地板+餐椅+凳:16,	
电脑椅+办公椅+前台:16,	
床+橱柜+沙发:16,	
餐桌+床+床头柜+茶几+电脑桌:16,	
书架+餐桌:16,	
写字台+办公桌+门:16,	
书架+置物架+花艺+花架:16,	
展示柜+摆件+工艺品+文件柜:16,	
书柜+橱柜+办公桌:16,	
书柜+床+床头柜+衣柜+橱柜+凳:16,	
床+浴室柜+电视柜+凳:16,	
窗+摆件+茶几+门:16,	
床+角几+床头柜+边桌+沙发+花架:16,	
床+床品套件+床罩:16,	
置物架+挂件+马桶:16,	
餐边柜+餐桌+茶几:16,	
地板+展示柜+门:16,	
书架+书柜+摆件+电脑桌:16,	
梳妆台+鞋柜+茶几+电视柜+凳:16,	
餐桌+床+茶几+电视柜+沙发+餐椅:16,	
书柜+衣柜+门+鞋架:16,	
写字台+餐桌+凳:16,	
书柜+沙发:16,	
电脑椅+办公椅+折叠椅+餐椅+凳:16,	
货架+床+衣架:16,	
书架+屏风+门:16,	
餐桌+斗柜+餐椅+凳:16,	
餐边柜+展示柜+鞋柜:16,	
床+电脑椅+办公椅:16,	
餐边柜+层架+置物架+门:16,	
书架+角几+置物架+茶几+沙发:16,	
衣柜+橱柜+展柜+门:16,	
餐桌+电脑椅+沙发+餐椅:16,	
衣橱+相框+衣架:16,	
办公椅+茶几+沙发:16,	
书柜+学习桌+门:16,	
餐边柜+摆件+电视柜+门:16,	
床+边桌+摆件+茶几+电视柜:16,	
餐桌+电脑桌+麻将桌:16,	
书柜+床+摆件:16,	
床+照片墙+相框+沙发:16,	
窗+摆件+茶几+凳+门:16,	
餐边柜+层架+门:16,	
鞋柜+衣帽架+凳+鞋架:16,	
餐桌+床+沙发+餐椅:16,	
窗+淋浴房+衣柜+门:16,	
书架+书柜+梳妆台+电脑桌:16,	
摆件+电视柜+斗柜:16,	
餐桌+鞋柜+橱柜:15,	
书架+餐桌+置物架:15,	
窗+屏风+衣架:15,	
床+更衣柜+衣柜+鞋柜+文件柜:15,	
书架+鞋柜+屏风+花架+门:15,	
挂件+花洒+水槽:15,	
书柜+衣柜+电脑桌:15,	
电视柜+电脑桌:15,	
置物架+衣帽架+橱柜:15,	
鞋柜+沙发+门:15,	
书架+层架+衣柜:15,	
衣柜+橱柜+斗柜+门:15,	
花瓶+茶几+沙发:15,	
书架+置物架+鞋架:15,	
餐边柜+餐桌+摆件+花瓶+茶几:15,	
鞋柜+屏风+电视柜:15,	
电视柜+前台:15,	
边桌+斗柜+门:15,	
窗+置物架+摆件+工艺品:15,	
边桌+文件柜:15,	
窗+置物架+衣架+鞋架:15,	
书柜+床+床头柜+沙发:15,	
餐边柜+窗+鞋柜+门:15,	
书柜+橱柜+斗柜:15,	
书柜+电脑桌+凳:15,	
屏风+门+鞋架:15,	
书架+书柜+鞋柜+门:15,	
书柜+橱柜+文件柜+门:15,	
窗+花瓶+办公桌:15,	
窗+花艺+花架:15,	
床+置物架+学习桌+电脑桌:15,	
摆件+花艺+梳妆台+电视柜:15,	
龙头+衣架+鞋架:15,	
书架+书柜+摆件+鞋柜+电视柜:15,	
餐桌+摆件+花艺+茶几+橱柜:15,	
摆件+花瓶+花艺+前台:15,	
衣柜+鞋柜+浴室柜+橱柜+门:15,	
展示柜+置物架+鞋柜+屏风:15,	
花艺+挂件+电视柜:15,	
电脑椅+沙发+餐椅+门:15,	
餐边柜+书柜+置物架:15,	
书柜+置物架+斗柜+门:15,	
衣柜+马桶:15,	
床+床头柜+花架+门:15,	
书柜+衣柜+电视柜:15,	
床+置物架+茶几+凳+门+鞋架:15,	
鞋柜+橱柜+沙发+凳:15,	
货架+斗柜:15,	
书架+书柜+床+衣柜:15,	
书架+保险柜+文件柜:15,	
格架+书架+置物架+电脑桌:15,	
床+床头柜+斗柜+厨柜:15,	
书架+餐桌+床:15,	
货架+书柜+更衣柜+衣柜+办公桌+文件柜:15,	
挂件+凳+门:15,	
货架+展示柜+窗+鞋架:15,	
窗+衣柜+水槽:15,	
写字台+书柜+门:15,	
置物架+浴室柜+电视柜:15,	
书柜+置物架+花架:15,	
书架+书柜+货柜:15,	
餐桌+床+角几+茶几:15,	
床+置物架+床头柜+茶几+沙发:15,	
层架+置物架+衣柜+鞋柜:15,	
餐桌+学习桌+办公桌:15,	
书架+床+床头柜+梳妆台+鞋柜:15,	
餐边柜+床+床头柜+鞋柜+斗柜:15,	
置物架+鞋柜+衣架+凳+门:15,	
床+床头柜+梳妆台+电视柜:15,	
床+床头柜+衣柜+凳+门:15,	
货架+花架:15,	
餐边柜+床+床头柜+电视柜+斗柜:15,	
梳妆台+电视柜+沙发:15,	
鞋柜+橱柜+电视柜+门:15,	
书架+书柜+展示柜+窗+置物架+货柜:15,	
餐边柜+边桌+橱柜+厨柜:14,	
货架+书架+书柜+展示柜+展柜+货柜:14,	
床+门+鞋架:14,	
餐桌+床+床头柜+花瓶+茶几+工艺品:14,	
床+梳妆台+门:14,	
床+展示柜+床头柜+摆件:14,	
床+角几+床头柜+茶几+沙发+斗柜:14,	
置物架+马桶+办公桌:14,	
餐桌+办公椅+折叠椅+餐椅+凳:14,	
餐边柜+书柜+置物架+花架:14,	
梳妆台+鞋柜+茶几+电脑桌+凳:14,	
写字台+床+置物架+梳妆台+电脑桌:14,	
货架+置物架+花架:14,	
书架+摆件+电视柜+工艺品:14,	
置物架+衣柜+衣架+厨柜:14,	
层架+角几+置物架+茶几+沙发:14,	
书架+书柜+屏风+门:14,	
展示柜+置物架+花架:14,	
花艺+相框+挂件:14,	
衣柜+橱柜+电视柜:14,	
层架+窗+花架:14,	
衣柜+水槽:14,	
置物架+花瓶+花架:14,	
书架+书柜+凳:14,	
茶几+沙发+门:14,	
斗柜+电脑桌+文件柜:14,	
书架+置物架+花架+厨柜+门:14,	
展示柜+挂件:14,	
餐桌+学习桌+麻将桌:14,	
摆件+茶几+电视柜+办公桌:14,	
书架+书柜+展示柜+沙发+斗柜:14,	
餐边柜+置物架+斗柜+鞋架:14,	
餐桌+梳妆台+茶几+电视柜:14,	
书柜+窗+橱柜+门:14,	
窗+摆件+花架+工艺品:14,	
货架+书架+书柜+床+置物架:14,	
餐桌+床+窗+门:14,	
床+床头柜+摆件+花瓶+茶几:14,	
书架+层架+置物架+办公桌:14,	
书架+床+置物架+床头柜+鞋架:14,	
书架+报刊架+前台+门:14,	
书架+置物架+梳妆台+办公桌+文件柜:14,	
层架+置物架+茶几:14,	
餐桌+衣柜+橱柜+办公桌+门:14,	
层架+衣橱+衣柜+衣架:14,	
床+餐椅+门:14,	
窗+衣柜+浴室柜+门:14,	
花瓶+花艺+门:14,	
书架+展示柜+层架+置物架+花架:14,	
格架+货架+书架+层架+置物架+花架+鞋架:14,	
屏风+沙发:14,	
书架+置物架+相框:14,	
书架+置物架+沙发+花架:14,	
床+鞋柜+斗柜:14,	
书柜+床+床头柜+门:14,	
置物架+衣柜+鞋柜+门:14,	
餐桌+电脑桌+餐椅:14,	
橱柜+电脑桌+文件柜:14,	
书架+置物架+展柜+门:14,	
床+电视柜+斗柜:14,	
餐桌+鞋柜+电视柜:14,	
窗+办公桌:14,	
窗+摆件+花艺+茶几+橱柜:14,	
办公椅+餐椅+门:14,	
货架+书柜+置物架:14,	
置物架+衣帽架+衣架+花架:14,	
书架+茶几+电视柜:14,	
写字台+床+窗+床头柜+摆件:14,	
书柜+办公椅+门:14,	
层架+置物架+衣柜+鞋柜+办公桌:14,	
书柜+梳妆台+衣柜+门:14,	
挂件+衣柜+衣架+门:14,	
床+床头柜+摆件+花瓶+电脑桌:14,	
书架+凳+门:14,	
窗+茶几+电脑桌:14,	
窗+文件柜:14,	
书架+衣柜+鞋柜+鞋架:14,	
货架+报刊架:14,	
床+摆件+电脑桌+工艺品:14,	
沙发+展柜:14,	
衣橱+鞋柜+门:14,	
窗+衣柜+衣帽架:14,	
窗+衣柜+鞋柜+门:14,	
床+床头柜+床裙+被套+枕套:14,	
置物架+茶几+沙发:14,	
书柜+办公桌+文件柜+门:13,	
置物架+衣柜+衣帽架+衣架+门+鞋架:13,	
餐桌+床+床头柜+办公桌:13,	
边桌+电视柜:13,	
角几+茶几+沙发+花架+麻将桌:13,	
摆件+电视柜+文件柜:13,	
货架+窗+置物架+衣架:13,	
餐桌+床+角几+边桌+茶几+沙发+花架:13,	
床+衣柜+鞋柜+鞋架:13,	
衣柜+凳+门+鞋架:13,	
摇椅+餐椅:13,	
床+角几+床头柜+茶几+斗柜:13,	
办公椅+茶几:13,	
茶几+折叠椅+凳+门:13,	
床+窗+学习桌+电脑桌:13,	
书架+报刊架+置物架+花架:13,	
床+角几+置物架+床头柜+茶几+沙发:13,	
写字台+地板+窗+门:13,	
书柜+层架+置物架+衣柜:13,	
床+床头柜+衣柜+鞋架:13,	
格架+书架+书柜+床+置物架:13,	
梳妆台+茶几+电视柜:13,	
餐边柜+衣柜+鞋柜:13,	
床+床头柜+梳妆台+电视柜+斗柜+门:13,	
书柜+置物架+浴室柜:13,	
餐边柜+餐桌+茶几+电视柜+餐椅:13,	
斗柜+保险柜:13,	
书架+置物架+摆件+花架:13,	
餐桌+茶几+电视柜+沙发+斗柜+餐椅:13,	
餐桌+梳妆台+茶几+斗柜:13,	
摆件+花瓶+橱柜+工艺品:13,	
餐边柜+床+床头柜+茶几+沙发:13,	
餐边柜+书柜+鞋柜+橱柜:13,	
床+床头柜+茶几+沙发+斗柜:13,	
床+床头柜+梳妆台+鞋柜+电视柜:13,	
展示柜+浴霸:13,	
写字台+斗柜+办公桌:13,	
摇椅+窗:13,	
窗+衣柜+茶几+办公桌+门:13,	
窗+摆件+工艺品+凳:13,	
床+置物架+衣柜+屏风:13,	
床+角几+床头柜+花架:13,	
书柜+梳妆台+电脑桌+办公桌:13,	
书架+层架+置物架+茶几:13,	
电视柜+沙发+门:13,	
书架+书柜+沙发+斗柜:13,	
书架+书柜+橱柜+办公桌:13,	
餐桌+鞋柜+斗柜:13,	
货架+展示柜+鞋柜+货柜+鞋架:13,	
床+摆件+鞋柜+电视柜:13,	
茶几+电脑桌+办公桌:13,	
梳妆台+学习桌+电脑桌:13,	
浴室柜+水槽:13,	
书柜+屏风:13,	
层架+角几+沙发+花架:13,	
书柜+床+床头柜+斗柜+门:13,	
写字台+边桌+电脑桌:13,	
床+置物架+床头柜+衣柜:13,	
货架+书架+书柜+置物架+花架+鞋架:13,	
衣橱+厨柜:13,	
衣柜+折叠椅+凳:13,	
衣橱+衣柜+橱柜+鞋架:13,	
餐边柜+屏风+斗柜+门:13,	
书架+摆件+屏风+门:13,	
衣帽架+橱柜+衣架+门:13,	
展示柜+橱柜+斗柜:13,	
餐桌+床+茶几+电视柜+沙发:13,	
书架+置物架+衣柜+门:13,	
书柜+床+摆件+茶几+电视柜:13,	
花瓶+挂件+花架:13,	
书架+书柜+鞋柜+文件柜+门:13,	
书柜+展示柜+斗柜+门:13,	
置物架+鞋柜+衣帽架+衣架+鞋架:13,	
格架+货架+书架+书柜+鞋架:13,	
餐边柜+衣柜:13,	
餐桌+窗+边桌:13,	
货架+书架+展示柜:13,	
书柜+鞋柜+斗柜+凳:13,	
床+地暖:13,	
书架+书柜+层架+报刊架+置物架+花架:13,	
洗脸盆+水槽+浴缸:13,	
窗+鞋柜:13,	
床+衣柜+电视柜:13,	
展示柜+置物架+屏风+门:13,	
床+窗+床单+衣架:13,	
置物架+淋浴房+门:13,	
书架+书柜+学习桌+凳:13,	
货架+窗+置物架+衣架+鞋架:13,	
床+茶几+沙发+花架:13,	
书架+床+斗柜+门:13,	
层架+置物架+衣柜+门:13,	
床+地板+衣柜+门:13,	
餐桌+摇椅+餐椅+凳:13,	
写字台+门:13,	
书柜+屏风+文件柜:12,	
床+床头柜+鞋柜+凳:12,	
书架+摆件+鞋柜+电视柜:12,	
货架+鞋柜+衣帽架+衣架+鞋架:12,	
书架+床+床头柜+边桌:12,	
书架+书柜+床+摆件+鞋柜:12,	
餐桌+梳妆台+斗柜:12,	
书架+衣橱+衣柜+鞋柜:12,	
书柜+更衣柜+衣柜+浴室柜+文件柜+门:12,	
书架+报刊架+置物架+沙发:12,	
梳妆台+电视柜+电脑桌:12,	
餐边柜+餐桌+茶几+电视柜+斗柜+餐椅:12,	
床+摇椅+茶几:12,	
餐边柜+书柜+鞋柜+电视柜:12,	
床+床头柜+衣柜+电视柜:12,	
床+角几+床头柜+边桌+茶几+电视柜:12,	
衣帽架+斗柜:12,	
床+电视柜+工艺品:12,	
床+马桶+坐便器:12,	
餐边柜+橱柜+电视柜+斗柜:12,	
床+衣橱+床头柜+衣柜+工艺品:12,	
鞋柜+斗柜+文件柜:12,	
书架+衣橱+衣柜+门:12,	
衣柜+学习桌:12,	
餐边柜+角几+茶几+花架:12,	
置物架+衣帽架+花架:12,	
窗+橱柜+厨柜+门:12,	
货架+窗+花架+鞋架:12,	
写字台+梳妆台+电视柜+电脑桌:12,	
屏风+沙发+斗柜+门:12,	
餐边柜+展柜+门:12,	
窗+置物架+厨柜+门:12,	
货架+餐边柜+书架+置物架:12,	
书柜+衣柜+鞋柜+橱柜+凳:12,	
洗脸盆+浴缸:12,	
书架+床+边桌+电脑桌+办公桌:12,	
鞋柜+浴室柜+厨柜:12,	
格架+书架+书柜+层架+置物架:12,	
更衣柜+衣柜+橱柜+文件柜:12,	
窗+挂件+衣架+门:12,	
餐边柜+斗柜+厨柜:12,	
货架+展示柜+置物架:12,	
餐边柜+书架+书柜+置物架+沙发:12,	
窗+学习桌:12,	
置物架+凳+鞋架:12,	
餐桌+摆件+花瓶+花艺+办公桌:12,	
书架+置物架+衣帽架:12,	
衣柜+展柜+门:12,	
梳妆台+电视柜+斗柜:12,	
书架+床+置物架+床头柜+边桌+茶几+沙发:12,	
写字台+斗柜+电脑桌+办公桌:12,	
挂件+门+钥匙箱:12,	
置物架+边桌+茶几+沙发:12,	
餐桌+床+床头柜+鞋柜+茶几:12,	
衣橱+衣柜+衣架+厨柜:12,	
餐边柜+书柜+橱柜+门:12,	
书架+书柜+摆件+办公桌+工艺品:12,	
办公椅+棋牌桌:12,	
餐桌+照片墙+相框:12,	
置物架+花架+凳+鞋架:12,	
餐桌+床+摆件+花瓶+茶几+电脑桌:12,	
置物架+衣帽架+凳+门+鞋架:12,	
角几+橱柜+门:12,	
餐桌+衣橱+橱柜:12,	
货架+衣橱+衣柜+鞋柜:12,	
床+衣柜+沙发+斗柜+餐椅:12,	
餐边柜+餐桌+鞋柜+斗柜+餐椅:12,	
窗+摆件+办公桌:12,	
床+水槽+浴缸:12,	
餐桌+床+茶几+沙发:12,	
餐边柜+橱柜+厨柜+门:12,	
餐边柜+摆件+花瓶:12,	
书柜+展示柜+衣柜:12,	
床+角几+边桌+茶几+沙发+凳:12,	
餐桌+书柜+地板+衣柜+门:12,	
床+床头柜+边桌+电脑桌:12,	
浴室柜+橱柜+电视柜:12,	
餐桌+床+梳妆台+衣柜+凳:12,	
床+展示柜+床头柜+屏风:12,	
餐边柜+窗+鞋柜+斗柜+门:12,	
衣橱+衣柜+展柜+门:12,	
书架+层架+窗+置物架+门:12,	
橱柜+展柜:12,	
相框+沙发:12,	
窗+厨柜:12,	
衣橱+挂件+橱柜+衣架+门:12,	
床+角几+床头柜+凳:12,	
窗+花瓶+茶几+电视柜+花架:12,	
摆件+鞋柜+茶几:12,	
窗+衣柜+衣架+门:12,	
货架+书架+书柜+展示柜+报刊架:12,	
书柜+边桌+茶几+电视柜:12,	
衣柜+凳+厨柜+门:12,	
衣柜+鞋柜+屏风+门+鞋架:12,	
窗+马桶+橱柜+门:11,	
书架+床+床头柜+电视柜:11,	
置物架+马桶+浴室柜+门:11,	
货架+文件柜+门:11,	
照片墙+相框+工艺品:11,	
床+床头柜+摆件+花瓶+花艺:11,	
餐桌+衣柜+鞋柜+茶几+橱柜+凳:11,	
床+橱柜+文件柜:11,	
床+床头柜+电脑桌+文件柜:11,	
书架+衣橱+衣柜:11,	
茶几+电视柜+斗柜+餐椅:11,	
窗+马桶:11,	
货架+书架+书柜+展示柜+置物架+屏风:11,	
床+置物架+凳+门:11,	
餐边柜+书架:11,	
货架+床+置物架+花架:11,	
窗+花瓶+花架:11,	
餐桌+置物架+茶几+橱柜:11,	
写字台+书架+办公椅+电脑桌:11,	
电脑椅+电脑桌:11,	
书架+书柜+床+置物架+衣橱+门:11,	
写字台+梳妆台+凳:11,	
床+衣橱+床头柜+衣柜+门:11,	
床+床单+衣架+被套:11,	
置物架+衣柜+门+鞋架:11,	
书柜+置物架+衣柜+鞋柜:11,	
摆件+花瓶+花艺+茶几+电视柜:11,	
货架+书架+书柜+展示柜+置物架+花架+鞋架:11,	
梳妆台+茶几+沙发+凳:11,	
书柜+床+角几+床头柜+沙发+斗柜:11,	
床+置物架+电视柜:11,	
床+鞋柜+电视柜:11,	
床+床头柜+鞋柜+斗柜+凳:11,	
衣帽架+衣架+凳+门:11,	
床+角几+床头柜+茶几+沙发+花架:11,	
地板+花架+门:11,	
角几+茶几+沙发+电脑桌:11,	
货架+层架:11,	
书柜+衣柜+鞋柜+橱柜:11,	
床+床单+枕套:11,	
餐桌+棋牌桌+麻将桌:11,	
挂件+洗脸盆+马桶+花洒+浴室柜:11,	
床+床头柜+茶几+沙发+花架:11,	
衣柜+花架:11,	
置物架+衣柜+马桶:11,	
衣柜+马桶+衣架:11,	
餐边柜+层架:11,	
梳妆台+斗柜+凳:11,	
置物架+边桌+茶几+花架:11,	
电视柜+花架+凳:11,	
书柜+摆件+斗柜:11,	
书架+床+文件柜:11,	
衣柜+橱柜+展柜:11,	
书柜+置物架+屏风:11,	
书柜+床+相框+办公桌:11,	
书架+角几+置物架+花架:11,	
床+置物架+床头柜+衣柜+鞋柜+鞋架:11,	
床+床头柜+斗柜+花架:11,	
餐桌+办公椅+电脑桌:11,	
书架+置物架+挂件:11,	
橱柜+办公桌+门:11,	
窗+鞋柜+橱柜+电脑桌:11,	
窗+边桌+门:11,	
餐桌+地板+餐椅:11,	
层架+衣帽架+衣架:11,	
餐边柜+展示柜+橱柜+门:11,	
餐边柜+床+床头柜+茶几+斗柜:11,	
摆件+花架+工艺品+凳:11,	
餐桌+梳妆台+橱柜:11,	
写字台+餐桌+餐椅:11,	
茶几+花架:11,	
照片墙+窗+相框+沙发:11,	
床+衣柜+电脑桌:11,	
货架+书架+文件柜:11,	
花艺+橱柜:11,	
茶几+电视柜+花架:11,	
床+壁炉+沙发:11,	
书架+书柜+花架+文件柜:11,	
衣架+凳+门+鞋架:11,	
角几+边桌+茶几+麻将桌:11,	
前台+电脑桌+办公桌:11,	
餐桌+床+床头柜+电视柜:11,	
写字台+电脑桌+办公桌+门:11,	
床+床头柜+摆件+鞋柜+茶几+电视柜:11,	
床+衣帽架+衣架+门:11,	
书架+角几+沙发:11,	
衣柜+鞋柜+衣帽架+门:11,	
衣橱+茶几+橱柜+办公桌+门:11,	
床+展示柜+床头柜+衣柜+鞋柜+鞋架:11,	
书架+层架+置物架+衣帽架:11,	
床+床头柜+学习桌+斗柜+门:10,	
餐边柜+鞋柜+斗柜+鞋架:10,	
置物架+边桌+沙发:10,	
层架+置物架+橱柜+衣架:10,	
梳妆台+电脑桌+凳:10,	
书柜+学习桌+斗柜:10,	
床+置物架+床头柜+摆件+工艺品:10,	
置物架+梳妆台+办公桌+文件柜:10,	
书架+更衣柜+衣柜:10,	
窗+置物架+鞋架:10,	
置物架+电视柜+门:10,	
床+衣帽架+衣架+凳+鞋架:10,	
报刊架+置物架+花架:10,	
衣橱+衣柜+衣帽架+衣架+门:10,	
洗脸盆+门:10,	
床+电脑椅+餐椅+凳:10,	
书架+书柜+展示柜+斗柜:10,	
餐边柜+床+床头柜+鞋柜:10,	
地暖+门:10,	
餐桌+床+衣柜+沙发:10,	
餐边柜+餐桌+床+角几+床头柜+梳妆台+茶几+电视柜+斗柜:10,	
书架+书柜+床+床头柜+沙发:10,	
窗+餐椅+凳:10,	
餐桌+学习桌+电脑桌+凳:10,	
橱柜+沙发+展柜+凳:10,	
餐桌+摇椅+餐椅:10,	
浴室柜+斗柜:10,	
书架+书柜+展示柜+置物架+货柜+门:10,	
床+床头柜+床单+斗柜:10,	
床+床头柜+花架:10,	
床+角几+置物架+床头柜+边桌+茶几:10,	
地板+办公桌:10,	
摆件+梳妆台+凳:10,	
床+衣橱+衣帽架+衣架:10,	
写字台+书柜+办公桌+门:10,	
茶几+水槽:10,	
货架+地板+门:10,	
书架+床+斗柜:10,	
窗+衣柜+被套:10,	
书架+书柜+窗+衣柜+橱柜+门:10,	
写字台+床+边桌+电脑桌:10,	
格架+层架+衣柜+门:10,	
货架+书柜+展示柜+置物架+货柜:10,	
床+角几+床头柜+电视柜:10,	
床+鞋柜+茶几+沙发+凳:10,	
书柜+床+相框:10,	
办公椅+沙发+餐椅+凳:10,	
窗+置物架+摆件+凳:10,	
置物架+衣帽架+衣架+凳+鞋架:10,	
角几+置物架+茶几+沙发+门:10,	
梳妆台+花架+凳:10,	
床+橱柜+凳:10,	
床+边桌+茶几+沙发+电脑桌:10,	
置物架+橱柜+厨柜+门:10,	
餐边柜+餐椅:10,	
书架+床+床头柜+门:10,	
花瓶+花艺+电视柜+前台:10,	
茶几+凳+门:10,	
书架+边桌+摆件+沙发:10,	
窗+文件柜+门:10,	
摆件+茶几+斗柜:10,	
鞋柜+文件柜+门:10,	
餐桌+花艺+茶几+橱柜:10,	
地板+窗+茶几+门:10,	
壁炉+门:10,	
书架+电视柜+办公桌:10,	
窗+橱柜+水槽+门:10,	
展示柜+沙发+门:10,	
床+置物架+床头柜+衣柜+鞋柜:10,	
书架+床+置物架+床头柜+茶几+沙发:10,	
置物架+橱柜+办公桌:10,	
角几+边桌+门:10,	
餐桌+床+床头柜+摆件+花瓶+电视柜:10,	
床+床头柜+边桌+沙发+斗柜:10,	
书柜+浴室柜:10,	
餐边柜+床+角几+床头柜+茶几+沙发:10,	
餐桌+床+梳妆台+茶几+电视柜+斗柜+餐椅:10,	
货架+床+橱柜:10,	
书架+衣柜+斗柜+门:10,	
货架+展示柜+展柜+文件柜:10,	
书架+餐桌+摆件+办公桌:10,	
窗+茶几+沙发+凳:10,	
格架+书架+展示柜+置物架:10,	
床+窗+沙发+餐椅:10,	
床+窗+电视柜:10,	
餐桌+床+衣柜+茶几+电视柜+沙发:10,	
床+浴室柜:10,	
书架+书柜+床+置物架+床头柜+花架:10,	
餐边柜+书架+书柜+层架+置物架:10,	
床+置物架+衣架+门:10,	
床+层架+斗柜:10,	
衣柜+鞋柜+斗柜+门:10,	
书架+置物架+屏风+门:10,	
龙头+沙发:10,	
电脑椅+梳妆台+餐椅+凳:10,	
床+沙发+工艺品:10,	
书架+书柜+展示柜+置物架+屏风+货柜+文件柜:10,	
淋浴房+电视柜+门:10,	
淋浴房+浴缸:10,	
花洒+凳:10,	
鞋柜+花架:10,	
鞋柜+办公桌:10,	
地板+水槽+门:10,	
货架+书架+书柜+层架:10,	
马桶+水槽+浴缸:10,	
书柜+衣柜+电脑桌+门:10,	
床+床头柜+衣柜+衣帽架+衣架:10,	
床+沙发+凳+鞋架:10,	
电视柜+凳+鞋架:10,	
衣橱+衣柜+鞋柜+橱柜:10,	
置物架+摆件+门:10,	
货架+床+置物架:10,	
展示柜+屏风:10,	
角几+报刊架+置物架+边桌+茶几+沙发:10,	
书架+床+花架:10,	
衣橱+挂件+衣柜+衣架:10,	
书架+角几+电视柜+沙发:10,	
餐桌+电脑桌+餐椅+办公桌:10,	
摆件+挂件+工艺品+门:10,	
展示柜+窗+衣架+货柜:10,	
写字台+斗柜+电脑桌:10,	
展示柜+更衣柜+衣柜+文件柜:10,	
书架+层架+衣柜+橱柜+厨柜:10,	
书柜+床+衣橱+床头柜+衣柜+鞋柜:10,	
床+边桌+衣柜+鞋柜+电脑桌:10,	
餐桌+橱柜+餐椅:10,	
展示柜+窗+挂件+展柜:10,	
橱柜+电视柜+斗柜:10,	
床+床头柜+鞋柜+斗柜+门:9,	
餐桌+床+床头柜+斗柜+餐椅:9,	
层架+置物架+茶几+花架:9,	
电脑椅+办公椅+电脑桌:9,	
窗+茶几+橱柜:9,	
书柜+摆件+斗柜+工艺品:9,	
层架+窗:9,	
衣柜+鞋柜+衣架:9,	
摆件+沙发+工艺品:9,	
摆件+龙头+电视柜:9,	
鞋柜+衣帽架+凳+门:9,	
书柜+床+置物架:9,	
床+床头柜+茶几+沙发+电脑桌:9,	
展示柜+窗+斗柜:9,	
餐边柜+餐桌+床+床头柜+梳妆台+斗柜+餐椅:9,	
餐桌+衣柜+橱柜+门:9,	
书架+置物架+衣架+花架:9,	
窗+衣帽架:9,	
货架+书架+书柜+置物架+花架+门:9,	
餐桌+斗柜+电脑桌:9,	
床+床裙+床单+床罩+被套:9,	
地板+窗+衣柜+门:9,	
摆件+鞋柜+门+鞋架:9,	
前台+凳+门:9,	
办公椅+橱柜+电视柜:9,	
货架+衣橱+衣柜+鞋柜+鞋架:9,	
餐桌+衣柜+茶几+橱柜:9,	
摆件+茶几+凳:9,	
鞋柜+花架+凳+鞋架:9,	
床+窗+床头柜+摆件+花瓶+花艺:9,	
餐桌+折叠椅+餐椅:9,	
摆件+茶几+橱柜+工艺品:9,	
衣柜+橱柜+凳+门:9,	
餐桌+餐椅+智能家居:9,	
边桌+茶几+沙发+花架:9,	
床+衣橱+橱柜+门:9,	
餐边柜+床+床头柜+橱柜:9,	
书架+书柜+电脑桌+凳:9,	
写字台+书架+学习桌+办公桌:9,	
床+层架+窗:9,	
更衣柜+衣柜+鞋柜+斗柜+文件柜+门:9,	
橱柜+电脑桌+门:9,	
餐边柜+书架+书柜+展示柜+橱柜+货柜+门:9,	
床+茶几+橱柜+电视柜+沙发+凳:9,	
书柜+床+床头柜+电视柜+斗柜:9,	
餐边柜+书架+餐桌+茶几+电视柜+斗柜:9,	
书柜+衣橱+衣柜+电脑桌:9,	
置物架+挂件+门:9,	
茶几+花架+凳:9,	
摆件+花架+凳+门:9,	
床+床头柜+梳妆台+衣柜+斗柜:9,	
置物架+斗柜+花架:9,	
衣橱+橱柜+电脑桌:9,	
床+凳+床罩:9,	
更衣柜+衣柜+鞋柜+橱柜+文件柜:9,	
置物架+学习桌+电脑桌:9,	
餐边柜+层架+橱柜+门:9,	
衣架+办公桌+门:9,	
鞋柜+屏风+斗柜+衣架+凳+门:9,	
地板+餐椅+门:9,	
挂件+橱柜:9,	
货架+书架+置物架+屏风:9,	
床+摆件+工艺品:9,	
角几+边桌+摆件+茶几:9,	
衣柜+鞋柜+凳:9,	
置物架+摆件+橱柜:9,	
餐桌+窗+办公桌:9,	
餐桌+衣柜+茶几:9,	
办公椅+折叠椅+电脑桌+凳:9,	
书柜+展柜+门:9,	
书架+书柜+展示柜+橱柜:9,	
餐边柜+床+茶几+电视柜:9,	
书架+书柜+置物架+花架+鞋架:9,	
窗+摆件+花架+凳:9,	
书架+层架+办公桌:9,	
衣架+电脑桌:9,	
货架+书架+书柜+展示柜+花架+鞋架:9,	
餐桌+床+衣柜+茶几+电视柜+沙发+餐椅:9,	
展示柜+置物架+衣柜+门:9,	
货架+斗柜+货柜:9,	
衣柜+鞋柜+电视柜+门:9,	
窗+摆件+花艺+电视柜:9,	
书柜+斗柜+电脑桌+办公桌:9,	
餐桌+电视柜+凳:9,	
书架+层架+置物架+衣柜+鞋架:9,	
床+床头柜+茶几+办公桌:9,	
书柜+衣柜+电视柜+门:9,	
窗+电视柜+花架+办公桌:9,	
货架+书架+书柜+展示柜+层架+置物架+鞋架:9,	
餐边柜+餐桌+餐椅+门:9,	
摆件+花架+门:9,	
床+床头柜+床单+门:9,	
展示柜+摆件+展柜:9,	
梳妆台+花架+餐椅+凳:9,	
办公椅+办公桌:9,	
马桶+浴室柜+门:9,	
餐边柜+沙发+门:9,	
层架+办公桌:9,	
餐桌+床+边桌+茶几+电视柜+沙发:9,	
书柜+窗+厨柜+门:9,	
窗+挂件+电视柜:9,	
床+床头柜+马桶:9,	
衣柜+橱柜+凳:9,	
衣柜+鞋柜+衣帽架+衣架+门+鞋架:9,	
书架+置物架+衣柜+花架:9,	
地板+办公椅+餐椅:9,	
床+角几+床头柜+茶几+凳:9,	
床+边桌+门:9,	
衣柜+鞋柜+橱柜+办公桌:9,	
床+置物架+衣帽架+衣架+门:9,	
书架+学习桌+斗柜+电脑桌:9,	
床+窗+床裙:9,	
书架+衣柜+办公桌:9,	
地板+窗+浴缸+门:9,	
书架+窗+摆件+橱柜:9,	
书架+层架+边桌+茶几+沙发:9,	
书柜+斗柜+文件柜+门:9,	
角几+置物架+花架:9,	
餐桌+电脑椅+沙发:9,	
货架+书架+更衣柜+衣柜+文件柜:9,	
书架+床+摆件:9,	
鞋柜+衣架+凳+门+鞋架:9,	
电脑椅+梳妆台+沙发+餐椅+凳:9,	
花架+凳+门:9,	
衣柜+衣帽架+衣架+门+鞋架:9,	
床+床头柜+摆件+斗柜:9,	
摆件+沙发+凳+门:9,	
层架+电脑桌+办公桌:9,	
书架+书柜+学习桌+办公桌:9,	
床+床头柜+衣柜+文件柜:9,	
餐边柜+窗:9,	
餐桌+斗柜:8,	
书架+床+角几+床头柜:8,	
鞋柜+厨柜+门:8,	
层架+置物架+橱柜+厨柜:8,	
书柜+摆件+相框+办公桌:8,	
货架+展示柜+窗+展柜:8,	
床+床头柜+摆件+鞋柜+电视柜+办公桌:8,	
书柜+床+床头柜+办公桌:8,	
餐桌+边桌+橱柜+餐椅+门:8,	
书架+更衣柜+衣柜+文件柜:8,	
书架+书柜+鞋架:8,	
置物架+鞋柜+斗柜:8,	
货架+更衣柜+衣柜+文件柜:8,	
餐桌+地板+凳:8,	
床+置物架+床头柜+门:8,	
摆件+鞋柜+电视柜+工艺品+门:8,	
衣柜+橱柜+文件柜+门:8,	
电脑椅+办公椅+折叠椅+餐椅:8,	
衣橱+挂件+门:8,	
电视柜+工艺品+门:8,	
边桌+茶几+电视柜+沙发:8,	
书架+书柜+层架+置物架+橱柜:8,	
相框+衣柜:8,	
床+沙发+花架:8,	
写字台+书架+置物架+电脑桌:8,	
书架+书柜+保险柜:8,	
摆件+花瓶+花架+门:8,	
餐边柜+鞋柜+浴室柜+门:8,	
置物架+淋浴房+办公桌:8,	
床+衣柜+茶几+电视柜+餐椅:8,	
床+床头柜+边桌+茶几+凳:8,	
层架+置物架+边桌+电视柜:8,	
衣柜+橱柜+办公桌:8,	
衣柜+衣架+花架+鞋架:8,	
写字台+书架+梳妆台+斗柜+电脑桌:8,	
床+电视柜+前台+凳:8,	
窗+保险柜+门:8,	
书架+床+电脑桌+办公桌:8,	
书柜+置物架+电视柜+斗柜:8,	
窗+办公桌+门:8,	
窗+置物架+衣架:8,	
衣橱+智能家居+门:8,	
置物架+更衣柜+衣柜+厨柜:8,	
床+窗+沙发+凳+门:8,	
角几+边桌+斗柜:8,	
书架+展示柜+鞋柜+门:8,	
窗+沙发+餐椅+凳:8,	
床+床头柜+办公桌+门:8,	
床+角几+置物架+沙发:8,	
书柜+鞋柜+文件柜:8,	
书柜+置物架+衣柜+橱柜:8,	
书柜+窗+文件柜:8,	
书架+展示柜+摆件:8,	
餐边柜+水槽+门:8,	
窗+摆件+电视柜+门:8,	
电脑椅+茶几+凳:8,	
床+斗柜+凳:8,	
鞋柜+屏风+花架+门:8,	
摆件+梳妆台:8,	
书架+摆件+斗柜:8,	
餐桌+茶几+橱柜+门:8,	
窗+相框:8,	
衣橱+茶几+电视柜+沙发:8,	
餐桌+摆件+花瓶+电视柜+办公桌:8,	
床+摆件+花瓶:8,	
床+置物架+挂件:8,	
地暖+鞋柜+鞋架:8,	
屏风+电脑桌:8,	
写字台+书架+置物架+办公桌:8,	
电脑椅+餐椅+门:8,	
餐桌+床+床头柜+茶几+门:8,	
置物架+餐椅+凳:8,	
窗+淋浴房+水槽+门:8,	
餐边柜+置物架+斗柜+门:8,	
床+床头柜+茶几+沙发+凳:8,	
窗+淋浴房+衣架:8,	
床+茶几+橱柜+沙发+凳:8,	
置物架+衣橱+橱柜+门:8,	
沙发+衣架+凳+门:8,	
床+床头柜+衣柜+鞋柜+门+鞋架:8,	
电视柜+凳:8,	
置物架+衣架+鞋架:8,	
床+床头柜+边桌+茶几+沙发+门:8,	
书柜+置物架+茶几+沙发:8,	
层架+摆件+货柜+工艺品:8,	
书柜+窗+衣柜+橱柜+门:8,	
书架+窗+摆件+电视柜:8,	
床+床头柜+摆件+相框+工艺品:8,	
格架+床:8,	
货架+窗+屏风+衣帽架:8,	
床+茶几+床单+沙发:8,	
衣帽架+凳+门+鞋架:8,	
书架+书柜+置物架+衣架:8,	
餐边柜+床+床头柜+斗柜+门:8,	
置物架+衣柜+花架+鞋架:8,	
电脑椅+办公椅+茶几+餐椅+凳:8,	
书柜+展示柜+橱柜+文件柜:8,	
沙发+枕套:8,	
梳妆台+衣柜:8,	
更衣柜+衣柜+斗柜+文件柜:8,	
餐边柜+鞋柜+电视柜+斗柜:8,	
书架+床+鞋柜:8,	
餐桌+角几+茶几+电视柜+沙发+餐椅:8,	
餐边柜+床+橱柜:8,	
地板+展柜+货柜+门:8,	
摆件+鞋柜+办公桌+工艺品:8,	
床+办公椅+床单:8,	
货架+书架+展示柜+置物架+门:8,	
床+衣柜+凳:8,	
床+床头柜+梳妆台+沙发:8,	
衣柜+门+鞋架:8,	
书柜+更衣柜+衣柜+门:8,	
书架+置物架+电视柜+花架:8,	
摆件+茶几+沙发:8,	
花洒+浴室柜:8,	
床+衣柜+沙发+凳:8,	
衣橱+更衣柜+衣柜+衣架:8,	
床+床头柜+衣柜+保险柜:8,	
边桌+沙发+文件柜:7,	
餐边柜+鞋柜+电视柜+斗柜+门:7,	
格架+照片墙+置物架+相框:7,	
电脑椅+办公椅+麻将桌:7,	
床+窗+床单:7,	
电脑椅+电脑桌+餐椅:7,	
餐边柜+茶几+门:7,	
餐边柜+书柜+床+床头柜+斗柜:7,	
餐桌+电脑椅+办公椅+餐椅+凳:7,	
展示柜+更衣柜+衣柜:7,	
餐桌+花瓶+茶几+电视柜:7,	
办公椅+茶几+餐椅:7,	
书架+书柜+展示柜+办公桌+文件柜:7,	
展示柜+窗+橱柜+门:7,	
书柜+展示柜+摆件:7,	
床+角几+床头柜+茶几+沙发+电脑桌:7,	
餐边柜+床+角几+床头柜:7,	
层架+衣橱+衣柜+橱柜:7,	
床+茶几+电脑桌:7,	
书柜+床+衣柜+门:7,	
书架+置物架+挂件+花架:7,	
餐边柜+床+床头柜+衣柜+斗柜:7,	
置物架+摆件+电视柜:7,	
层架+置物架+衣橱+衣柜+鞋柜+橱柜:7,	
书柜+学习桌+电脑桌+办公桌+门:7,	
餐边柜+浴室柜:7,	
书架+置物架+鞋柜:7,	
床+床笠+床罩:7,	
书架+书柜+摆件+门:7,	
床+角几+置物架+边桌+沙发:7,	
橱柜+电视柜+门:7,	
书架+床+窗+衣柜+门:7,	
餐边柜+书架+床+置物架+床头柜:7,	
花艺+门:7,	
床+床头柜+摆件+梳妆台+茶几:7,	
床+床头柜+梳妆台+鞋柜+茶几+凳:7,	
电视柜+沙发+斗柜:7,	
鞋柜+衣帽架+凳+门+鞋架:7,	
写字台+浴缸:7,	
摆件+屏风+沙发:7,	
层架+鞋柜+门+鞋架:7,	
书架+置物架+橱柜+门:7,	
床+床头柜+橱柜+门:7,	
写字台+办公桌+凳:7,	
地板+摆件+工艺品:7,	
书柜+梳妆台:7,	
窗+衣柜+鞋柜+厨柜+门:7,	
床+边桌+斗柜:7,	
书柜+床+茶几+沙发:7,	
沙发+文件柜:7,	
床+置物架+鞋架:7,	
床+床头柜+鞋架:7,	
餐桌+厨柜:7,	
床+床头柜+梳妆台+衣柜+凳:7,	
货架+书柜+展示柜+展柜+货柜:7,	
置物架+衣柜+花架:7,	
角几+置物架+茶几:7,	
餐边柜+衣柜+门:7,	
餐桌+摆件+花瓶+橱柜:7,	
床+花洒:7,	
书架+书柜+衣柜+电脑桌+门:7,	
龙头+鞋柜+衣帽架+衣架+鞋架:7,	
书架+置物架+展柜:7,	
餐边柜+置物架+橱柜+水槽:7,	
餐边柜+电视柜+沙发:7,	
置物架+花架+凳:7,	
写字台+床+学习桌:7,	
衣柜+茶几+橱柜+电视柜+沙发:7,	
书柜+床+床头柜+摆件+相框:7,	
淋浴房+茶几+门:7,	
壁炉+斗柜:7,	
餐边柜+书柜+床+床头柜+门:7,	
书架+学习桌+办公桌:7,	
书架+床+角几+置物架+边桌+茶几+沙发:7,	
餐桌+电脑椅+餐椅+门:7,	
角几+茶几+沙发+门:7,	
地板+橱柜+沙发:7,	
货架+书柜+置物架+电脑桌:7,	
置物架+凳:7,	
床+床笠+床罩+被套:7,	
床+角几+床头柜+边桌+沙发+斗柜:7,	
书柜+衣柜+鞋柜+浴室柜+橱柜+电视柜+厨柜:7,	
角几+茶几+沙发+斗柜:7,	
摆件+鞋柜+屏风:7,	
电视柜+货柜:7,	
床+置物架+床头柜+斗柜+门:7,	
置物架+衣柜+衣架+水槽:7,	
餐桌+鞋柜+电视柜+办公桌:7,	
书柜+展示柜+摆件+电视柜+工艺品:7,	
置物架+相框:7,	
展示柜+衣橱+衣柜+门:7,	
地板+沙发+餐椅+门:7,	
置物架+橱柜+沙发:7,	
办公椅+电脑桌+餐椅+凳:7,	
淋浴房+衣柜+橱柜+门:7,	
书架+展示柜+层架+置物架+马桶:7,	
地板+摆件:7,	
餐边柜+置物架+茶几+橱柜:7,	
货架+窗+挂件+衣柜:7,	
鞋柜+电视柜+斗柜:7,	
书柜+鞋柜+橱柜+展柜+厨柜:7,	
床+窗+床头柜+摆件+沙发:7,	
床+地板+电脑椅:7,	
角几+茶几+麻将桌:7,	
书架+书柜+层架+置物架+办公桌:7,	
麻将桌+门:7,	
写字台+餐桌+床+床头柜+茶几+电脑桌+办公桌:7,	
餐边柜+凳:7,	
地板+马桶:7,	
花瓶+花艺+橱柜:7,	
床+角几+床头柜+沙发+电脑桌:7,	
衣柜+鞋柜+橱柜+电视柜+厨柜+门:7,	
花艺+沙发:7,	
地暖+壁炉:7,	
床+窗+橱柜+凳+门:7,	
写字台+书柜+电脑椅+电脑桌:7,	
餐边柜+文件柜+门:7,	
茶几+电视柜+工艺品:7,	
床+床头柜+摆件+相框+挂件:7,	
格架+书柜+置物架:7,	
窗+龙头+被套:7,	
衣柜+鞋柜+屏风+门:7,	
花瓶+斗柜+门:7,	
写字台+书架+衣柜+办公桌:7,	
货架+书架+橱柜:7,	
浴缸+餐椅:7,	
餐桌+床+床头柜+茶几+沙发:7,	
鞋柜+浴室柜+橱柜:7,	
餐桌+茶几+沙发+凳+门:7,	
层架+置物架+挂件+厨柜:7,	
橱柜+衣架+办公桌+门:7,	
书柜+橱柜+电视柜:7,	
窗+龙头+花洒+门:7,	
层架+置物架+花架+鞋架:7,	
书架+书柜+角几+置物架+茶几+沙发:7,	
窗+摆件+茶几+沙发:7,	
货架+置物架+橱柜+水槽:7,	
写字台+书架+梳妆台+学习桌+电脑桌+凳:7,	
书柜+床+床头柜+摆件+工艺品:7,	
床+角几+沙发+斗柜:7,	
书柜+展柜+文件柜:7,	
货架+层架+置物架+门:7,	
餐边柜+角几+茶几:7,	
床+衣柜+茶几+橱柜+门:7,	
衣柜+电视柜+斗柜:7,	
餐边柜+书架+层架+置物架:7,	
餐边柜+衣柜+斗柜+门:7,	
床+衣架:7,	
书柜+报刊架:7,	
写字台+电脑椅+办公桌:7,	
书架+置物架+衣柜+鞋柜+鞋架:7,	
窗+工艺品+凳:7,	
书柜+床+床头柜+衣柜+鞋柜+斗柜:7,	
书架+书柜+床+床头柜+衣柜+鞋柜+鞋架:7,	
床+置物架+马桶+门:7,	
床+文件柜+门:7,	
窗+鞋柜+门+鞋架:6,	
花艺+屏风+门:6,	
餐桌+摆件+花架:6,	
窗+摆件+茶几+办公桌:6,	
货架+橱柜+门:6,	
书架+窗+摆件+花架:6,	
写字台+床+电视柜:6,	
沙发+斗柜+花架:6,	
床+床头柜+衣柜+斗柜+门:6,	
书架+窗+橱柜+门:6,	
床+床头柜+摆件+花瓶+梳妆台:6,	
床+床头柜+鞋柜+橱柜+电视柜:6,	
书架+书柜+置物架+衣柜+文件柜+门:6,	
书柜+电脑桌+办公桌+门:6,	
马桶+浴室柜+沙发:6,	
餐边柜+鞋柜+文件柜:6,	
电脑椅+学习桌+电视柜:6,	
餐桌+置物架+边桌:6,	
书架+置物架+沙发+花架+门:6,	
书柜+床+床头柜+鞋柜+斗柜:6,	
电脑椅+茶几+门:6,	
床+花艺:6,	
餐桌+梳妆台+茶几+浴室柜+电视柜:6,	
书柜+更衣柜+衣柜:6,	
书架+书柜+展示柜+保险柜:6,	
书架+置物架+衣帽架+衣架:6,	
书柜+衣橱+衣柜+鞋柜+门:6,	
床+衣橱+门:6,	
书架+摆件+学习桌:6,	
角几+茶几+电视柜+办公桌:6,	
电脑椅+办公椅+橱柜:6,	
角几+置物架+边桌+茶几+沙发+花架:6,	
书架+床+床头柜+摆件+相框:6,	
餐桌+床+床头柜+餐椅:6,	
衣柜+被套:6,	
餐边柜+角几+沙发:6,	
床+置物架+茶几:6,	
窗+衣柜+浴室柜+橱柜+门:6,	
餐桌+床+地板+衣柜+橱柜:6,	
边桌+摆件+茶几+沙发+花架:6,	
写字台+书架+梳妆台+电脑桌+办公桌+凳:6,	
书架+展示柜+文件柜:6,	
斗柜+门+鞋架:6,	
床+茶几+电视柜+餐椅:6,	
餐边柜+书柜+梳妆台+斗柜:6,	
摆件+花瓶+鞋柜+工艺品:6,	
龙头+浴缸:6,	
餐桌+床+衣柜+茶几+沙发+餐椅:6,	
梳妆台+斗柜+电脑桌+凳:6,	
挂件+凳:6,	
置物架+衣帽架+橱柜+衣架+门:6,	
书架+层架+电视柜:6,	
货架+书架+书柜+展示柜+货柜:6,	
货架+书柜+电脑桌:6,	
书柜+床+床头柜+衣柜+鞋柜:6,	
餐桌+鞋柜+茶几+电视柜+斗柜+餐椅:6,	
货架+置物架+挂件+水槽:6,	
床+置物架+橱柜+门:6,	
鞋柜+茶几:6,	
窗+前台+沙发+门:6,	
餐桌+学习桌+餐椅+办公桌:6,	
床+沙发+餐椅+凳+门:6,	
置物架+前台:6,	
置物架+斗柜+文件柜:6,	
书柜+沙发+门:6,	
摆件+花艺+电视柜+办公桌:6,	
电脑桌+餐椅+办公桌:6,	
货架+置物架+工艺品:6,	
展示柜+置物架+文件柜:6,	
茶几+沙发+花架:6,	
书柜+展柜+文件柜+门:6,	
梳妆台+凳+门:6,	
货架+办公椅+橱柜:6,	
餐桌+床+床头柜+梳妆台+电脑桌:6,	
写字台+斗柜:6,	
书架+层架+置物架+衣帽架+衣架+花架+鞋架:6,	
书架+凳:6,	
书柜+置物架+电视柜:6,	
书架+书柜+置物架+展柜+货柜:6,	
衣柜+鞋柜+橱柜+厨柜:6,	
床+窗+床头柜+摆件+工艺品:6,	
货架+书架+书柜+置物架+橱柜:6,	
床+床头柜+沙发+斗柜+文件柜:6,	
床+窗+床头柜+摆件+电视柜:6,	
床+角几+床头柜+边桌+茶几+沙发+花架:6,	
边桌+电视柜+斗柜:6,	
床+浴室柜+橱柜+沙发+餐椅+凳:6,	
床+斗柜+鞋架:6,	
床+报刊架+床头柜+边桌:6,	
层架+挂件:6,	
书架+沙发+斗柜:6,	
书柜+马桶+浴室柜:6,	
窗+置物架+办公桌:6,	
书架+置物架+斗柜+办公桌:6,	
床+相框+门:6,	
斗柜+餐椅:6,	
货架+书架+书柜+电脑桌:6,	
床+衣柜+厨柜:6,	
衣橱+衣架+被套:6,	
书柜+床+床头柜+衣柜+斗柜:6,	
餐桌+床+餐椅+门:6,	
衣橱+衣柜+鞋柜+橱柜+门:6,	
衣橱+淋浴房+衣柜+门:6,	
置物架+衣柜+橱柜+门:6,	
床+茶几+电视柜+门:6,	
摆件+鞋柜+橱柜:6,	
更衣柜+衣柜+浴室柜:6,	
置物架+办公桌+门:6,	
床+床头柜+边桌+门:6,	
衣橱+淋浴房+衣架+门:6,	
货架+置物架+门:6,	
展示柜+置物架+门:6,	
书架+办公桌+文件柜+门:6,	
床+床头柜+马桶+斗柜:6,	
书架+书柜+床+窗+学习桌:6,	
置物架+挂件+沙发:6,	
窗+衣架+凳:6,	
床+床头柜+衣架+花架+门:6,	
餐边柜+餐桌+置物架+厨柜:6,	
书柜+衣柜+鞋柜+浴室柜+橱柜+门:6,	
书架+床+衣柜:6,	
地板+文件柜:6,	
学习桌+电脑桌+门:6,	
书架+书柜+摆件+电视柜+工艺品:6,	
报刊架+斗柜+文件柜:6,	
书柜+床+地板+衣柜+餐椅+门:6,	
餐桌+摆件+花艺+橱柜:6,	
餐桌+茶几+电视柜+沙发+斗柜:6,	
餐桌+床+办公椅+电脑桌:6,	
床+摆件+办公桌+工艺品:6,	
餐桌+床+床头柜+边桌+茶几:6,	
马桶+坐便器+水槽:6,	
衣橱+挂件+衣柜:6,	
书柜+置物架+橱柜+门:6,	
货架+衣柜+鞋柜+鞋架:6,	
鞋柜+茶几+沙发+凳+门:6,	
书柜+衣橱+衣柜+橱柜:6,	
书柜+更衣柜+衣柜+鞋柜+文件柜:6,	
床+工艺品+枕套:6,	
餐桌+窗+摆件+花瓶+办公桌:6,	
床+角几+床头柜+边桌+凳:6,	
照片墙+置物架+相框+沙发:6,	
写字台+餐边柜+电脑桌:6,	
书架+床+层架+置物架+花架:6,	
地暖+智能家居:6,	
摆件+梳妆台+茶几+凳:6,	
窗+花瓶+电视柜+办公桌:6,	
餐边柜+梳妆台+鞋柜+茶几+电视柜+凳:6,	
床+床头柜+花架+鞋架:6,	
床+床头柜+摆件+茶几+电视柜+工艺品:6,	
餐边柜+茶几+斗柜:6,	
书架+书柜+边桌:6,	
前台+餐椅+凳+门:6,	
书架+置物架+工艺品:6,	
置物架+浴室柜+花架:6,	
浴室柜+电视柜+门:6,	
衣橱+衣柜+橱柜+斗柜+门:6,	
书架+衣架+花架+凳+鞋架:6,	
书柜+置物架+摆件+电视柜:6,	
置物架+挂件+淋浴房:6,	
边桌+浴室柜+斗柜+门+鞋架:6,	
床+床头柜+梳妆台+衣柜+床单:6,	
书架+书柜+窗+置物架+文件柜:6,	
书架+书柜+床+床头柜+摆件:6,	
餐边柜+角几+沙发+斗柜+文件柜:6,	
屏风+办公桌:6,	
衣架+花架+鞋架:6,	
床+置物架+梳妆台+凳:6,	
床+床头柜+摆件+办公桌+工艺品:6,	
书架+展示柜+报刊架:6,	
沙发+衣架+凳:6,	
床+茶几+斗柜:6,	
写字台+餐桌+床+床头柜+茶几:6,	
餐桌+沙发+办公桌:6,	
办公椅+前台+餐椅:6,	
床+床单+浴缸:6,	
摆件+电视柜+前台:6,	
书架+梳妆台+鞋柜+茶几+凳:6,	
摇椅+办公椅:6,	
角几+窗+边桌+门:6,	
办公桌+厨柜+门:5,	
床+层架+角几+床头柜+茶几+沙发:5,	
货架+更衣柜+衣柜+鞋柜+文件柜:5,	
书柜+衣橱+橱柜+文件柜:5,	
书柜+展示柜+窗+衣柜:5,	
窗+花瓶+花艺:5,	
衣柜+衣帽架+鞋架:5,	
床+置物架+床头柜+沙发:5,	
窗+摆件+壁炉+电视柜:5,	
货架+更衣柜+衣柜+文件柜+门:5,	
货架+窗+屏风+鞋架:5,	
书架+餐桌+电视柜+电脑桌:5,	
书架+书柜+茶几:5,	
床+电脑椅+床头柜+凳:5,	
写字台+学习桌+橱柜+电脑桌:5,	
餐桌+窗+茶几:5,	
书柜+电视柜+沙发+凳:5,	
床+角几:5,	
淋浴房+水槽+门:5,	
书柜+展示柜+鞋柜+鞋架:5,	
梳妆台+鞋柜+斗柜:5,	
更衣柜+衣柜+斗柜:5,	
展示柜+茶几+电视柜:5,	
层架+衣帽架+鞋架:5,	
书柜+床+床头柜+衣柜+鞋柜+鞋架:5,	
货架+书架+更衣柜+衣柜+文件柜+门:5,	
书柜+鞋柜+门+鞋架:5,	
餐边柜+工艺品:5,	
衣橱+淋浴房+门:5,	
写字台+梳妆台+办公桌:5,	
书架+层架+置物架+电脑桌:5,	
床+窗+床头柜+衣柜+橱柜:5,	
置物架+衣柜+厨柜:5,	
床+梳妆台+凳+门:5,	
写字台+书架+衣柜+电脑桌+门:5,	
写字台+床+床头柜+电脑桌:5,	
床+床头柜+衣柜+鞋柜+斗柜+鞋架:5,	
窗+衣橱:5,	
茶几+棋牌桌+凳:5,	
书架+展示柜+置物架+文件柜:5,	
梳妆台+衣柜+凳:5,	
置物架+衣柜+衣帽架+鞋架:5,	
电脑椅+前台+餐椅+凳:5,	
餐桌+窗+餐椅:5,	
餐桌+办公桌+凳+门:5,	
龙头+花洒+浴缸+门:5,	
报刊架+工艺品:5,	
电视柜+斗柜+凳:5,	
保险柜+办公桌:5,	
茶几+文件柜:5,	
货架+书架+书柜+展示柜:5,	
床+床头柜+鞋柜+门:5,	
屏风+橱柜+门:5,	
书柜+地板+文件柜+门:5,	
更衣柜+衣柜+鞋柜+浴室柜+文件柜:5,	
办公桌+凳:5,	
床+办公椅+茶几+沙发+文件柜:5,	
橱柜+花架:5,	
书架+书柜+更衣柜+衣柜+保险柜+文件柜:5,	
书架+书柜+床+报刊架+床头柜+鞋架:5,	
书架+书柜+床+文件柜:5,	
餐边柜+餐桌+床+床头柜+茶几+电视柜+沙发+斗柜:5,	
书柜+衣柜+橱柜+电脑桌+门:5,	
书架+书柜+摆件+文件柜:5,	
展示柜+衣柜+文件柜:5,	
餐边柜+鞋柜+斗柜+文件柜:5,	
书柜+置物架+浴室柜+橱柜:5,	
书柜+衣柜+鞋架:5,	
边桌+沙发+斗柜+门:5,	
货架+书架+置物架+货柜:5,	
餐桌+床+窗+床单+沙发+枕套:5,	
床+衣柜+鞋柜+沙发:5,	
层架+窗+展柜+鞋架:5,	
龙头+鞋柜+衣架+鞋架:5,	
餐边柜+书柜+窗+橱柜+门:5,	
床+床头柜+衣柜+斗柜+鞋架:5,	
书架+书柜+置物架+展柜+花架:5,	
书柜+花架+门:5,	
餐桌+鞋柜+沙发:5,	
照片墙+相框+花架:5,	
床+斗柜+文件柜+门:5,	
餐边柜+书柜+置物架+斗柜+文件柜:5,	
窗+水槽+浴缸+门:5,	
书架+床+衣柜+床单+电脑桌:5,	
餐桌+梳妆台+茶几+橱柜+沙发+凳:5,	
货架+书架+书柜+展示柜+置物架+花架:5,	
写字台+梳妆台+斗柜+电脑桌:5,	
床+床头柜+衣柜+鞋柜+橱柜+凳+门:5,	
书架+层架+置物架+电脑桌+门:5,	
床+摆件+花瓶+电视柜:5,	
床+餐椅+凳+门:5,	
更衣柜+衣柜+屏风+斗柜+文件柜:5,	
床+橱柜+电视柜+沙发+凳:5,	
角几+边桌+学习桌+电脑桌:5,	
餐桌+床+衣柜+电视柜+沙发+斗柜+餐椅:5,	
书柜+展示柜+衣柜+门:5,	
书架+报刊架+门:5,	
展示柜+电视柜+文件柜:5,	
床+鞋柜+茶几+电视柜:5,	
书柜+层架+文件柜+门:5,	
书柜+置物架+电视柜+门:5,	
书架+展柜+文件柜:5,	
床+地板+窗+门:5,	
置物架+花瓶:5,	
餐桌+衣柜+橱柜+沙发+凳:5,	
书架+书柜+保险柜+文件柜:5,	
床+窗+床单+沙发+被套:5,	
置物架+衣柜+凳:5,	
办公椅+折叠椅+凳:5,	
床+花瓶+茶几+凳:5,	
地暖+鞋柜:5,	
书架+展示柜+层架+电视柜:5,	
置物架+衣橱+橱柜:5,	
层架+置物架+衣橱+橱柜+衣架:5,	
窗+电脑椅+办公椅:5,	
货架+置物架+屏风+门:5,	
餐桌+书柜+床+沙发+餐椅:5,	
书架+书柜+电脑桌+办公桌+凳:5,	
餐桌+鞋柜+电视柜+餐椅+凳:5,	
餐边柜+书柜+鞋柜+斗柜:5,	
货架+鞋柜+衣帽架+鞋架:5,	
书架+置物架+花架+文件柜:5,	
餐边柜+展示柜+置物架:5,	
床+床头柜+电视柜+门:5,	
书架+书柜+鞋柜+橱柜:5,	
更衣柜+衣柜+鞋柜+凳+门:5,	
书架+窗+置物架+摆件+茶几+沙发:5,	
橱柜+展柜+凳:5,	
货架+展示柜+展柜+货柜+门:5,	
书架+床+床头柜+相框:5,	
书柜+床+床头柜+门+鞋架:5,	
餐桌+前台+餐椅+凳:5,	
置物架+马桶+橱柜:5,	
衣柜+水槽+厨柜+门:5,	
书柜+床+床头柜+边桌+茶几+斗柜:5,	
床+摇椅+沙发+智能家居:5,	
床+地板+橱柜+门:5,	
床+置物架+边桌+茶几:5,	
挂件+橱柜+厨柜:5,	
窗+花艺+花架+门:5,	
书架+书柜+层架+报刊架+置物架:5,	
床+摇椅+凳:5,	
写字台+床+窗+电脑桌:5,	
书架+书柜+展示柜+展柜:5,	
衣橱+鞋柜+厨柜+门:5,	
床+床头柜+办公桌+文件柜+门:5,	
餐边柜+床+床头柜+衣柜+橱柜:5,	
床+办公椅+折叠椅+沙发:5,	
书架+展示柜+电视柜+斗柜:5,	
床+床头柜+斗柜+电脑桌+文件柜:5,	
窗+挂件+龙头+门:5,	
书架+书柜+置物架+货柜+鞋架:5,	
床+鞋柜+茶几+橱柜+沙发+凳:5,	
餐边柜+餐桌+角几+茶几+电视柜:5,	
衣柜+橱柜+沙发+门:5,	
书架+置物架+衣帽架+衣架+鞋架:5,	
书柜+鞋柜+斗柜+文件柜:5,	
货架+书柜+置物架+门:5,	
边桌+茶几+电视柜:5,	
书架+床+凳:5,	
床+置物架+床头柜+边桌:5,	
电视柜+沙发+花架:5,	
龙头+衣帽架+衣架+凳+鞋架:5,	
餐边柜+茶几+橱柜+电视柜:5,	
书柜+鞋柜+办公桌+文件柜+门:5,	
花瓶+屏风+门:5,	
餐边柜+餐椅+门:5,	
茶几+餐椅+门:5,	
床+窗+衣柜+鞋柜:5,	
床+床头柜+电视柜+凳:5,	
餐边柜+书柜+衣柜+斗柜:5,	
置物架+斗柜+电脑桌+办公桌:5,	
衣橱+鞋柜:5,	
床+地板+窗+床头柜+门:5,	
角几+边桌+茶几+沙发+办公桌:5,	
床+床头柜+摆件+浴室柜:5,	
书柜+衣柜+鞋柜+电视柜:5,	
窗+挂件+凳+门:5,	
摆件+花瓶+花艺+茶几+工艺品:5,	
餐边柜+角几:5,	
电脑椅+梳妆台+餐椅:5,	
相框+工艺品:5,	
书架+书柜+层架+置物架+电视柜:5,	
餐桌+衣柜+餐椅:5,	
书柜+床+置物架+衣橱+床头柜+衣柜:5,	
餐边柜+书架+书柜+置物架+鞋柜+门:5,	
餐桌+床+床头柜+花艺:5,	
餐桌+办公椅+电脑桌+餐椅:5,	
鞋柜+浴室柜:5,	
窗+摆件+前台:5,	
床+衣橱+床头柜+梳妆台+橱柜+凳:5,	
床+床品套件+枕套:5,	
书柜+床+床单:5,	
茶几+橱柜+电视柜+沙发+凳:5,	
床+置物架+茶几+花架:5,	
壁炉+沙发:5,	
床+茶几+橱柜+电视柜+电脑桌:5,	
货架+货柜+文件柜+门:5,	
照片墙+橱柜+沙发+门:5,	
餐边柜+边桌+厨柜:5,	
斗柜+凳+门:5,	
床+层架+电视柜:5,	
窗+壁炉+门:5,	
床+床头柜+衣柜+浴室柜+门:5,	
书柜+衣橱+文件柜:5,	
货架+书柜+文件柜+门:5,	
货架+书架+展示柜+报刊架:5,	
餐边柜+角几+边桌+沙发+花架:5,	
鞋柜+工艺品:5,	
花瓶+电视柜+斗柜:5,	
茶几+沙发+斗柜:5,	
鞋柜+屏风+衣帽架+门:5,	
书柜+更衣柜+衣柜+鞋柜+门:5,	
书柜+衣柜+鞋柜+门+鞋架:5,	
窗+屏风+工艺品+门:5,	
摆件+花艺+鞋柜+茶几:5,	
餐桌+梳妆台+电脑桌+餐椅:5,	
货架+书架+报刊架+置物架+鞋架:5,	
床+窗+花架:5,	
书架+床+边桌+电脑桌:5,	
窗+电脑椅+凳:5,	
置物架+衣橱+衣帽架+衣架:5,	
写字台+茶几:5,	
衣橱+衣帽架+衣架+门:5,	
电脑桌+办公桌+门:5,	
书柜+挂件+衣柜+橱柜:5,	
餐边柜+床+床头柜+沙发:5,	
货架+书架+层架+置物架+鞋架:5,	
学习桌+斗柜:5,	
货架+书架+窗+置物架:5,	
床+衣柜+沙发+斗柜:5,	
书柜+屏风+文件柜+门:5,	
花瓶+茶几:5,	
货架+书架+衣架:5,	
鞋柜+茶几+沙发:5,	
床+床头柜+边桌+茶几+斗柜:5,	
餐边柜+书柜+电视柜+文件柜:5,	
餐桌+办公椅+门:5,	
报刊架+文件柜:5,	
写字台+床+电视柜+电脑桌+凳:5,	
橱柜+电脑桌+办公桌:5,	
衣柜+橱柜+水槽+文件柜+门:5,	
餐边柜+餐桌+摆件+工艺品:5,	
衣柜+鞋柜+浴室柜+门:5,	
地板+窗+马桶+门:5,	
屏风+文件柜+门:5,	
书柜+衣柜+鞋柜+橱柜+电视柜:5,	
餐边柜+茶几+沙发:5,	
置物架+鞋柜+衣帽架+凳+门:5,	
角几+沙发+凳:5,	
茶几+前台+沙发:5,	
餐边柜+角几+置物架+茶几:5,	
层架+置物架+衣柜+橱柜+花架:5,	
书柜+展示柜+置物架+文件柜:5,	
书架+书柜+置物架+凳:5,	
展示柜+电视柜+工艺品:5,	
床+被罩+床裙+床单:5,	
货架+书架+置物架+展柜+花架+货柜+门:5,	
床+角几+床头柜+摆件+相框:5,	
窗+摆件+餐椅:5,	
窗+电脑桌+办公桌:5,	
床+床头柜+衣柜+浴室柜+橱柜:5,	
衣橱+淋浴房+屏风+门:5,	
写字台+书架+书柜+门:5,	
床+衣架+凳:5,	
床+展示柜+床头柜+门:5,	
床+地板+门:5,	
斗柜+电脑桌+凳:5,	
书柜+更衣柜+衣柜+鞋柜+浴室柜+门:5,	
床+床头柜+边桌+茶几+沙发+电脑桌:5,	
窗+衣橱+衣柜+橱柜+衣架+门:5,	
床+浴室柜+橱柜+沙发+凳:5,	
书架+书柜+茶几+沙发:5,	
展示柜+电视柜+斗柜+门:5,	
餐边柜+衣柜+鞋柜+门:5,	
学习桌+门:5,	
餐桌+窗+沙发:5,	
餐边柜+衣橱+衣柜:5,	
餐桌+鞋柜+茶几:5,	
角几+相框+电视柜:5,	
窗+衣橱+衣柜+橱柜+门:5,	
餐边柜+展示柜+橱柜:5,	
窗+摆件+花艺+茶几:5,	
书柜+鞋柜+电视柜+斗柜+门:5,	
餐桌+置物架+橱柜:5,	
货架+置物架+厨柜:5,	
餐边柜+展示柜+置物架+斗柜+门:5,	
书架+书柜+床+床头柜+衣柜+鞋架:5,	
餐桌+摇椅:5,	
置物架+摆件+办公桌:5,	
摆件+茶几+电视柜+斗柜:5,	
角几+边桌+茶几+电视柜:5,	
餐边柜+展柜:5,	
货架+书架+书柜+展柜+货柜+门:5,	
床+角几+茶几+沙发+凳:5,	
书柜+窗+屏风+门:5,	
书柜+置物架+鞋柜+门:5,	
床+角几+茶几+电视柜+沙发:5,	
电脑椅+电视柜+电脑桌:5,	
展示柜+斗柜+展柜:5,	
书柜+地板+展示柜+文件柜:5,	
书柜+置物架+斗柜:5,	
橱柜+电视柜+斗柜+门:5,	
餐边柜+书柜+衣柜:5,	
书架+床+角几+置物架+门:5,	
货架+电视柜:5,	
写字台+电视柜+电脑桌:5,	
展示柜+窗+文件柜+门:5,	
床+床头柜+衣柜+橱柜:5,	
展示柜+窗+花架:5,	
更衣柜+衣柜+橱柜+文件柜+门:5,	
书架+餐桌+办公桌:5,	
办公椅+文件柜:5,	
衣橱+橱柜+沙发:5,	
书架+衣柜+鞋架:5,	
床+衣柜+橱柜+沙发:5,	
床+衣柜+鞋柜+斗柜:5,	
床+床头柜+茶几+棋牌桌+沙发:5,	
书柜+床+床头柜+电视柜:5,	
餐边柜+书柜+电脑桌+门:5,	
置物架+电视柜+斗柜+办公桌:5,	
边桌+学习桌+茶几+电脑桌:5,	
餐边柜+斗柜+文件柜+门:5,	
层架+置物架+橱柜+电视柜:5,	
餐边柜+电视柜+文件柜+门:5,	
置物架+边桌+沙发+门:5,	
窗+置物架+茶几+门:5,	
床+茶几+橱柜+沙发+展柜+凳:5,	
餐桌+折叠椅+电脑桌:5,	
书架+层架+窗+置物架+屏风+门:5,	
前台+花架:5,	
置物架+斗柜+办公桌:5,	
床+衣柜+鞋柜+电视柜+办公桌+门:5,	
餐边柜+书架+书柜+置物架+橱柜+门:5,	
置物架+茶几+花架:5,	
电脑椅+沙发+门:5,	
书架+书柜+床+床头柜+斗柜:5,	
书架+展示柜+置物架+花架:5,	
货架+衣橱+门:5,	
角几+茶几+花架:5,	
窗+边桌+电脑桌+办公桌:5,	
书架+书柜+床+衣橱+床头柜+衣柜+鞋柜:5,	
窗+摆件+衣柜:5,	
展示柜+餐椅+门:5,	
写字台+电脑桌+办公桌+凳:5,	
书柜+屏风+门:5,	
餐边柜+书柜+橱柜+文件柜:5,	
床+梳妆台+衣柜+凳:5,	
餐边柜+衣橱+斗柜+门:5,	
展示柜+茶几+沙发:5,	
餐边柜+鞋柜+屏风:5,	
更衣柜+衣柜+保险柜:5,	
书架+置物架+摆件+工艺品:5,	
床+床头柜+衣柜+斗柜+凳:5,	
货架+地板+橱柜+门:5,	
餐桌+床+床头柜+摆件+电视柜:5,	
置物架+茶几+沙发+花架:5,	
床+角几+茶几+沙发+斗柜:5,	
展示柜+鞋柜+电视柜:5,	
餐边柜+角几+边桌+茶几:5,	
餐边柜+餐桌+沙发:5,	
置物架+衣橱+衣柜+衣帽架+衣架+鞋架:5,	
书架+层架+置物架+文件柜:5,	
书架+书柜+橱柜+文件柜+门:5,	
窗+壁炉+电视柜:5,	
书柜+保险柜+文件柜+门:5,	
衣橱+衣柜+橱柜+衣架+门:5,	
格架+置物架+花架+门:5,	
写字台+电脑椅:5,	
餐桌+衣柜+办公桌+门:5,	
餐边柜+工艺品+门:5,	
摆件+鞋柜+茶几+门:5,	
床+床头柜+摆件+茶几+办公桌:5,	
书架+床+报刊架:5,	
写字台+书柜+衣橱+衣柜+电脑桌:5,	
写字台+办公椅+门:5,	
电视柜+斗柜+电脑桌:5,	
书架+书柜+置物架+衣柜+门:5,	
餐边柜+展示柜+鞋柜+门:5,	
鞋柜+斗柜+凳+门+鞋架:5,	
写字台+书柜+电脑桌+办公桌+门:5,	
床+窗+橱柜+沙发+门:5,	
地板+水槽:5,	
床+衣橱+床头柜+橱柜:5,	
写字台+书架+书柜+置物架+办公桌:5,	
书架+置物架+水槽:5,	
书架+书柜+置物架+衣柜+文件柜:5,	
窗+花瓶+茶几+凳:5,	
货架+书柜+屏风:5,	
展示柜+衣柜+门:5,	
展柜+厨柜+门:5,	
摆件+花瓶+花艺+电视柜+前台:5,	
鞋柜+屏风+斗柜+门:5,	
浴室柜+厨柜+门:5,	
写字台+梳妆台+门:5,	
餐桌+茶几+沙发+斗柜:5,	
餐桌+床+茶几+餐椅:5,	
格架+层架+置物架:5,	
货架+花架+凳:5,	
书柜+床+床头柜+梳妆台+茶几+电视柜:5,	
餐边柜+餐桌+橱柜+餐椅:5,	
摆件+挂件+沙发:5,	
置物架+衣橱+衣柜+门:5,	
书柜+地板+门:5,	
床+窗+衣橱+橱柜+沙发+门:5,	
餐桌+沙发+斗柜:5,	
餐边柜+床+床头柜+摆件+电视柜+斗柜:5,	
置物架+电视柜+斗柜:5,	
餐桌+茶几+电视柜+凳:5,	
电脑椅+办公椅+厨柜:5,	
床+衣橱+橱柜+斗柜:5,	
书架+角几+茶几:5,	
床+边桌+凳:5,	
边桌+电视柜+沙发+电脑桌:5,	
置物架+鞋柜+斗柜+凳+鞋架:5,	
货架+书架+屏风+展柜+货柜:5,	
书架+床+床头柜+鞋柜+鞋架:5,	
床+置物架+电脑桌:5,	
货架+书柜+置物架+屏风+展柜+货柜+鞋架:5,	
书架+书柜+电脑椅+电脑桌:5,	
床+梳妆台+衣柜+斗柜:5,	
餐桌+电脑桌+门:5,	
书柜+展示柜+货柜+文件柜:5,	
置物架+花洒:5,	
边桌+电脑桌:5,	
书架+电脑桌+凳:5,	
花架+工艺品+凳:5,	
写字台+书架+层架:5,	
梳妆台+斗柜+电脑桌+办公桌:5,	
展示柜+展柜+工艺品:5,	
餐桌+床+茶几+电视柜+沙发+斗柜+花架:5,	
床+床头柜+边桌+梳妆台:5,	
床+床头柜+梳妆台+衣柜+凳+门:5,	
龙头+鞋柜+门:5,	
餐边柜+茶几+橱柜:5,	
书柜+床+衣橱+床头柜+衣柜+鞋架:5,	
角几+电视柜:5,	
置物架+衣柜+衣架+鞋架:5,	
角几+餐椅+凳:5,	
货架+书架+展示柜+展柜:5,	
货架+餐桌+展示柜+屏风:5,	
电视柜+展柜:5,	
货架+衣柜+鞋架:5,	
书架+床+展示柜+置物架+花架:5,	
书柜+层架+摆件:5,	
餐边柜+边桌+鞋柜+门:5,	
地板+衣架+保险柜+门:5,	
书柜+衣柜+电脑桌+办公桌:5,	
床+床头柜+茶几+门:4,	
货架+展示柜+置物架+展柜:4,	
书架+斗柜+电脑桌:4,	
餐桌+书柜:4,	
展柜+办公桌:4,	
书架+摆件+花架:4,	
餐桌+床+展示柜+窗+床头柜+摆件:4,	
写字台+床+床头柜:4,	
电脑椅+折叠椅+餐椅:4,	
置物架+鞋柜+衣帽架+衣架+凳+门:4,	
摆件+花瓶+花艺+斗柜:4,	
餐桌+橱柜+凳:4,	
折叠椅+门:4,	
照片墙+置物架+花架:4,	
展示柜+更衣柜+衣柜+斗柜+文件柜+门:4,	
餐椅+厨柜:4,	
照片墙+窗+相框:4,	
床+地板+凳:4,	
电视柜+展柜+门:4,	
餐桌+床+窗+沙发+凳:4,	
餐边柜+床+床头柜+浴室柜+橱柜:4,	
展示柜+报刊架+置物架:4,	
书柜+床+衣橱+衣柜:4,	
餐桌+橱柜+办公桌+凳:4,	
床+茶几+橱柜:4,	
床+床头柜+摆件+花艺+茶几:4,	
床+窗+电视柜+门:4,	
餐边柜+花艺:4,	
书柜+衣柜+浴室柜+橱柜+门:4,	
茶几+电视柜+沙发+斗柜:4,	
置物架+衣柜+橱柜+文件柜:4,	
床+床笠+床裙+被套+枕套:4,	
地板+餐椅+凳+门:4,	
床+摆件+衣柜:4,	
展示柜+花瓶+沙发:4,	
花瓶+花艺+电视柜+办公桌:4,	
书柜+茶几+电视柜:4,	
梳妆台+洗脸盆+浴室柜:4,	
屏风+花架+办公桌:4,	
餐桌+书柜+床+床头柜+摆件+花瓶:4,	
窗+边桌:4,	
窗+花瓶+衣柜+门:4,	
床+衣橱+床头柜+衣柜+鞋柜:4,	
餐桌+床+床头柜+梳妆台+茶几+电视柜+沙发+餐椅:4,	
书柜+床+层架:4,	
床+床头柜+电视柜+文件柜:4,	
床+鞋柜+办公桌+门:4,	
写字台+餐桌+办公桌+门:4,	
书架+置物架+鞋柜+门+鞋架:4,	
层架+衣橱+衣架:4,	
床+挂件+衣柜+衣架:4,	
床+衣柜+橱柜+电脑桌:4,	
床+床头柜+摆件+相框+电视柜+工艺品:4,	
餐桌+茶几+斗柜:4,	
床+床头柜+马桶+沙发:4,	
写字台+书柜+办公椅:4,	
书架+报刊架+文件柜:4,	
书架+书柜+层架+置物架+斗柜:4,	
餐边柜+餐桌+摆件+花瓶+花艺:4,	
书柜+衣橱+衣柜+橱柜+门:4,	
餐边柜+书柜+置物架+门:4,	
窗+摆件+梳妆台+凳:4,	
窗+衣柜+屏风+门:4,	
床+床头柜+花瓶+茶几:4,	
书柜+床+茶几+沙发+凳:4,	
餐桌+角几+置物架+茶几:4,	
电脑桌+门:4,	
地板+花洒:4,	
摆件+花艺+茶几+橱柜+电视柜:4,	
书柜+餐椅:4,	
层架+茶几:4,	
格架+摆件+电视柜+工艺品:4,	
餐边柜+洗脸盆:4,	
水槽+厨柜+门:4,	
货架+挂件:4,	
淋浴房+水槽+浴缸:4,	
摆件+茶几+电视柜+电脑桌:4,	
电视柜+斗柜+文件柜:4,	
书柜+茶几:4,	
书柜+电视柜+电脑桌:4,	
花瓶+茶几+电视柜:4,	
沙发+浴缸:4,	
角几+花架+餐椅+凳:4,	
床+窗+茶几+门:4,	
货架+橱柜+餐椅:4,	
茶几+橱柜+沙发+展柜:4,	
茶几+麻将桌:4,	
床+床头柜+橱柜+凳+门:4,	
书柜+衣柜+凳:4,	
龙头+衣帽架+鞋架:4,	
写字台+餐边柜+书柜+门:4,	
床+斗柜+办公桌:4,	
层架+置物架+电视柜+斗柜:4,	
床+照片墙:4,	
摆件+花瓶+花艺+鞋柜+电视柜:4,	
更衣柜+衣柜+鞋柜+浴室柜:4,	
淋浴房+马桶+花洒+浴缸+门:4,	
餐桌+摆件+花瓶+花艺+电视柜+工艺品:4,	
写字台+餐桌+电脑桌+餐椅+办公桌:4,	
床+角几+茶几+凳:4,	
置物架+衣柜+鞋柜+橱柜:4,	
书架+书柜+层架+置物架+文件柜:4,	
摆件+屏风+花架:4,	
角几+置物架+沙发:4,	
层架+置物架+斗柜:4,	
餐桌+床+学习桌:4,	
窗+置物架+衣柜:4,	
书柜+床+床头柜+边桌:4,	
窗+衣柜+厨柜+门:4,	
置物架+衣橱+衣帽架:4,	
书架+置物架+电脑桌+文件柜:4,	
货架+摆件:4,	
展示柜+斗柜+文件柜+门:4,	
床+床头柜+洗脸盆+衣柜+门:4,	
鞋柜+衣帽架+衣架+凳+鞋架:4,	
窗+挂件+工艺品:4,	
餐桌+衣柜+电脑桌:4,	
床+衣柜+马桶:4,	
书柜+床+床头柜+文件柜:4,	
置物架+橱柜+餐椅:4,	
角几+茶几+门:4,	
衣橱+衣柜+电视柜+门:4,	
床+层架:4,	
床+沙发+办公桌:4,	
餐桌+床+床头柜+鞋柜+电视柜:4,	
餐边柜+书架+置物架+斗柜+门:4,	
床+置物架+床头柜+鞋柜+凳+鞋架:4,	
摆件+花瓶+花艺+茶几+前台:4,	
层架+置物架+衣橱+衣柜+橱柜+衣架:4,	
龙头+鞋柜:4,	
餐边柜+书架+置物架+橱柜:4,	
餐边柜+鞋柜+货柜:4,	
货架+衣橱+衣柜+鞋架:4,	
床+层架+置物架+床头柜+电视柜+电脑桌:4,	
角几+茶几+电视柜+餐椅:4,	
办公椅+沙发+电脑桌:4,	
餐桌+窗+衣柜+门:4,	
书架+书柜+置物架+鞋柜:4,	
餐边柜+书柜+置物架+鞋柜+电视柜:4,	
书架+展示柜+置物架+斗柜:4,	
餐边柜+衣柜+橱柜+门:4,	
书柜+花瓶+办公桌:4,	
摆件+茶几+斗柜+工艺品:4,	
沙发+斗柜+凳:4,	
边桌+凳:4,	
凳+厨柜:4,	
窗+边桌+摆件+茶几+花架:4,	
书架+衣柜+鞋柜+门:4,	
书架+摇椅+沙发+花架+鞋架:4,	
床+床头柜+沙发+文件柜:4,	
货架+橱柜+办公桌:4,	
浴霸+门:4,	
书柜+厨柜+门:4,	
学习桌+折叠椅+凳:4,	
书柜+置物架+橱柜+电视柜:4,	
书架+书柜+床+置物架+床头柜:4,	
窗+衣橱+衣柜+橱柜+厨柜+门:4,	
餐边柜+置物架+斗柜+文件柜:4,	
餐桌+书柜+沙发:4,	
办公椅+前台:4,	
展示柜+橱柜:4,	
书架+书柜+学习桌+门:4,	
梳妆台+茶几+电脑桌+凳:4,	
床+角几+边桌+斗柜:4,	
展示柜+展柜+文件柜:4,	
摆件+龙头+水槽:4,	
窗+置物架+花架+门+鞋架:4,	
书架+书柜+衣橱+衣柜:4,	
餐桌+窗+摆件+相框+电视柜:4,	
写字台+餐桌+茶几+电脑桌+办公桌:4,	
写字台+书柜+层架+电脑桌:4,	
餐桌+床+花瓶:4,	
摆件+茶几+折叠椅+花架+凳:4,	
床+展示柜+摆件:4,	
餐桌+床+床头柜+电视柜+办公桌:4,	
床+摆件+斗柜:4,	
书柜+床+床头柜+摆件+斗柜:4,	
橱柜+斗柜+厨柜+门:4,	
床+角几+置物架+床头柜:4,	
餐桌+床+摇椅:4,	
窗+斗柜+门:4,	
床+床头柜+摆件+相框+电脑桌+办公桌:4,	
橱柜+电视柜+厨柜:4,	
淋浴房+马桶:4,	
书架+书柜+床+置物架+床头柜+橱柜+电视柜:4,	
书架+书柜+电脑桌+办公桌+文件柜:4,	
餐边柜+置物架+茶几:4,	
前台+斗柜:4,	
茶几+斗柜+花架:4,	
餐桌+置物架+凳:4,	
衣橱+挂件:4,	
摆件+挂件+电视柜+工艺品:4,	
书架+窗+货柜:4,	
摆件+茶几+沙发+凳:4,	
餐边柜+床+床头柜+衣柜+斗柜+餐椅:3,	
层架+鞋柜+花架+鞋架:3,	
照片墙+相框+沙发+门:3,	
床+床头柜+沙发+斗柜+凳:3,	
写字台+餐桌+电脑桌+办公桌+凳:3,	
床+窗+床头柜+沙发:3,	
书架+电脑椅+办公桌:3,	
床+办公桌+文件柜:3,	
书架+办公桌+文件柜:3,	
书架+床+置物架+床头柜+电视柜:3,	
书架+床+床头柜+斗柜:3,	
衣帽架+衣架+花架+鞋架:3,	
书柜+置物架+文件柜+鞋架:3,	
餐桌+地板+门:3,	
货架+床+电脑椅:3,	
梳妆台+衣柜+斗柜+门:3,	
书柜+沙发+餐椅+门:3,	
展示柜+衣橱+衣柜:3,	
货架+书柜+置物架+衣柜:3,	
书柜+衣橱+衣柜+鞋柜:3,	
衣柜+工艺品+门:3,	
床+衣柜+鞋柜+办公桌+门:3,	
餐边柜+书架+置物架+电视柜:3,	
置物架+衣柜+浴室柜:3,	
书柜+衣柜+橱柜+办公桌+门:3,	
书架+层架+置物架+浴室柜:3,	
书架+展示柜+置物架+货柜:3,	
餐桌+地板+餐椅+门:3,	
床+鞋柜+斗柜+门:3,	
餐桌+地板+窗+门:3,	
餐边柜+餐桌+床+床头柜+茶几+沙发+斗柜:3,	
餐边柜+床+门:3,	
梳妆台+电视柜+门:3,	
窗+置物架+淋浴房+马桶+门:3,	
边桌+摆件:3,	
餐桌+床+梳妆台+凳:3,	
书柜+展示柜+沙发+门:3,	
书架+床+电视柜:3,	
衣柜+马桶+橱柜:3,	
写字台+书柜+橱柜+电脑桌:3,	
摆件+花瓶+花艺+电视柜+沙发:3,	
床+置物架+床头柜+茶几+电脑桌+凳:3,	
床+床头柜+床裙:3,	
书柜+置物架+展柜+文件柜:3,	
餐边柜+置物架+鞋柜+斗柜+鞋架:3,	
书柜+床+床头柜+摆件+电视柜:3,	
衣橱+斗柜+办公桌:3,	
餐边柜+摆件+茶几+工艺品:3,	
餐边柜+摆件+鞋柜+工艺品:3,	
窗+洗面盆+淋浴房+门:3,	
书架+书柜+衣橱+衣柜+门:3,	
花瓶+茶几+办公桌:3,	
窗+摆件+工艺品+门:3,	
床+床头柜+梳妆台+衣柜:3,	
书架+书柜+床+床头柜+鞋柜:3,	
床+角几+床头柜+茶几+花架:3,	
书柜+摆件+花架:3,	
床+床头柜+衣柜+斗柜+凳+门:3,	
书架+书柜+更衣柜+衣柜+文件柜:3,	
书架+书柜+床+电脑桌+办公桌:3,	
书柜+床+角几+床头柜+边桌+沙发:3,	
书架+置物架+沙发+鞋架:3,	
摆件+花瓶+花艺+橱柜:3,	
沙发+文件柜+门:3,	
餐边柜+餐桌+置物架+茶几:3,	
鞋柜+浴室柜+电视柜+门:3,	
书柜+展示柜+斗柜:3,	
窗+龙头+衣架:3,	
床+浴室柜+办公桌+门:3,	
书柜+置物架+橱柜:3,	
床+床头柜+摆件+鞋柜+橱柜+工艺品:3,	
书架+书柜+床+更衣柜+衣柜:3,	
摆件+茶几+橱柜+电视柜:3,	
窗+龙头+屏风+门:3,	
餐桌+电脑椅+前台+餐椅:3,	
床+床头柜+边桌+斗柜+文件柜:3,	
衣柜+餐椅+门:3,	
写字台+餐桌+学习桌:3,	
餐桌+床+衣柜+橱柜+门:3,	
床+边桌+茶几+电视柜:3,	
床+展示柜+斗柜:3,	
餐桌+床+边桌+茶几+沙发+电脑桌:3,	
书架+床+床头柜+边桌+茶几:3,	
床+窗+衣柜+橱柜+门:3,	
衣橱+衣柜+电视柜+斗柜+门:3,	
置物架+凳+门+鞋架:3,	
窗+浴室柜+门:3,	
餐桌+边桌+橱柜:3,	
书柜+角几+沙发:3,	
写字台+餐桌+床+床头柜:3,	
货架+书架+书柜+置物架+电脑桌:3,	
床+床头柜+衣柜+茶几+橱柜+电视柜:3,	
餐边柜+餐桌+斗柜+门:3,	
餐桌+茶几+凳+门:3,	
茶几+电视柜+沙发+凳:3,	
边桌+茶几+花架+麻将桌+凳:3,	
货架+地板+展柜:3,	
床+衣橱+更衣柜+衣柜:3,	
床+摆件+花瓶+花艺+电视柜:3,	
层架+斗柜:3,	
书柜+展示柜+斗柜+文件柜:3,	
花瓶+衣柜:3,	
梳妆台+学习桌+办公桌:3,	
茶几+橱柜+沙发:3,	
床+置物架+斗柜:3,	
书架+书柜+摆件+前台+工艺品:3,	
餐边柜+摆件+花瓶+电视柜:3,	
办公椅+斗柜+文件柜:3,	
床+置物架+床头柜+边桌+沙发:3,	
写字台+梳妆台+斗柜:3,	
床+床头柜+茶几+餐椅+凳:3,	
置物架+鞋柜+衣架+门+鞋架:3,	
餐边柜+餐桌+边桌:3,	
边桌+茶几+沙发+办公桌:3,	
角几+茶几+斗柜:3,	
餐边柜+床+展示柜+床头柜:3,	
沙发+被套:3,	
书架+书柜+床+置物架+床头柜+斗柜:3,	
货架+文件柜:3,	
床+置物架+鞋柜+凳+鞋架:3,	
餐桌+摆件+办公桌:3,	
货架+书架+衣柜+鞋架:3,	
床+床头柜+摆件+鞋柜+工艺品:3,	
床+床单+沙发+衣架:3,	
展示柜+衣柜+斗柜:3,	
梳妆台+橱柜+门:3,	
窗+门+被套:3,	
书柜+床+衣橱:3,	
写字台+书柜+斗柜+门:3,	
角几+置物架+电视柜:3,	
书柜+鞋柜+斗柜+门:3,	
书柜+货柜:3,	
床+床头柜+衣帽架:3,	
花瓶+餐椅+门:3,	
展示柜+橱柜+门:3,	
洗脸盆+浴室柜+水槽:3,	
床+窗+挂件:3,	
餐桌+床+餐椅+凳:3,	
床+床头柜+相框+茶几:3,	
餐桌+电脑椅+沙发+餐椅+门:3,	
挂件+衣柜+衣帽架+衣架+门+鞋架:3,	
相框+屏风:3,	
床+衣橱+床头柜+衣柜+斗柜+门:3,	
电视柜+餐椅:3,	
书架+摇椅+学习桌:3,	
床+窗+置物架:3,	
层架+衣柜+衣架:3,	
展示柜+沙发:3,	
摆件+鞋柜+斗柜+门:3,	
书架+书柜+置物架+电视柜+斗柜:3,	
窗+置物架+花艺:3,	
餐桌+床+置物架:3,	
床+边桌+茶几+电脑桌:3,	
展示柜+斗柜+文件柜:3,	
床+浴室柜+门:3,	
餐边柜+鞋柜+橱柜+斗柜:3,	
货架+书柜+置物架+办公桌:3,	
餐边柜+床+床头柜+电视柜+斗柜+门:3,	
衣橱+衣柜+厨柜+门:3,	
书柜+花瓶:3,	
床+衣橱+衣柜+橱柜:3,	
货架+书柜+衣柜:3,	
鞋柜+斗柜+花架:3,	
鞋柜+橱柜+厨柜+门:3,	
龙头+鞋柜+衣帽架+衣架:3,	
摆件+衣柜+工艺品:3,	
床+衣帽架+衣架+门+鞋架:3,	
窗+相框+橱柜+门:3,	
花艺+斗柜:3,	
斗柜+厨柜+门:3,	
床+挂件+沙发+工艺品:3,	
地板+电脑椅+沙发+餐椅:3,	
衣橱+衣柜+鞋柜+衣架:3,	
货架+餐边柜:3,	
边桌+沙发+凳:3,	
书架+展柜:3,	
写字台+电脑椅+电脑桌+办公桌:3,	
窗+摆件+花瓶+斗柜+门:3,	
衣柜+橱柜+电脑桌+办公桌:3,	
餐边柜+边桌+茶几+沙发:3,	
衣橱+文件柜+门:3,	
办公椅+折叠椅+沙发:3,	
衣橱+橱柜+办公桌:3,	
书架+书柜+置物架+斗柜+门:3,	
餐桌+沙发+门:3,	
边桌+茶几+麻将桌:3,	
书柜+置物架+斗柜+鞋架:3,	
餐桌+边桌+橱柜+餐椅:3,	
摇椅+边桌+茶几+沙发:3,	
衣橱+厨柜+门:3,	
边桌+茶几+沙发+电脑桌:3,	
餐边柜+展示柜+层架+鞋柜+门:3,	
书架+书柜+床+学习桌:3,	
床+窗+被罩+床单:2,	
床+窗+斗柜:2,	
衣柜+衣帽架+凳+鞋架:2,	
办公椅+梳妆台:2,	
床+枕巾+床头柜:2,	
写字台+床+床头柜+电视柜:2,	
照片墙+置物架:2,	
窗+花艺+电视柜:2,	
货架+书架+书柜+置物架+鞋架:2,	
床+置物架+衣架:2,	
书柜+床+床头柜+花架:2,	
床+衣柜+衣架+门:2,	
床+窗+床头柜+摆件+电视柜+电脑桌:2,	
窗+淋浴房+马桶:2,	
书柜+床+置物架+床头柜+衣柜:2,	
置物架+衣柜+文件柜:2,	
床+衣柜+鞋柜+门:2,	
衣柜+橱柜+工艺品:2,	
写字台+沙发+凳:2,	
斗柜+花架+门:2,	
餐桌+床+衣柜+鞋柜+茶几+电视柜+办公桌:2,	
货架+书架+置物架+办公桌:2,	
梳妆台+沙发:2,	
书架+置物架+衣柜+鞋架:2,	
餐桌+床+床头柜+摆件+花瓶+茶几:2,	
床+摇椅+床头柜+沙发+斗柜:2,	
展示柜+置物架+梳妆台:2,	
货架+书架+置物架+文件柜:2,	
角几+凳:2,	
书架+书柜+置物架+茶几:2,	
床+置物架+床头柜+茶几+斗柜:2,	
更衣柜+衣柜+斗柜+门:2,	
书柜+鞋柜+文件柜+门:2,	
餐边柜+床+床头柜+边桌+茶几:2,	
书柜+层架+置物架+鞋柜+鞋架:2,	
地板+淋浴房+门:2,	
挂件+水槽:2,	
衣帽架+办公桌+门:2,	
床+床头柜+电视柜+斗柜+门:2,	
书架+书柜+展示柜+层架:2,	
层架+窗+置物架+花架:2,	
床+衣橱+床头柜+衣柜+文件柜:2,	
床+窗+衣柜+沙发:2,	
床+报刊架+床头柜+沙发:2,	
书架+床+角几+床头柜+茶几+沙发:2,	
床+电脑椅+办公椅+折叠椅:2,	
书架+置物架+学习桌+电脑桌:2,	
窗+花瓶+沙发+门:2,	
餐边柜+置物架+文件柜:2,	
餐桌+床+床头柜+摆件+茶几:2,	
书柜+展示柜+鞋柜+办公桌+文件柜:2,	
书架+书柜+鞋柜:2,	
窗+衣柜+龙头+鞋柜:2,	
书架+书柜+摆件+花瓶+电视柜+办公桌:2,	
床+照片墙+门:2,	
置物架+衣柜+办公桌+厨柜:2,	
餐边柜+展示柜+置物架+门:2,	
衣橱+橱柜+衣架+门:2,	
床+床头柜+边桌+茶几+斗柜+凳:2,	
床+置物架+床头柜+挂件:2,	
摆件+电脑桌+办公桌:2,	
鞋柜+橱柜+凳:2,	
置物架+边桌:2,	
置物架+电脑桌+凳:2,	
置物架+鞋柜+沙发+斗柜+凳:2,	
电视柜+电脑桌+门:2,	
餐桌+摆件+电视柜+工艺品:2,	
电脑椅+梳妆台:2,	
层架+衣柜+橱柜:2,	
书柜+展示柜+电视柜:2,	
梳妆台+学习桌:2,	
书柜+衣柜+橱柜+办公桌:2,	
床+衣柜+斗柜+鞋架:2,	
书架+床+衣橱+橱柜+鞋架:2,	
书柜+置物架+鞋柜+橱柜+门:2,	
展示柜+摆件+货柜:2,	
书架+摆件+办公桌:2,	
书架+层架+置物架+门:2,	
床+床头柜+茶几+橱柜+沙发+凳:2,	
衣橱+屏风+门:2,	
餐边柜+展示柜+置物架+沙发:2,	
餐边柜+置物架+花架:2,	
书架+展示柜+文件柜+门:2,	
写字台+床+边桌+办公桌:2,	
书架+书柜+展示柜+层架+置物架:2,	
鞋柜+衣架+凳+鞋架:2,	
照片墙+电视柜+沙发:2,	
窗+电脑椅:2,	
书柜+摆件+花瓶+花艺+工艺品:2,	
书柜+衣柜+屏风+门:2,	
餐边柜+书柜+床+床头柜+鞋柜+斗柜:2,	
电视柜+衣架:2,	
梳妆台+鞋柜:2,	
床+角几+边桌+茶几+沙发+花架:2,	
餐桌+床+衣柜+橱柜+餐椅:2,	
书柜+鞋柜+斗柜:2,	
书柜+衣柜+鞋柜+橱柜+电脑桌+凳+门:2,	
餐边柜+书柜+鞋柜+门+鞋架:2,	
餐桌+橱柜+餐椅+门:2,	
沙发+衣架:2,	
置物架+橱柜+斗柜:2,	
餐桌+床+衣柜+茶几+电视柜+餐椅:2,	
角几+摆件+沙发+花架:2,	
餐边柜+展示柜+鞋柜+斗柜:2,	
餐桌+摇椅+办公椅:2,	
餐边柜+餐桌+茶几+电视柜+沙发+斗柜+餐椅:2,	
书架+展示柜+电视柜:2,	
书柜+展示柜+橱柜:2,	
摆件+相框+茶几:2,	
床+折叠椅+餐椅:2,	
床+床头柜+更衣柜+衣柜+文件柜:2,	
衣柜+衣帽架+橱柜+门:2,	
衣柜+电脑桌+凳+门:2,	
书柜+鞋柜+橱柜:2,	
餐桌+前台+餐椅:2,	
摆件+相框+办公桌:2,	
餐桌+床+摆件+电视柜:2,	
窗+置物架+龙头:2,	
摆件+花瓶+门:2,	
层架+置物架+衣帽架+花架:2,	
书柜+置物架+鞋架:2,	
床+角几+茶几+沙发+花架:2,	
摆件+电视柜+斗柜+工艺品:2,	
书架+书柜+置物架+鞋架:2,	
餐边柜+展示柜+橱柜+斗柜:2,	
格架+置物架+橱柜:2,	
书柜+衣柜+电视柜+沙发+斗柜:2,	
餐桌+办公椅+沙发+餐椅:2,	
书架+层架+电脑桌:2,	
餐桌+床+鞋柜+办公桌:2,	
置物架+鞋柜+电视柜+斗柜:2,	
书柜+展柜:2,	
餐桌+花艺+电视柜:2,	
床+床头柜+摆件+相框+茶几:2,	
餐桌+摆件+餐椅:2,	
书柜+衣柜+鞋柜+浴室柜+斗柜:2,	
层架+沙发:2,	
书架+书柜+更衣柜+摆件+衣柜+文件柜:2,	
餐边柜+床+角几+床头柜+茶几:2,	
床+置物架+衣柜+办公桌:2,	
货架+餐桌+茶几:2,	
书架+层架+置物架+电视柜+电脑桌:2,	
摆件+衣架+门:2,	
餐桌+摆件+橱柜:2,	
窗+摆件+电脑桌+工艺品:2,	
写字台+展示柜+电视柜:2,	
餐桌+茶几+电视柜+办公桌:2,	
衣柜+鞋柜+文件柜+门:2,	
报刊架+茶几:2,	
餐边柜+摆件+花瓶+花艺:2,	
置物架+边桌+茶几:2,	
摆件+鞋柜+凳:2,	
床+浴缸+凳:2,	
餐边柜+餐桌+床+床头柜+电视柜:2,	
餐桌+梳妆台+茶几+橱柜+沙发:2,	
床+窗+床头柜+摆件+相框+工艺品:2,	
床+床头柜+相框+办公桌:2,	
层架+橱柜+厨柜:2,	
层架+鞋柜+凳+门:2,	
床+窗+床头柜+摆件+电脑桌:2,	
餐桌+书柜+床+置物架:2,	
办公椅+斗柜:2,	
书架+床+层架+床头柜+茶几+鞋架:2,	
餐边柜+书柜+斗柜+文件柜:2,	
餐边柜+展示柜+厨柜:2,	
餐边柜+置物架+电视柜+文件柜:2,	
餐边柜+餐桌+床:2,	
书架+书柜+摆件+橱柜+电视柜:2,	
摆件+鞋柜+橱柜+鞋架:2,	
展示柜+置物架+厨柜:2,	
床+床头柜+摆件+茶几+电视柜:2,	
餐桌+电脑椅+办公椅+沙发:2,	
置物架+衣帽架+凳+鞋架:2,	
餐边柜+餐桌+斗柜+花架+餐椅:2,	
窗+鞋柜+展柜:2,	
餐边柜+床+床头柜+茶几+文件柜:2,	
边桌+电脑桌+办公桌:2,	
餐边柜+书架+置物架+茶几+橱柜:2,	
书架+床+置物架+衣柜:2,	
床+床头柜+衣柜+浴室柜+橱柜+斗柜:2,	
鞋柜+橱柜+文件柜+门:2,	
餐边柜+书架+书柜+层架+置物架+橱柜:2,	
货架+书架+书柜+层架+置物架+电视柜:2,	
窗+花瓶+电视柜:2,	
餐边柜+电脑桌:2,	
餐桌+茶几+花架:2,	
餐边柜+鞋柜+沙发+门:2,	
书架+书柜+摆件+鞋柜:2,	
床+角几+床头柜+相框:2,	
书柜+床+床头柜+斗柜+文件柜:2,	
书柜+电视柜+文件柜+门:2,	
货架+置物架+衣帽架+衣架+鞋架:2,	
餐边柜+餐桌+置物架+餐椅:2,	
置物架+鞋柜+浴室柜+门:2,	
书架+鞋柜+斗柜:2,	
书架+层架+置物架+摆件:2,	
床+床头柜+相框+工艺品:2,	
写字台+床+角几+床头柜+茶几:2,	
格架+书架+书柜+置物架+鞋架:2,	
书柜+展示柜+置物架+斗柜:2,	
床+置物架+沙发+电脑桌:2,	
货架+展示柜+斗柜+门:2,	
格架+电脑桌:2,	
角几+摆件+电视柜+斗柜:2,	
书柜+角几+摆件+电视柜:2,	
床+摆件+电视柜+办公桌:2,	
窗+摆件+衣柜+工艺品:2,	
斗柜+衣架+花架+凳:2,	
餐边柜+摆件+茶几:2,	
床+置物架+衣柜+电脑桌:2,	
水槽+文件柜:2,	
窗+衣柜+马桶+门:2,	
货架+层架+花架:2,	
餐桌+床+床头柜+茶几+电脑桌+凳:2,	
床+展示柜+更衣柜+衣柜+斗柜:2,	
格架+书架+书柜+置物架+办公桌:2,	
书柜+床+床头柜+梳妆台:2,	
角几+门:2,	
床+衣帽架+衣架+凳+门:2,	
餐边柜+置物架+边桌+橱柜:2,	
置物架+橱柜+水槽+厨柜:1,	
书柜+床+床头柜+电脑桌:1,	
餐边柜+书柜+置物架+电视柜:1,	
挂件+花洒:1,	
摆件+鞋柜+沙发+凳:1,	
窗+置物架+衣橱+衣柜+衣架:1,	
窗+茶几+沙发+餐椅:1,	
书架+报刊架+前台:1,	
货架+餐边柜+衣架:1,	
床+床头柜+鞋柜+电视柜+斗柜:1,	
餐桌+茶几+电视柜+电脑桌+办公桌:1,	
窗+置物架+马桶:1,	
地板+衣柜+橱柜+餐椅:1,	
衣帽架+沙发+斗柜+餐椅:1,	
书架+床+衣柜+花架:1,	
货架+窗+衣架+花架:1,	
茶几+棋牌桌:1,	
摆件+屏风+电视柜:1,	
餐桌+床+梳妆台+茶几+电视柜+斗柜:1,	
展示柜+摆件+衣柜+工艺品:1,	
书柜+床+床头柜+衣柜+鞋柜+橱柜+电脑桌+凳+门:1,	
书柜+衣架+文件柜+门:1,	
书柜+展示柜+报刊架+文件柜:1,	
角几+置物架+沙发+花架:1,	
书柜+床+衣橱+床头柜+衣柜+鞋柜+鞋架:1,	
摆件+梳妆台+衣柜:1,	
书柜+更衣柜+衣柜+办公桌+文件柜+门:1,	
餐边柜+鞋柜+电视柜+沙发+斗柜:1,	
餐边柜+书柜+衣柜+斗柜+门:1,	
书柜+床+床头柜+边桌+茶几+沙发:1,	
展柜+工艺品:1,	
摆件+相框+沙发:1,	
餐边柜+书柜+角几+茶几+电脑桌:1,	
床+茶几+餐椅:1,	
床+床头柜+梳妆台+衣柜+橱柜+电视柜:1,	
书柜+置物架+鞋柜+花架+门:1,	
办公椅+橱柜+前台+文件柜:1,	
写字台+书架+摆件+办公桌:1,	
衣柜+鞋柜+茶几+橱柜+凳:1,	
书架+书柜+置物架+沙发+斗柜:1,	
书架+摆件+橱柜+电视柜:1,	
窗+衣柜+水槽+门:1,	
餐边柜+展示柜+置物架+斗柜:1,	
餐桌+层架+电脑桌+办公桌:1,	
床+层架+置物架+床头柜+斗柜:1,	
餐边柜+茶几+花架+餐椅:1,	
地板+相框:1,	
书柜+电视柜+斗柜+门:1,	
书架+书柜+层架+置物架+鞋柜+鞋架:1,	
餐边柜+摆件+花艺:1,	
床+置物架+床头柜+茶几+花架:1,	
层架+衣柜+衣帽架+鞋架:1,	
写字台+书架+置物架:1,	
书柜+衣柜+马桶+沙发+门:1,	
床+置物架+床头柜+衣帽架:1,	
货架+办公椅+衣架+鞋架:1,	
床+窗+床头柜+门:1,	
书柜+摆件+电视柜+办公桌+工艺品:1,	
书架+床+衣橱+床头柜+衣柜:1,	
橱柜+电视柜+办公桌+门:1,	
窗+摆件+相框:1,	
龙头+鞋柜+衣帽架+衣架+门:1,	
书架+书柜+摆件+办公桌:1,	
置物架+挂件+花洒:1,	
电视柜+餐椅+凳:1,	
床+床头柜+办公椅:1,	
窗+鞋柜+鞋架:1,	
床+置物架+斗柜+门:1,	
梳妆台+衣柜+斗柜:1,	
衣橱+衣柜+衣架+花架:1,	
床+照片墙+置物架:1,	
书架+床+展示柜+床头柜+斗柜+门:1,	
餐桌+床+床头柜+衣柜+茶几+沙发:1,	
书架+置物架+电视柜+斗柜:1,	
书柜+床+床头柜+边桌+斗柜:1,	
餐边柜+摆件+壁炉:1,	
置物架+衣柜+水槽:1,	
衣柜+鞋柜+衣架+门:1,	
摆件+花瓶+茶几+电视柜+斗柜:1,	
书架+书柜+学习桌+电脑桌+凳:1,	
床+床头柜+边桌+斗柜+门:1,	
餐边柜+茶几+电视柜+斗柜:1,	
床+衣橱+床头柜+门:1,	
床+衣柜+鞋柜+办公桌:1,	
书架+电视柜+花架:1,	
床+置物架+床头柜+沙发+花架:1,	
货架+餐边柜+展示柜:1,	
餐边柜+书架+书柜+花架:1,	
衣橱+电视柜:1,	
书柜+斗柜+办公桌:1,	
摆件+壁炉+电视柜+工艺品:1,	
货架+窗+鞋柜+鞋架:1,	
餐边柜+置物架+电视柜+斗柜:1,	
床+床头柜+衣帽架+衣架+凳+门:1,	
货架+窗+摆件+电脑桌:1,	
餐桌+床+橱柜+门:1,	
衣橱+茶几+橱柜+门:1,	
书柜+角几+茶几:1,	
格架+书架+摆件:1,	
书柜+床+置物架+床头柜+摆件:1,	
屏风+沙发+餐椅:1,	
地板+前台:1,	
窗+浴缸:1,	
窗+梳妆台+门:1,	
相框+智能家居:1,	
书架+花架+办公桌:1,	
书架+书柜+衣柜+鞋柜+门+鞋架:1,	
窗+置物架+衣柜+衣架:1,	
书架+床+梳妆台:1,	
置物架+挂件+电脑桌:1,	
餐边柜+书架+门:1,	
床+床头柜+相框+梳妆台:1,	
窗+摆件+挂件+橱柜:1,	
书柜+床+窗+门:1,	
电视柜+花架+门:1,	
书架+书柜+花架+办公桌:1,	
窗+摆件+展柜:1,	
书架+书柜+衣柜+浴室柜:1,	
床+床头柜+被套:1,	
床+窗+鞋柜+橱柜+门:1,	
电视柜+斗柜+餐椅+凳:1,	
书架+书柜+置物架+衣柜+衣架:1,	
床+衣橱+床头柜+衣柜+橱柜:1,	
床+床头柜+鞋柜+电视柜+斗柜+门:1,	
置物架+沙发+衣架+凳+门+鞋架:1,	
更衣柜+衣柜+鞋柜+橱柜:1,	
窗+衣柜+鞋柜+浴室柜+橱柜:1,	
梳妆台+橱柜+沙发+凳:1,	
床+置物架+衣橱+床头柜+衣柜+斗柜:1,	
货架+窗+衣橱+衣架:1,	
窗+龙头+浴室柜:1,	
斗柜+办公桌+门:1,	
床+床头柜+花艺+茶几:1,	
浴霸+淋浴房:1,	
床+窗+摆件+电视柜:1,	
书架+床+置物架+床头柜+衣帽架:1,	
床+茶几+花架:1,	
学习桌+茶几+电脑桌+办公桌:1,	
餐桌+床+窗+床头柜+摆件:1,	
花瓶+办公桌+门:1,	
床+角几+床头柜+边桌+茶几+沙发+斗柜:1,	
龙头+橱柜:1,	
货架+窗+门:1,	
书柜+置物架+鞋柜+橱柜:1,	
书架+窗+置物架+摆件+工艺品:1,	
地板+窗+鞋柜+门:1,	
电脑椅+更衣柜+衣柜+斗柜+办公桌+文件柜:1,	
餐桌+梳妆台+茶几+橱柜:1,	
电脑椅+办公椅+屏风:1,	
床+床单+斗柜:1,	
茶几+电视柜+沙发+门:1,	
办公椅+厨柜:1,	
边桌+学习桌+电脑桌:1,	
餐桌+电脑椅+茶几+餐椅:1,	
餐桌+书柜+床+电视柜+沙发:1,	
层架+花架+门:1,	
茶几+橱柜+凳:1,	
写字台+床:1,	
餐桌+床+角几+床头柜+茶几+餐椅:1,	
窗+淋浴房+衣架+门:1,	
餐桌+办公椅+茶几+沙发+凳:1,	
书架+床+办公桌:1,	
餐边柜+餐桌+书柜+橱柜+门:1,	
写字台+书架+书柜+斗柜+电脑桌+办公桌+门:1,	
书架+层架+置物架+鞋柜+鞋架:1,	
餐桌+床+床头柜+凳:1,	
床+床头柜+电视柜+办公桌+工艺品:1,	
床+床头柜+摆件+凳:1,	
层架+门+鞋架:1,	
书架+书柜+衣柜+鞋柜+鞋架:1,	
书架+床+床头柜+衣柜+鞋柜+橱柜+鞋架:1,	
衣柜+鞋柜+办公桌+门:1,	
电脑椅+办公椅+梳妆台:1,	
茶几+橱柜+餐椅+门:1,	
窗+橱柜+鞋架:1,	
橱柜+电视柜+沙发+展柜+凳:1,	
餐桌+茶几+电视柜+沙发+凳:1,	
窗+摆件+挂件+门:1,	
展示柜+梳妆台+文件柜:1,	
窗+橱柜+沙发+门:1,	
窗+置物架+电视柜+花架:1,	
餐边柜+鞋柜+橱柜+沙发+门+鞋架:1,	
衣柜+橱柜+电视柜+凳+门:1,	
货架+马桶:1,	
电脑椅+门:1,	
书架+书柜+展示柜+衣柜:1,	
床+角几+床头柜+茶几+沙发+凳:1,	
餐桌+床+床头柜+沙发+办公桌:1,	
书架+书柜+床+摆件:1,	
鞋柜+前台:1,	
梳妆台+衣柜+橱柜+沙发:1,	
书柜+衣柜+鞋柜+文件柜:1,	
摆件+鞋柜+茶几+沙发:1,	
床+置物架+床头柜+文件柜:1,	
床+床头柜+更衣柜+衣柜+文件柜+门:1,	
书架+书柜+床+摆件+鞋柜+工艺品:1,	
书架+书柜+展柜+文件柜+门:1,	
窗+摆件+斗柜+门:1,	
床+角几+茶几+电脑桌:1,	
床+斗柜+厨柜:1,	
餐桌+床+床头柜+衣柜+茶几+电视柜+斗柜:1,	
床+窗+衣橱+衣柜:1,	
书架+书柜+货柜+文件柜:1,	
床+角几+床头柜+门:1,	
层架+置物架+衣柜+衣帽架+衣架:1,	
衣橱+鞋柜+衣架:1,	
摆件+花瓶+花艺+门:1,	
床+床头柜+斗柜+办公桌+文件柜:1,	
写字台+置物架+电脑桌+办公桌:1,	
置物架+摆件+花架+门:1,	
层架+置物架+边桌+茶几+电视柜:1,	
餐桌+梳妆台+衣柜+茶几+橱柜:1,	
床+窗+衣柜+沙发+门:1,	
床+衣柜+茶几+橱柜+电脑桌:1,	
马桶+花洒+门:1,	
餐桌+床+床头柜+茶几+保险柜:1,	
餐边柜+展示柜+屏风+门:1,	
床+床头柜+梳妆台+电脑桌:1,	
床+层架+角几+置物架+床头柜:1,	
床+衣柜+鞋架:1,	
角几+茶几+电视柜+沙发+门:1,	
地板+衣橱+门:1,	
衣帽架+花架:1,	
餐边柜+书架+书柜+展示柜:1,	
层架+鞋柜:1,	
货架+衣橱+衣柜+衣架+鞋架:1,	
角几+花瓶+斗柜:1,	
衣架+凳+鞋架:1,	
花瓶+衣柜+橱柜+门:1,	
窗+衣柜+餐椅+门:1,	
边桌+梳妆台:1,	
窗+衣橱+衣架+门:1,	
床+床头柜+鞋柜+茶几:1,	
餐边柜+书柜+窗+门:1,	
书柜+床+斗柜+文件柜:1,	
床+鞋柜+沙发:1,	
货架+沙发:1,	
窗+摆件+花瓶+挂件+门:1,	
货架+书架+展柜:1,	
摆件+花瓶+鞋柜+电视柜:1,	
摆件+电视柜+前台+工艺品:1,	
书柜+保险柜+办公桌+文件柜:1,	
花洒+浴缸+凳:1,	
书柜+更衣柜+衣柜+斗柜+文件柜:1,	
餐桌+书柜+床+沙发+斗柜:1,	
置物架+衣橱+更衣柜+衣柜+门:1,	
餐桌+窗+置物架:1,	
摆件+花瓶+花艺+茶几+斗柜:1,	
置物架+浴室柜+橱柜:1,	
餐边柜+餐桌+床+床头柜+茶几+电视柜:1,	
书架+层架+置物架+工艺品:1,	
书架+浴室柜+花架+门:1,	
书柜+衣柜+橱柜+文件柜:1,	
餐桌+花瓶+茶几+前台+办公桌+门:1,	
窗+置物架+橱柜+门:1,	
置物架+衣柜+衣帽架+花架:1,	
餐边柜+床+床头柜+边桌:1,	
书架+床+床头柜+梳妆台+茶几+凳:1,	
书架+窗+摆件+门:1,	
餐桌+电视柜+办公桌:1,	
failed 95373
1 摆件工艺品 72947
2 浴室柜 18987
3 花架 15898
4 凳 76832
5 更衣柜 4429
6 角几边桌茶几 75978
7 衣橱衣柜 263888
8 智能家居 3555
9 沙发 248227
10 报刊架 1846
11 水槽 18864
12 文件柜 30410
13 前台 405
14 龙头花洒 5765
15 衣帽架衣架 25887
16 保险柜 1346
17 浴缸 6557
18 货架展示柜展柜货柜 10084
19 床 133812
20 写字台学习桌电脑桌办公桌 75165
21 浴霸 8265
22 梳妆台 14775
23 格架书架书柜 97404
24 餐椅 24173
25 窗 208352
26 钥匙箱 17
27 床头柜 85212
28 餐边柜橱柜厨柜 76596
29 洗面盆洗脸盆 410
30 摇椅 1766
31 棋牌桌麻将桌 285
32 层架置物架 64370
33 枕巾被罩床笠床裙床品套件床单床罩被套枕套 3161
34 电脑椅办公椅 23079
35 地板 47067
36 餐桌 27585
37 挂件 6292
38 门 233021
39 屏风 9640
40 鞋柜鞋架 75915
41 马桶坐便器 17338
42 斗柜 28985
43 折叠椅 586
44 淋浴房 256
45 花瓶花艺 15416
46 照片墙相框 19610
47 地暖 61
48 壁炉 113
49 电视柜 34961
