[2018-01-30 18:54:12,130 - DEBUG mysql_handle.py:17 - connect]: user: root, passwd:reload123, host:192.168.1.12, port:3306
2406174
0 done
cat_time: 0 attr_time: 0 io_time: 0
100000 done
cat_time: 179.984838009 attr_time: 154.70957756 io_time: 0.521005630493
200000 done
cat_time: 193.967617035 attr_time: 175.988523483 io_time: 0.5246052742
300000 done
cat_time: 125.530204058 attr_time: 104.236181736 io_time: 0.469559192657
400000 done
cat_time: 170.350879908 attr_time: 163.967205286 io_time: 0.503617525101
500000 done
cat_time: 126.583856106 attr_time: 100.121576309 io_time: 0.495301961899
600000 done
cat_time: 173.080783606 attr_time: 142.283802032 io_time: 0.508232116699
700000 done
cat_time: 156.067643881 attr_time: 128.623855114 io_time: 0.500885725021
800000 done
cat_time: 174.732443571 attr_time: 170.585229158 io_time: 0.516015291214
900000 done
cat_time: 173.744823933 attr_time: 156.111721754 io_time: 0.521918058395
1000000 done
cat_time: 144.941891909 attr_time: 141.506446838 io_time: 0.481559276581
1100000 done
cat_time: 132.108398199 attr_time: 114.88894248 io_time: 0.486829519272
1200000 done
cat_time: 125.202003002 attr_time: 103.244813919 io_time: 0.468663930893
1300000 done
cat_time: 152.004426241 attr_time: 135.608721733 io_time: 0.505163908005
1400000 done
cat_time: 158.072035551 attr_time: 126.289411068 io_time: 0.515825748444
1500000 done
cat_time: 111.304570436 attr_time: 76.6051404476 io_time: 0.47123003006
1600000 done
cat_time: 94.0095243454 attr_time: 55.8541982174 io_time: 0.462322235107
1700000 done
cat_time: 107.313817978 attr_time: 64.7188510895 io_time: 0.465899705887
1800000 done
cat_time: 104.293930054 attr_time: 83.9380512238 io_time: 0.460313796997
1900000 done
cat_time: 159.988701105 attr_time: 134.808858633 io_time: 0.507568597794
2000000 done
cat_time: 173.152696848 attr_time: 156.586386681 io_time: 0.512930870056
2100000 done
cat_time: 137.173461437 attr_time: 99.1731097698 io_time: 0.495557546616
2200000 done
cat_time: 204.281796455 attr_time: 151.540538311 io_time: 0.558623313904
2300000 done
cat_time: 206.154141426 attr_time: 179.483550549 io_time: 0.557662248611
2400000 done
cat_time: 213.461432457 attr_time: 176.142948866 io_time: 0.561810493469
[2018-01-30 20:53:45,665 - DEBUG mysql_handle.py:17 - connect]: user: root, passwd:reload123, host:192.168.1.12, port:3306
1211108
0 done
cat_time: 0 attr_time: 0 io_time: 0
100000 done
cat_time: 146.420148134 attr_time: 99.8361604214 io_time: 0.544362068176
200000 done
cat_time: 185.543435097 attr_time: 148.839201689 io_time: 0.557894706726
300000 done
cat_time: 161.529572964 attr_time: 106.493888617 io_time: 0.534186840057
400000 done
cat_time: 146.957683086 attr_time: 116.481682062 io_time: 0.505898237228
500000 done
cat_time: 189.199380875 attr_time: 148.927743673 io_time: 0.557542562485
600000 done
cat_time: 195.041814327 attr_time: 187.485963345 io_time: 0.548160552979
700000 done
cat_time: 203.531434059 attr_time: 189.865710258 io_time: 0.556004285812
800000 done
cat_time: 214.465705395 attr_time: 193.056330681 io_time: 0.5715239048
900000 done
cat_time: 77.2037503719 attr_time: 53.7991096973 io_time: 0.437713861465
1000000 done
cat_time: 162.082507372 attr_time: 126.633138895 io_time: 0.520695924759
1100000 done
cat_time: 151.026801825 attr_time: 136.131094456 io_time: 0.505487203598
1200000 done
cat_time: 106.82898283 attr_time: 69.131598711 io_time: 0.45929312706
failed 190105
1 摆件工艺品 160103
2 浴室柜 30169
3 花架 23013
4 凳 192262
5 更衣柜 11409
6 角几边桌茶几 117893
7 衣橱衣柜 304256
8 智能家居 5213
9 沙发 539063
10 报刊架 2683
11 水槽 31482
12 文件柜 64588
13 前台 2089
14 龙头花洒 19010
15 衣帽架衣架 60607
16 保险柜 2367
17 浴缸 12703
18 货架展示柜展柜货柜 25802
19 床 202281
20 写字台学习桌电脑桌办公桌 119665
21 浴霸 14254
22 梳妆台 23150
23 格架书架书柜 152114
24 餐椅 57708
25 窗 127092
26 钥匙箱 139
27 床头柜 95263
28 餐边柜橱柜厨柜 82682
29 洗面盆洗脸盆 23057
30 摇椅 3580
31 棋牌桌麻将桌 1882
32 置物架层架 103815
33 枕巾被罩床笠床裙床品套件床单床罩被套枕套 9998
34 电脑椅办公椅 52795
35 地板 35202
36 餐桌 70101
37 挂件 19273
38 门 268278
39 屏风 11925
40 鞋柜鞋架 118218
41 马桶坐便器 36324
42 储物柜斗柜 70604
43 折叠椅 1803
44 淋浴房 293
45 花瓶花艺 30171
46 照片墙相框 31179
47 地暖 3180
48 壁炉 17650
49 电视柜 38789
3427177 0
家具结构 :
    曲木结构: 5326
    箱框结构: 68186
    支架结构: 150253
    编织/缠绕/捆扎结构: 11299
    组装: 17225
    其他/other: 17293
    整装: 3673
    无框架结构: 2266
    框架结构: 433561
款式定位 :
    经济型: 699806
    品质奢华型: 326636
    艺术风格型: 307632
结构工艺 :
    木质工艺: 188402
    条形: 0
    方形: 0
    直角: 0
    正方形: 0
    片状: 0
    竹藤工艺: 6965
    其他/other: 0
    长方形面: 0
    不规则: 0
    其他: 37570
    圆桶形: 0
    金属工艺: 59148
    U形: 0
    无: 1501
    椭圆形: 0
    异形: 0
    长方形: 0
    塑料工艺: 8400
    人造板工艺: 44107
    圆形: 0
    卷材: 0
流行元素 :
    复古风: 4229
    coulorful: 3940
    小清新: 8932
    宫廷风: 2057
    车缝线: 0
    马卡龙色: 11081
    粉嫩少女心: 1301
    田园风: 11677
    卡通: 7837
    纯色: 18915
    皮革拼接: 0
外观造型 :
    动物: 31671
    植物: 14664
    人物: 16984
    其他: 29026
    卡通: 4453
图案 :
    文字: 6000
    动物图案: 33291
    大花: 31
    风景: 36657
    字母: 5886
    大马士革: 57
    木纹: 109
    动物: 33793
    各国风情: 9190
    圆圈: 892
    碎花: 110
    几何图案: 12277
    静物: 7168
    其他/other: 12491
    Bar/小熊: 0
    叶子: 1197
    其他: 253572
    建筑: 2016
    品牌LOGO: 10876
    艺术: 225069
    人物: 9154
    草: 1119
    仿石纹: 67
    条纹: 9331
    植物花卉: 146994
    喜庆: 747
    格子: 2920
    卡通动漫: 19388
    心形: 1679
    童趣/玩具: 12034
    纯色: 26941
    刊物: 3870
    抽象图案: 194978
    民俗民风: 9336
设计元素 :
    民俗: 91740
    卯榫: 201797
    金箔: 25092
    异形: 72686
    罗马柱: 34121
    做旧: 197286
    雕花: 171377
    古董: 44393
    手绘: 69307
    金属: 152538
    其他 大师设计 拼接: 5004
    拼接: 207213
    镜面: 37521
    其他: 269998
    原木: 377601
    银箔: 25184
    藤: 36899
    大师设计: 698995
    卯榫 原木 大师设计: 25652
风格 :
    休闲: 0
    日韩: 6390
    卡通: 11023
    韩式风: 3238
    地中海: 23884
    现代中式: 113999
    北欧: 163954
    简约现代: 936277
    简约: 964367
    新古典: 39757
    通勤: 0
    其他/other: 7387
    后现代: 139
    韩版: 224
    其他: 36628
    欧式: 278341
    欧美: 6834
    美式乡村: 208988
    北欧风格: 38274
    西欧风情: 1129
    明清古典: 46149
    中式: 166616
    东南亚: 18011
    工业风: 803
    古典: 88446
    时尚潮流: 0
    甜美: 69
    日式: 37149
    中国风: 5484
    卡通风: 9907
    美式: 231428
    美式简约: 46
    现代: 1054168
    韩式: 32135
    复古怀旧: 44458
    民族风: 2177
    新中式: 18780
    田园: 121098
饰面材质 :
    皮革: 39022
    布: 24542
    其他: 154338
    复合面料: 9185
    木: 145991
    其他/other: 48183
    实木皮饰面: 14605
    玻璃: 29789
    PVC: 17320
    三聚氰胺板: 25730
    人造板: 88138
    大理石: 11644
